ARM GAS  /tmp/ccaQECfI.s 			page 1


   1              		.cpu cortex-m3
   2              		.eabi_attribute 20, 1
   3              		.eabi_attribute 21, 1
   4              		.eabi_attribute 23, 3
   5              		.eabi_attribute 24, 1
   6              		.eabi_attribute 25, 1
   7              		.eabi_attribute 26, 1
   8              		.eabi_attribute 30, 6
   9              		.eabi_attribute 34, 1
  10              		.eabi_attribute 18, 4
  11              		.file	"crt1.c"
  12              		.file 1 "/opt/gcc-arm-none-eabi-9-2020-q2-update/arm-none-eabi/include/machine/_default_types.h"
  13              		.file 2 "/opt/gcc-arm-none-eabi-9-2020-q2-update/arm-none-eabi/include/sys/_stdint.h"
  14              		.file 3 "ChibiOS/os/common/ext/ARM/CMSIS/Core/Include/core_cm3.h"
  15              		.file 4 "ChibiOS/os/common/ext/ST/STM32F1xx/system_stm32f1xx.h"
  16              		.file 5 "ChibiOS/os/common/startup/ARMCMx/compilers/GCC/crt1.c"
  17              		.section	.gnu.debuglto_.debug_info,"e",%progbits
  18              	.Ldebug_info0:
  19              		.hidden	crt1.c.69a0ee4b
  20              		.weak	crt1.c.69a0ee4b
  21              	crt1.c.69a0ee4b:
  22 0000 59030000 		.4byte	0x359
  23 0004 0400     		.2byte	0x4
  24 0006 00000000 		.4byte	.Ldebug_abbrev0
  25 000a 04       		.byte	0x4
  26 000b 01       		.uleb128 0x1
  27 000c 21000000 		.4byte	.LASF60
  28 0010 0C       		.byte	0xc
  29 0011 19030000 		.4byte	.LASF61
  30 0015 BB030000 		.4byte	.LASF62
  31 0019 00000000 		.4byte	.Ldebug_line0
  32 001d 02       		.uleb128 0x2
  33 001e 01       		.byte	0x1
  34 001f 06       		.byte	0x6
  35 0020 78020000 		.4byte	.LASF0
  36 0024 03       		.uleb128 0x3
  37 0025 01020000 		.4byte	.LASF4
  38 0029 01       		.byte	0x1
  39 002a 2B       		.byte	0x2b
  40 002b 18       		.byte	0x18
  41 002c 30000000 		.4byte	0x30
  42 0030 02       		.uleb128 0x2
  43 0031 01       		.byte	0x1
  44 0032 08       		.byte	0x8
  45 0033 3D020000 		.4byte	.LASF1
  46 0037 02       		.uleb128 0x2
  47 0038 02       		.byte	0x2
  48 0039 05       		.byte	0x5
  49 003a FD000000 		.4byte	.LASF2
  50 003e 02       		.uleb128 0x2
  51 003f 02       		.byte	0x2
  52 0040 07       		.byte	0x7
  53 0041 64030000 		.4byte	.LASF3
  54 0045 03       		.uleb128 0x3
  55 0046 2D040000 		.4byte	.LASF5
  56 004a 01       		.byte	0x1
  57 004b 4D       		.byte	0x4d
ARM GAS  /tmp/ccaQECfI.s 			page 2


  58 004c 18       		.byte	0x18
  59 004d 51000000 		.4byte	0x51
  60 0051 02       		.uleb128 0x2
  61 0052 04       		.byte	0x4
  62 0053 05       		.byte	0x5
  63 0054 CD010000 		.4byte	.LASF6
  64 0058 03       		.uleb128 0x3
  65 0059 18010000 		.4byte	.LASF7
  66 005d 01       		.byte	0x1
  67 005e 4F       		.byte	0x4f
  68 005f 19       		.byte	0x19
  69 0060 64000000 		.4byte	0x64
  70 0064 02       		.uleb128 0x2
  71 0065 04       		.byte	0x4
  72 0066 07       		.byte	0x7
  73 0067 C0020000 		.4byte	.LASF8
  74 006b 02       		.uleb128 0x2
  75 006c 08       		.byte	0x8
  76 006d 05       		.byte	0x5
  77 006e 85010000 		.4byte	.LASF9
  78 0072 02       		.uleb128 0x2
  79 0073 08       		.byte	0x8
  80 0074 07       		.byte	0x7
  81 0075 84020000 		.4byte	.LASF10
  82 0079 04       		.uleb128 0x4
  83 007a 04       		.byte	0x4
  84 007b 05       		.byte	0x5
  85 007c 696E7400 		.ascii	"int\000"
  86 0080 02       		.uleb128 0x2
  87 0081 04       		.byte	0x4
  88 0082 07       		.byte	0x7
  89 0083 B3020000 		.4byte	.LASF11
  90 0087 03       		.uleb128 0x3
  91 0088 42010000 		.4byte	.LASF12
  92 008c 02       		.byte	0x2
  93 008d 18       		.byte	0x18
  94 008e 13       		.byte	0x13
  95 008f 24000000 		.4byte	0x24
  96 0093 05       		.uleb128 0x5
  97 0094 87000000 		.4byte	0x87
  98 0098 03       		.uleb128 0x3
  99 0099 5C030000 		.4byte	.LASF13
 100 009d 02       		.byte	0x2
 101 009e 2C       		.byte	0x2c
 102 009f 13       		.byte	0x13
 103 00a0 45000000 		.4byte	0x45
 104 00a4 06       		.uleb128 0x6
 105 00a5 98000000 		.4byte	0x98
 106 00a9 03       		.uleb128 0x3
 107 00aa 9B020000 		.4byte	.LASF14
 108 00ae 02       		.byte	0x2
 109 00af 30       		.byte	0x30
 110 00b0 14       		.byte	0x14
 111 00b1 58000000 		.4byte	0x58
 112 00b5 07       		.uleb128 0x7
 113 00b6 10040000 		.4byte	.LASF15
 114 00ba 03       		.byte	0x3
ARM GAS  /tmp/ccaQECfI.s 			page 3


 115 00bb 4807     		.2byte	0x748
 116 00bd 19       		.byte	0x19
 117 00be A4000000 		.4byte	0xa4
 118 00c2 08       		.uleb128 0x8
 119 00c3 9D030000 		.4byte	.LASF16
 120 00c7 04       		.byte	0x4
 121 00c8 45       		.byte	0x45
 122 00c9 11       		.byte	0x11
 123 00ca A9000000 		.4byte	0xa9
 124 00ce 09       		.uleb128 0x9
 125 00cf 93000000 		.4byte	0x93
 126 00d3 DE000000 		.4byte	0xde
 127 00d7 0A       		.uleb128 0xa
 128 00d8 80000000 		.4byte	0x80
 129 00dc 0F       		.byte	0xf
 130 00dd 00       		.byte	0
 131 00de 05       		.uleb128 0x5
 132 00df CE000000 		.4byte	0xce
 133 00e3 08       		.uleb128 0x8
 134 00e4 E0030000 		.4byte	.LASF17
 135 00e8 04       		.byte	0x4
 136 00e9 46       		.byte	0x46
 137 00ea 17       		.byte	0x17
 138 00eb DE000000 		.4byte	0xde
 139 00ef 09       		.uleb128 0x9
 140 00f0 93000000 		.4byte	0x93
 141 00f4 FF000000 		.4byte	0xff
 142 00f8 0A       		.uleb128 0xa
 143 00f9 80000000 		.4byte	0x80
 144 00fd 07       		.byte	0x7
 145 00fe 00       		.byte	0
 146 00ff 05       		.uleb128 0x5
 147 0100 EF000000 		.4byte	0xef
 148 0104 08       		.uleb128 0x8
 149 0105 6A020000 		.4byte	.LASF18
 150 0109 04       		.byte	0x4
 151 010a 47       		.byte	0x47
 152 010b 17       		.byte	0x17
 153 010c FF000000 		.4byte	0xff
 154 0110 0B       		.uleb128 0xb
 155 0111 10       		.byte	0x10
 156 0112 05       		.byte	0x5
 157 0113 39       		.byte	0x39
 158 0114 09       		.byte	0x9
 159 0115 4E010000 		.4byte	0x14e
 160 0119 0C       		.uleb128 0xc
 161 011a 80040000 		.4byte	.LASF19
 162 011e 05       		.byte	0x5
 163 011f 3A       		.byte	0x3a
 164 0120 1A       		.byte	0x1a
 165 0121 4E010000 		.4byte	0x14e
 166 0125 00       		.byte	0
 167 0126 0C       		.uleb128 0xc
 168 0127 76040000 		.4byte	.LASF20
 169 012b 05       		.byte	0x5
 170 012c 3B       		.byte	0x3b
 171 012d 1A       		.byte	0x1a
ARM GAS  /tmp/ccaQECfI.s 			page 4


 172 012e 4E010000 		.4byte	0x14e
 173 0132 04       		.byte	0x4
 174 0133 0C       		.uleb128 0xc
 175 0134 F2000000 		.4byte	.LASF21
 176 0138 05       		.byte	0x5
 177 0139 3C       		.byte	0x3c
 178 013a 1A       		.byte	0x1a
 179 013b 4E010000 		.4byte	0x14e
 180 013f 08       		.byte	0x8
 181 0140 0C       		.uleb128 0xc
 182 0141 A2010000 		.4byte	.LASF22
 183 0145 05       		.byte	0x5
 184 0146 3D       		.byte	0x3d
 185 0147 1A       		.byte	0x1a
 186 0148 4E010000 		.4byte	0x14e
 187 014c 0C       		.byte	0xc
 188 014d 00       		.byte	0
 189 014e 0D       		.uleb128 0xd
 190 014f 04       		.byte	0x4
 191 0150 A9000000 		.4byte	0xa9
 192 0154 03       		.uleb128 0x3
 193 0155 AF010000 		.4byte	.LASF23
 194 0159 05       		.byte	0x5
 195 015a 3E       		.byte	0x3e
 196 015b 03       		.byte	0x3
 197 015c 10010000 		.4byte	0x110
 198 0160 05       		.uleb128 0x5
 199 0161 54010000 		.4byte	0x154
 200 0165 08       		.uleb128 0x8
 201 0166 8A030000 		.4byte	.LASF24
 202 016a 05       		.byte	0x5
 203 016b 45       		.byte	0x45
 204 016c 11       		.byte	0x11
 205 016d A9000000 		.4byte	0xa9
 206 0171 08       		.uleb128 0x8
 207 0172 13000000 		.4byte	.LASF25
 208 0176 05       		.byte	0x5
 209 0177 45       		.byte	0x45
 210 0178 25       		.byte	0x25
 211 0179 A9000000 		.4byte	0xa9
 212 017d 08       		.uleb128 0x8
 213 017e EE030000 		.4byte	.LASF26
 214 0182 05       		.byte	0x5
 215 0183 45       		.byte	0x45
 216 0184 34       		.byte	0x34
 217 0185 A9000000 		.4byte	0xa9
 218 0189 08       		.uleb128 0x8
 219 018a 5A020000 		.4byte	.LASF27
 220 018e 05       		.byte	0x5
 221 018f 45       		.byte	0x45
 222 0190 44       		.byte	0x44
 223 0191 A9000000 		.4byte	0xa9
 224 0195 08       		.uleb128 0x8
 225 0196 2A020000 		.4byte	.LASF28
 226 019a 05       		.byte	0x5
 227 019b 48       		.byte	0x48
 228 019c 11       		.byte	0x11
ARM GAS  /tmp/ccaQECfI.s 			page 5


 229 019d A9000000 		.4byte	0xa9
 230 01a1 08       		.uleb128 0x8
 231 01a2 BF010000 		.4byte	.LASF29
 232 01a6 05       		.byte	0x5
 233 01a7 48       		.byte	0x48
 234 01a8 25       		.byte	0x25
 235 01a9 A9000000 		.4byte	0xa9
 236 01ad 08       		.uleb128 0x8
 237 01ae F2010000 		.4byte	.LASF30
 238 01b2 05       		.byte	0x5
 239 01b3 48       		.byte	0x48
 240 01b4 34       		.byte	0x34
 241 01b5 A9000000 		.4byte	0xa9
 242 01b9 08       		.uleb128 0x8
 243 01ba 37040000 		.4byte	.LASF31
 244 01be 05       		.byte	0x5
 245 01bf 48       		.byte	0x48
 246 01c0 44       		.byte	0x44
 247 01c1 A9000000 		.4byte	0xa9
 248 01c5 08       		.uleb128 0x8
 249 01c6 CD030000 		.4byte	.LASF32
 250 01ca 05       		.byte	0x5
 251 01cb 4B       		.byte	0x4b
 252 01cc 11       		.byte	0x11
 253 01cd A9000000 		.4byte	0xa9
 254 01d1 08       		.uleb128 0x8
 255 01d2 AD030000 		.4byte	.LASF33
 256 01d6 05       		.byte	0x5
 257 01d7 4B       		.byte	0x4b
 258 01d8 25       		.byte	0x25
 259 01d9 A9000000 		.4byte	0xa9
 260 01dd 08       		.uleb128 0x8
 261 01de 1B020000 		.4byte	.LASF34
 262 01e2 05       		.byte	0x5
 263 01e3 4B       		.byte	0x4b
 264 01e4 34       		.byte	0x34
 265 01e5 A9000000 		.4byte	0xa9
 266 01e9 08       		.uleb128 0x8
 267 01ea 75010000 		.4byte	.LASF35
 268 01ee 05       		.byte	0x5
 269 01ef 4B       		.byte	0x4b
 270 01f0 44       		.byte	0x44
 271 01f1 A9000000 		.4byte	0xa9
 272 01f5 08       		.uleb128 0x8
 273 01f6 63040000 		.4byte	.LASF36
 274 01fa 05       		.byte	0x5
 275 01fb 4E       		.byte	0x4e
 276 01fc 11       		.byte	0x11
 277 01fd A9000000 		.4byte	0xa9
 278 0201 08       		.uleb128 0x8
 279 0202 E4000000 		.4byte	.LASF37
 280 0206 05       		.byte	0x5
 281 0207 4E       		.byte	0x4e
 282 0208 25       		.byte	0x25
 283 0209 A9000000 		.4byte	0xa9
 284 020d 08       		.uleb128 0x8
 285 020e 4B020000 		.4byte	.LASF38
ARM GAS  /tmp/ccaQECfI.s 			page 6


 286 0212 05       		.byte	0x5
 287 0213 4E       		.byte	0x4e
 288 0214 34       		.byte	0x34
 289 0215 A9000000 		.4byte	0xa9
 290 0219 08       		.uleb128 0x8
 291 021a 23010000 		.4byte	.LASF39
 292 021e 05       		.byte	0x5
 293 021f 4E       		.byte	0x4e
 294 0220 44       		.byte	0x44
 295 0221 A9000000 		.4byte	0xa9
 296 0225 08       		.uleb128 0x8
 297 0226 FD030000 		.4byte	.LASF40
 298 022a 05       		.byte	0x5
 299 022b 51       		.byte	0x51
 300 022c 11       		.byte	0x11
 301 022d A9000000 		.4byte	0xa9
 302 0231 08       		.uleb128 0x8
 303 0232 47040000 		.4byte	.LASF41
 304 0236 05       		.byte	0x5
 305 0237 51       		.byte	0x51
 306 0238 25       		.byte	0x25
 307 0239 A9000000 		.4byte	0xa9
 308 023d 08       		.uleb128 0x8
 309 023e 33010000 		.4byte	.LASF42
 310 0242 05       		.byte	0x5
 311 0243 51       		.byte	0x51
 312 0244 34       		.byte	0x34
 313 0245 A9000000 		.4byte	0xa9
 314 0249 08       		.uleb128 0x8
 315 024a EC020000 		.4byte	.LASF43
 316 024e 05       		.byte	0x5
 317 024f 51       		.byte	0x51
 318 0250 44       		.byte	0x44
 319 0251 A9000000 		.4byte	0xa9
 320 0255 08       		.uleb128 0x8
 321 0256 00000000 		.4byte	.LASF44
 322 025a 05       		.byte	0x5
 323 025b 54       		.byte	0x54
 324 025c 11       		.byte	0x11
 325 025d A9000000 		.4byte	0xa9
 326 0261 08       		.uleb128 0x8
 327 0262 4A010000 		.4byte	.LASF45
 328 0266 05       		.byte	0x5
 329 0267 54       		.byte	0x54
 330 0268 25       		.byte	0x25
 331 0269 A9000000 		.4byte	0xa9
 332 026d 08       		.uleb128 0x8
 333 026e A4020000 		.4byte	.LASF46
 334 0272 05       		.byte	0x5
 335 0273 54       		.byte	0x54
 336 0274 34       		.byte	0x34
 337 0275 A9000000 		.4byte	0xa9
 338 0279 08       		.uleb128 0x8
 339 027a 0B020000 		.4byte	.LASF47
 340 027e 05       		.byte	0x5
 341 027f 54       		.byte	0x54
 342 0280 44       		.byte	0x44
ARM GAS  /tmp/ccaQECfI.s 			page 7


 343 0281 A9000000 		.4byte	0xa9
 344 0285 08       		.uleb128 0x8
 345 0286 62010000 		.4byte	.LASF48
 346 028a 05       		.byte	0x5
 347 028b 57       		.byte	0x57
 348 028c 11       		.byte	0x11
 349 028d A9000000 		.4byte	0xa9
 350 0291 08       		.uleb128 0x8
 351 0292 FC020000 		.4byte	.LASF49
 352 0296 05       		.byte	0x5
 353 0297 57       		.byte	0x57
 354 0298 25       		.byte	0x25
 355 0299 A9000000 		.4byte	0xa9
 356 029d 08       		.uleb128 0x8
 357 029e DD020000 		.4byte	.LASF50
 358 02a2 05       		.byte	0x5
 359 02a3 57       		.byte	0x57
 360 02a4 34       		.byte	0x34
 361 02a5 A9000000 		.4byte	0xa9
 362 02a9 08       		.uleb128 0x8
 363 02aa E2010000 		.4byte	.LASF51
 364 02ae 05       		.byte	0x5
 365 02af 57       		.byte	0x57
 366 02b0 44       		.byte	0x44
 367 02b1 A9000000 		.4byte	0xa9
 368 02b5 08       		.uleb128 0x8
 369 02b6 77030000 		.4byte	.LASF52
 370 02ba 05       		.byte	0x5
 371 02bb 5A       		.byte	0x5a
 372 02bc 11       		.byte	0x11
 373 02bd A9000000 		.4byte	0xa9
 374 02c1 08       		.uleb128 0x8
 375 02c2 55040000 		.4byte	.LASF53
 376 02c6 05       		.byte	0x5
 377 02c7 5A       		.byte	0x5a
 378 02c8 25       		.byte	0x25
 379 02c9 A9000000 		.4byte	0xa9
 380 02cd 08       		.uleb128 0x8
 381 02ce 0A030000 		.4byte	.LASF54
 382 02d2 05       		.byte	0x5
 383 02d3 5A       		.byte	0x5a
 384 02d4 34       		.byte	0x34
 385 02d5 A9000000 		.4byte	0xa9
 386 02d9 08       		.uleb128 0x8
 387 02da 1D040000 		.4byte	.LASF55
 388 02de 05       		.byte	0x5
 389 02df 5A       		.byte	0x5a
 390 02e0 44       		.byte	0x44
 391 02e1 A9000000 		.4byte	0xa9
 392 02e5 09       		.uleb128 0x9
 393 02e6 60010000 		.4byte	0x160
 394 02ea F5020000 		.4byte	0x2f5
 395 02ee 0A       		.uleb128 0xa
 396 02ef 80000000 		.4byte	0x80
 397 02f3 07       		.byte	0x7
 398 02f4 00       		.byte	0
 399 02f5 05       		.uleb128 0x5
ARM GAS  /tmp/ccaQECfI.s 			page 8


 400 02f6 E5020000 		.4byte	0x2e5
 401 02fa 0E       		.uleb128 0xe
 402 02fb 58010000 		.4byte	.LASF56
 403 02ff 05       		.byte	0x5
 404 0300 61       		.byte	0x61
 405 0301 1E       		.byte	0x1e
 406 0302 F5020000 		.4byte	0x2f5
 407 0306 0F       		.uleb128 0xf
 408 0307 07010000 		.4byte	.LASF63
 409 030b 05       		.byte	0x5
 410 030c EC       		.byte	0xec
 411 030d 06       		.byte	0x6
 412 030e 36030000 		.4byte	0x336
 413 0312 10       		.uleb128 0x10
 414 0313 72617000 		.ascii	"rap\000"
 415 0317 05       		.byte	0x5
 416 0318 EE       		.byte	0xee
 417 0319 1A       		.byte	0x1a
 418 031a 36030000 		.4byte	0x336
 419 031e 11       		.uleb128 0x11
 420 031f 10       		.uleb128 0x10
 421 0320 747000   		.ascii	"tp\000"
 422 0323 05       		.byte	0x5
 423 0324 F1       		.byte	0xf1
 424 0325 0F       		.byte	0xf
 425 0326 4E010000 		.4byte	0x14e
 426 032a 10       		.uleb128 0x10
 427 032b 7000     		.ascii	"p\000"
 428 032d 05       		.byte	0x5
 429 032e F2       		.byte	0xf2
 430 032f 0F       		.byte	0xf
 431 0330 4E010000 		.4byte	0x14e
 432 0334 00       		.byte	0
 433 0335 00       		.byte	0
 434 0336 0D       		.uleb128 0xd
 435 0337 04       		.byte	0x4
 436 0338 60010000 		.4byte	0x160
 437 033c 12       		.uleb128 0x12
 438 033d 93010000 		.4byte	.LASF64
 439 0341 05       		.byte	0x5
 440 0342 BB       		.byte	0xbb
 441 0343 06       		.byte	0x6
 442 0344 13       		.uleb128 0x13
 443 0345 D6010000 		.4byte	.LASF57
 444 0349 05       		.byte	0x5
 445 034a AE       		.byte	0xae
 446 034b 06       		.byte	0x6
 447 034c 13       		.uleb128 0x13
 448 034d 4F030000 		.4byte	.LASF58
 449 0351 05       		.byte	0x5
 450 0352 A0       		.byte	0xa0
 451 0353 06       		.byte	0x6
 452 0354 13       		.uleb128 0x13
 453 0355 D2020000 		.4byte	.LASF59
 454 0359 05       		.byte	0x5
 455 035a 8D       		.byte	0x8d
 456 035b 06       		.byte	0x6
ARM GAS  /tmp/ccaQECfI.s 			page 9


 457 035c 00       		.byte	0
 458              		.section	.gnu.debuglto_.debug_abbrev,"e",%progbits
 459              	.Ldebug_abbrev0:
 460 0000 01       		.uleb128 0x1
 461 0001 11       		.uleb128 0x11
 462 0002 01       		.byte	0x1
 463 0003 25       		.uleb128 0x25
 464 0004 0E       		.uleb128 0xe
 465 0005 13       		.uleb128 0x13
 466 0006 0B       		.uleb128 0xb
 467 0007 03       		.uleb128 0x3
 468 0008 0E       		.uleb128 0xe
 469 0009 1B       		.uleb128 0x1b
 470 000a 0E       		.uleb128 0xe
 471 000b 10       		.uleb128 0x10
 472 000c 17       		.uleb128 0x17
 473 000d 00       		.byte	0
 474 000e 00       		.byte	0
 475 000f 02       		.uleb128 0x2
 476 0010 24       		.uleb128 0x24
 477 0011 00       		.byte	0
 478 0012 0B       		.uleb128 0xb
 479 0013 0B       		.uleb128 0xb
 480 0014 3E       		.uleb128 0x3e
 481 0015 0B       		.uleb128 0xb
 482 0016 03       		.uleb128 0x3
 483 0017 0E       		.uleb128 0xe
 484 0018 00       		.byte	0
 485 0019 00       		.byte	0
 486 001a 03       		.uleb128 0x3
 487 001b 16       		.uleb128 0x16
 488 001c 00       		.byte	0
 489 001d 03       		.uleb128 0x3
 490 001e 0E       		.uleb128 0xe
 491 001f 3A       		.uleb128 0x3a
 492 0020 0B       		.uleb128 0xb
 493 0021 3B       		.uleb128 0x3b
 494 0022 0B       		.uleb128 0xb
 495 0023 39       		.uleb128 0x39
 496 0024 0B       		.uleb128 0xb
 497 0025 49       		.uleb128 0x49
 498 0026 13       		.uleb128 0x13
 499 0027 00       		.byte	0
 500 0028 00       		.byte	0
 501 0029 04       		.uleb128 0x4
 502 002a 24       		.uleb128 0x24
 503 002b 00       		.byte	0
 504 002c 0B       		.uleb128 0xb
 505 002d 0B       		.uleb128 0xb
 506 002e 3E       		.uleb128 0x3e
 507 002f 0B       		.uleb128 0xb
 508 0030 03       		.uleb128 0x3
 509 0031 08       		.uleb128 0x8
 510 0032 00       		.byte	0
 511 0033 00       		.byte	0
 512 0034 05       		.uleb128 0x5
 513 0035 26       		.uleb128 0x26
ARM GAS  /tmp/ccaQECfI.s 			page 10


 514 0036 00       		.byte	0
 515 0037 49       		.uleb128 0x49
 516 0038 13       		.uleb128 0x13
 517 0039 00       		.byte	0
 518 003a 00       		.byte	0
 519 003b 06       		.uleb128 0x6
 520 003c 35       		.uleb128 0x35
 521 003d 00       		.byte	0
 522 003e 49       		.uleb128 0x49
 523 003f 13       		.uleb128 0x13
 524 0040 00       		.byte	0
 525 0041 00       		.byte	0
 526 0042 07       		.uleb128 0x7
 527 0043 34       		.uleb128 0x34
 528 0044 00       		.byte	0
 529 0045 03       		.uleb128 0x3
 530 0046 0E       		.uleb128 0xe
 531 0047 3A       		.uleb128 0x3a
 532 0048 0B       		.uleb128 0xb
 533 0049 3B       		.uleb128 0x3b
 534 004a 05       		.uleb128 0x5
 535 004b 39       		.uleb128 0x39
 536 004c 0B       		.uleb128 0xb
 537 004d 49       		.uleb128 0x49
 538 004e 13       		.uleb128 0x13
 539 004f 3F       		.uleb128 0x3f
 540 0050 19       		.uleb128 0x19
 541 0051 3C       		.uleb128 0x3c
 542 0052 19       		.uleb128 0x19
 543 0053 00       		.byte	0
 544 0054 00       		.byte	0
 545 0055 08       		.uleb128 0x8
 546 0056 34       		.uleb128 0x34
 547 0057 00       		.byte	0
 548 0058 03       		.uleb128 0x3
 549 0059 0E       		.uleb128 0xe
 550 005a 3A       		.uleb128 0x3a
 551 005b 0B       		.uleb128 0xb
 552 005c 3B       		.uleb128 0x3b
 553 005d 0B       		.uleb128 0xb
 554 005e 39       		.uleb128 0x39
 555 005f 0B       		.uleb128 0xb
 556 0060 49       		.uleb128 0x49
 557 0061 13       		.uleb128 0x13
 558 0062 3F       		.uleb128 0x3f
 559 0063 19       		.uleb128 0x19
 560 0064 3C       		.uleb128 0x3c
 561 0065 19       		.uleb128 0x19
 562 0066 00       		.byte	0
 563 0067 00       		.byte	0
 564 0068 09       		.uleb128 0x9
 565 0069 01       		.uleb128 0x1
 566 006a 01       		.byte	0x1
 567 006b 49       		.uleb128 0x49
 568 006c 13       		.uleb128 0x13
 569 006d 01       		.uleb128 0x1
 570 006e 13       		.uleb128 0x13
ARM GAS  /tmp/ccaQECfI.s 			page 11


 571 006f 00       		.byte	0
 572 0070 00       		.byte	0
 573 0071 0A       		.uleb128 0xa
 574 0072 21       		.uleb128 0x21
 575 0073 00       		.byte	0
 576 0074 49       		.uleb128 0x49
 577 0075 13       		.uleb128 0x13
 578 0076 2F       		.uleb128 0x2f
 579 0077 0B       		.uleb128 0xb
 580 0078 00       		.byte	0
 581 0079 00       		.byte	0
 582 007a 0B       		.uleb128 0xb
 583 007b 13       		.uleb128 0x13
 584 007c 01       		.byte	0x1
 585 007d 0B       		.uleb128 0xb
 586 007e 0B       		.uleb128 0xb
 587 007f 3A       		.uleb128 0x3a
 588 0080 0B       		.uleb128 0xb
 589 0081 3B       		.uleb128 0x3b
 590 0082 0B       		.uleb128 0xb
 591 0083 39       		.uleb128 0x39
 592 0084 0B       		.uleb128 0xb
 593 0085 01       		.uleb128 0x1
 594 0086 13       		.uleb128 0x13
 595 0087 00       		.byte	0
 596 0088 00       		.byte	0
 597 0089 0C       		.uleb128 0xc
 598 008a 0D       		.uleb128 0xd
 599 008b 00       		.byte	0
 600 008c 03       		.uleb128 0x3
 601 008d 0E       		.uleb128 0xe
 602 008e 3A       		.uleb128 0x3a
 603 008f 0B       		.uleb128 0xb
 604 0090 3B       		.uleb128 0x3b
 605 0091 0B       		.uleb128 0xb
 606 0092 39       		.uleb128 0x39
 607 0093 0B       		.uleb128 0xb
 608 0094 49       		.uleb128 0x49
 609 0095 13       		.uleb128 0x13
 610 0096 38       		.uleb128 0x38
 611 0097 0B       		.uleb128 0xb
 612 0098 00       		.byte	0
 613 0099 00       		.byte	0
 614 009a 0D       		.uleb128 0xd
 615 009b 0F       		.uleb128 0xf
 616 009c 00       		.byte	0
 617 009d 0B       		.uleb128 0xb
 618 009e 0B       		.uleb128 0xb
 619 009f 49       		.uleb128 0x49
 620 00a0 13       		.uleb128 0x13
 621 00a1 00       		.byte	0
 622 00a2 00       		.byte	0
 623 00a3 0E       		.uleb128 0xe
 624 00a4 34       		.uleb128 0x34
 625 00a5 00       		.byte	0
 626 00a6 03       		.uleb128 0x3
 627 00a7 0E       		.uleb128 0xe
ARM GAS  /tmp/ccaQECfI.s 			page 12


 628 00a8 3A       		.uleb128 0x3a
 629 00a9 0B       		.uleb128 0xb
 630 00aa 3B       		.uleb128 0x3b
 631 00ab 0B       		.uleb128 0xb
 632 00ac 39       		.uleb128 0x39
 633 00ad 0B       		.uleb128 0xb
 634 00ae 49       		.uleb128 0x49
 635 00af 13       		.uleb128 0x13
 636 00b0 00       		.byte	0
 637 00b1 00       		.byte	0
 638 00b2 0F       		.uleb128 0xf
 639 00b3 2E       		.uleb128 0x2e
 640 00b4 01       		.byte	0x1
 641 00b5 3F       		.uleb128 0x3f
 642 00b6 19       		.uleb128 0x19
 643 00b7 03       		.uleb128 0x3
 644 00b8 0E       		.uleb128 0xe
 645 00b9 3A       		.uleb128 0x3a
 646 00ba 0B       		.uleb128 0xb
 647 00bb 3B       		.uleb128 0x3b
 648 00bc 0B       		.uleb128 0xb
 649 00bd 39       		.uleb128 0x39
 650 00be 0B       		.uleb128 0xb
 651 00bf 27       		.uleb128 0x27
 652 00c0 19       		.uleb128 0x19
 653 00c1 01       		.uleb128 0x1
 654 00c2 13       		.uleb128 0x13
 655 00c3 00       		.byte	0
 656 00c4 00       		.byte	0
 657 00c5 10       		.uleb128 0x10
 658 00c6 34       		.uleb128 0x34
 659 00c7 00       		.byte	0
 660 00c8 03       		.uleb128 0x3
 661 00c9 08       		.uleb128 0x8
 662 00ca 3A       		.uleb128 0x3a
 663 00cb 0B       		.uleb128 0xb
 664 00cc 3B       		.uleb128 0x3b
 665 00cd 0B       		.uleb128 0xb
 666 00ce 39       		.uleb128 0x39
 667 00cf 0B       		.uleb128 0xb
 668 00d0 49       		.uleb128 0x49
 669 00d1 13       		.uleb128 0x13
 670 00d2 00       		.byte	0
 671 00d3 00       		.byte	0
 672 00d4 11       		.uleb128 0x11
 673 00d5 0B       		.uleb128 0xb
 674 00d6 01       		.byte	0x1
 675 00d7 00       		.byte	0
 676 00d8 00       		.byte	0
 677 00d9 12       		.uleb128 0x12
 678 00da 2E       		.uleb128 0x2e
 679 00db 00       		.byte	0
 680 00dc 3F       		.uleb128 0x3f
 681 00dd 19       		.uleb128 0x19
 682 00de 03       		.uleb128 0x3
 683 00df 0E       		.uleb128 0xe
 684 00e0 3A       		.uleb128 0x3a
ARM GAS  /tmp/ccaQECfI.s 			page 13


 685 00e1 0B       		.uleb128 0xb
 686 00e2 3B       		.uleb128 0x3b
 687 00e3 0B       		.uleb128 0xb
 688 00e4 39       		.uleb128 0x39
 689 00e5 0B       		.uleb128 0xb
 690 00e6 27       		.uleb128 0x27
 691 00e7 19       		.uleb128 0x19
 692 00e8 8701     		.uleb128 0x87
 693 00ea 19       		.uleb128 0x19
 694 00eb 00       		.byte	0
 695 00ec 00       		.byte	0
 696 00ed 13       		.uleb128 0x13
 697 00ee 2E       		.uleb128 0x2e
 698 00ef 00       		.byte	0
 699 00f0 3F       		.uleb128 0x3f
 700 00f1 19       		.uleb128 0x19
 701 00f2 03       		.uleb128 0x3
 702 00f3 0E       		.uleb128 0xe
 703 00f4 3A       		.uleb128 0x3a
 704 00f5 0B       		.uleb128 0xb
 705 00f6 3B       		.uleb128 0x3b
 706 00f7 0B       		.uleb128 0xb
 707 00f8 39       		.uleb128 0x39
 708 00f9 0B       		.uleb128 0xb
 709 00fa 27       		.uleb128 0x27
 710 00fb 19       		.uleb128 0x19
 711 00fc 00       		.byte	0
 712 00fd 00       		.byte	0
 713 00fe 00       		.byte	0
 714              		.section	.gnu.debuglto_.debug_line,"e",%progbits
 715              	.Ldebug_line0:
 716 0000 70010000 		.4byte	.LELT0-.LSLT0
 717              	.LSLT0:
 718 0004 0400     		.2byte	0x4
 719 0006 6A010000 		.4byte	.LELTP0-.LASLTP0
 720              	.LASLTP0:
 721 000a 01       		.byte	0x1
 722 000b 01       		.byte	0x1
 723 000c 01       		.byte	0x1
 724 000d F6       		.byte	0xf6
 725 000e F2       		.byte	0xf2
 726 000f 0D       		.byte	0xd
 727 0010 00       		.byte	0
 728 0011 01       		.byte	0x1
 729 0012 01       		.byte	0x1
 730 0013 01       		.byte	0x1
 731 0014 01       		.byte	0x1
 732 0015 00       		.byte	0
 733 0016 00       		.byte	0
 734 0017 00       		.byte	0
 735 0018 01       		.byte	0x1
 736 0019 00       		.byte	0
 737 001a 00       		.byte	0
 738 001b 01       		.byte	0x1
 739 001c 43686962 		.ascii	"ChibiOS/os/common/ext/ARM/CMSIS/Core/Include"
 739      694F532F 
 739      6F732F63 
ARM GAS  /tmp/ccaQECfI.s 			page 14


 739      6F6D6D6F 
 739      6E2F6578 
 740 0048 00       		.byte	0
 741 0049 43686962 		.ascii	"ChibiOS/os/common/ext/ST/STM32F1xx"
 741      694F532F 
 741      6F732F63 
 741      6F6D6D6F 
 741      6E2F6578 
 742 006b 00       		.byte	0
 743 006c 43686962 		.ascii	"ChibiOS/os/common/startup/ARMCMx/compilers/GCC"
 743      694F532F 
 743      6F732F63 
 743      6F6D6D6F 
 743      6E2F7374 
 744 009a 00       		.byte	0
 745 009b 2F6F7074 		.ascii	"/opt/gcc-arm-none-eabi-9-2020-q2-update/arm-none-ea"
 745      2F676363 
 745      2D61726D 
 745      2D6E6F6E 
 745      652D6561 
 746 00ce 62692F69 		.ascii	"bi/include/machine"
 746      6E636C75 
 746      64652F6D 
 746      61636869 
 746      6E65
 747 00e0 00       		.byte	0
 748 00e1 2F6F7074 		.ascii	"/opt/gcc-arm-none-eabi-9-2020-q2-update/arm-none-ea"
 748      2F676363 
 748      2D61726D 
 748      2D6E6F6E 
 748      652D6561 
 749 0114 62692F69 		.ascii	"bi/include/sys"
 749      6E636C75 
 749      64652F73 
 749      7973
 750 0122 00       		.byte	0
 751 0123 00       		.byte	0
 752 0124 5F646566 		.ascii	"_default_types.h\000"
 752      61756C74 
 752      5F747970 
 752      65732E68 
 752      00
 753 0135 04       		.uleb128 0x4
 754 0136 00       		.uleb128 0
 755 0137 00       		.uleb128 0
 756 0138 5F737464 		.ascii	"_stdint.h\000"
 756      696E742E 
 756      6800
 757 0142 05       		.uleb128 0x5
 758 0143 00       		.uleb128 0
 759 0144 00       		.uleb128 0
 760 0145 636F7265 		.ascii	"core_cm3.h\000"
 760      5F636D33 
 760      2E6800
 761 0150 01       		.uleb128 0x1
 762 0151 00       		.uleb128 0
 763 0152 00       		.uleb128 0
ARM GAS  /tmp/ccaQECfI.s 			page 15


 764 0153 73797374 		.ascii	"system_stm32f1xx.h\000"
 764      656D5F73 
 764      746D3332 
 764      66317878 
 764      2E6800
 765 0166 02       		.uleb128 0x2
 766 0167 00       		.uleb128 0
 767 0168 00       		.uleb128 0
 768 0169 63727431 		.ascii	"crt1.c\000"
 768      2E6300
 769 0170 03       		.uleb128 0x3
 770 0171 00       		.uleb128 0
 771 0172 00       		.uleb128 0
 772 0173 00       		.byte	0
 773              	.LELTP0:
 774              	.LELT0:
 775              		.section	.gnu.debuglto_.debug_str,"eMS",%progbits,1
 776              	.LASF44:
 777 0000 5F5F7261 		.ascii	"__ram5_init_text__\000"
 777      6D355F69 
 777      6E69745F 
 777      74657874 
 777      5F5F00
 778              	.LASF25:
 779 0013 5F5F7261 		.ascii	"__ram0_init__\000"
 779      6D305F69 
 779      6E69745F 
 779      5F00
 780              	.LASF60:
 781 0021 474E5520 		.ascii	"GNU C17 9.3.1 20200408 (release) -mcpu=cortex-m3 -m"
 781      43313720 
 781      392E332E 
 781      31203230 
 781      32303034 
 782 0054 7468756D 		.ascii	"thumb -mfloat-abi=soft -march=armv7-m -ggdb -O0 -fo"
 782      62202D6D 
 782      666C6F61 
 782      742D6162 
 782      693D736F 
 783 0087 6D69742D 		.ascii	"mit-frame-pointer -falign-functions=16 -ffunction-s"
 783      6672616D 
 783      652D706F 
 783      696E7465 
 783      72202D66 
 784 00ba 65637469 		.ascii	"ections -fdata-sections -fno-common -flto\000"
 784      6F6E7320 
 784      2D666461 
 784      74612D73 
 784      65637469 
 785              	.LASF37:
 786 00e4 5F5F7261 		.ascii	"__ram3_init__\000"
 786      6D335F69 
 786      6E69745F 
 786      5F00
 787              	.LASF21:
 788 00f2 636C6561 		.ascii	"clear_area\000"
 788      725F6172 
ARM GAS  /tmp/ccaQECfI.s 			page 16


 788      656100
 789              	.LASF2:
 790 00fd 73686F72 		.ascii	"short int\000"
 790      7420696E 
 790      7400
 791              	.LASF63:
 792 0107 5F5F696E 		.ascii	"__init_ram_areas\000"
 792      69745F72 
 792      616D5F61 
 792      72656173 
 792      00
 793              	.LASF7:
 794 0118 5F5F7569 		.ascii	"__uint32_t\000"
 794      6E743332 
 794      5F7400
 795              	.LASF39:
 796 0123 5F5F7261 		.ascii	"__ram3_noinit__\000"
 796      6D335F6E 
 796      6F696E69 
 796      745F5F00 
 797              	.LASF42:
 798 0133 5F5F7261 		.ascii	"__ram4_clear__\000"
 798      6D345F63 
 798      6C656172 
 798      5F5F00
 799              	.LASF12:
 800 0142 75696E74 		.ascii	"uint8_t\000"
 800      385F7400 
 801              	.LASF45:
 802 014a 5F5F7261 		.ascii	"__ram5_init__\000"
 802      6D355F69 
 802      6E69745F 
 802      5F00
 803              	.LASF56:
 804 0158 72616D5F 		.ascii	"ram_areas\000"
 804      61726561 
 804      7300
 805              	.LASF48:
 806 0162 5F5F7261 		.ascii	"__ram6_init_text__\000"
 806      6D365F69 
 806      6E69745F 
 806      74657874 
 806      5F5F00
 807              	.LASF35:
 808 0175 5F5F7261 		.ascii	"__ram2_noinit__\000"
 808      6D325F6E 
 808      6F696E69 
 808      745F5F00 
 809              	.LASF9:
 810 0185 6C6F6E67 		.ascii	"long long int\000"
 810      206C6F6E 
 810      6720696E 
 810      7400
 811              	.LASF64:
 812 0193 5F5F6465 		.ascii	"__default_exit\000"
 812      6661756C 
 812      745F6578 
ARM GAS  /tmp/ccaQECfI.s 			page 17


 812      697400
 813              	.LASF22:
 814 01a2 6E6F5F69 		.ascii	"no_init_area\000"
 814      6E69745F 
 814      61726561 
 814      00
 815              	.LASF23:
 816 01af 72616D5F 		.ascii	"ram_init_area_t\000"
 816      696E6974 
 816      5F617265 
 816      615F7400 
 817              	.LASF29:
 818 01bf 5F5F7261 		.ascii	"__ram1_init__\000"
 818      6D315F69 
 818      6E69745F 
 818      5F00
 819              	.LASF6:
 820 01cd 6C6F6E67 		.ascii	"long int\000"
 820      20696E74 
 820      00
 821              	.LASF57:
 822 01d6 5F5F6C61 		.ascii	"__late_init\000"
 822      74655F69 
 822      6E697400 
 823              	.LASF51:
 824 01e2 5F5F7261 		.ascii	"__ram6_noinit__\000"
 824      6D365F6E 
 824      6F696E69 
 824      745F5F00 
 825              	.LASF30:
 826 01f2 5F5F7261 		.ascii	"__ram1_clear__\000"
 826      6D315F63 
 826      6C656172 
 826      5F5F00
 827              	.LASF4:
 828 0201 5F5F7569 		.ascii	"__uint8_t\000"
 828      6E74385F 
 828      7400
 829              	.LASF47:
 830 020b 5F5F7261 		.ascii	"__ram5_noinit__\000"
 830      6D355F6E 
 830      6F696E69 
 830      745F5F00 
 831              	.LASF34:
 832 021b 5F5F7261 		.ascii	"__ram2_clear__\000"
 832      6D325F63 
 832      6C656172 
 832      5F5F00
 833              	.LASF28:
 834 022a 5F5F7261 		.ascii	"__ram1_init_text__\000"
 834      6D315F69 
 834      6E69745F 
 834      74657874 
 834      5F5F00
 835              	.LASF1:
 836 023d 756E7369 		.ascii	"unsigned char\000"
 836      676E6564 
ARM GAS  /tmp/ccaQECfI.s 			page 18


 836      20636861 
 836      7200
 837              	.LASF38:
 838 024b 5F5F7261 		.ascii	"__ram3_clear__\000"
 838      6D335F63 
 838      6C656172 
 838      5F5F00
 839              	.LASF27:
 840 025a 5F5F7261 		.ascii	"__ram0_noinit__\000"
 840      6D305F6E 
 840      6F696E69 
 840      745F5F00 
 841              	.LASF18:
 842 026a 41504250 		.ascii	"APBPrescTable\000"
 842      72657363 
 842      5461626C 
 842      6500
 843              	.LASF0:
 844 0278 7369676E 		.ascii	"signed char\000"
 844      65642063 
 844      68617200 
 845              	.LASF10:
 846 0284 6C6F6E67 		.ascii	"long long unsigned int\000"
 846      206C6F6E 
 846      6720756E 
 846      7369676E 
 846      65642069 
 847              	.LASF14:
 848 029b 75696E74 		.ascii	"uint32_t\000"
 848      33325F74 
 848      00
 849              	.LASF46:
 850 02a4 5F5F7261 		.ascii	"__ram5_clear__\000"
 850      6D355F63 
 850      6C656172 
 850      5F5F00
 851              	.LASF11:
 852 02b3 756E7369 		.ascii	"unsigned int\000"
 852      676E6564 
 852      20696E74 
 852      00
 853              	.LASF8:
 854 02c0 6C6F6E67 		.ascii	"long unsigned int\000"
 854      20756E73 
 854      69676E65 
 854      6420696E 
 854      7400
 855              	.LASF59:
 856 02d2 5F5F6370 		.ascii	"__cpu_init\000"
 856      755F696E 
 856      697400
 857              	.LASF50:
 858 02dd 5F5F7261 		.ascii	"__ram6_clear__\000"
 858      6D365F63 
 858      6C656172 
 858      5F5F00
 859              	.LASF43:
ARM GAS  /tmp/ccaQECfI.s 			page 19


 860 02ec 5F5F7261 		.ascii	"__ram4_noinit__\000"
 860      6D345F6E 
 860      6F696E69 
 860      745F5F00 
 861              	.LASF49:
 862 02fc 5F5F7261 		.ascii	"__ram6_init__\000"
 862      6D365F69 
 862      6E69745F 
 862      5F00
 863              	.LASF54:
 864 030a 5F5F7261 		.ascii	"__ram7_clear__\000"
 864      6D375F63 
 864      6C656172 
 864      5F5F00
 865              	.LASF61:
 866 0319 43686962 		.ascii	"ChibiOS/os/common/startup/ARMCMx/compilers/GCC/crt1"
 866      694F532F 
 866      6F732F63 
 866      6F6D6D6F 
 866      6E2F7374 
 867 034c 2E6300   		.ascii	".c\000"
 868              	.LASF58:
 869 034f 5F5F6561 		.ascii	"__early_init\000"
 869      726C795F 
 869      696E6974 
 869      00
 870              	.LASF13:
 871 035c 696E7433 		.ascii	"int32_t\000"
 871      325F7400 
 872              	.LASF3:
 873 0364 73686F72 		.ascii	"short unsigned int\000"
 873      7420756E 
 873      7369676E 
 873      65642069 
 873      6E7400
 874              	.LASF52:
 875 0377 5F5F7261 		.ascii	"__ram7_init_text__\000"
 875      6D375F69 
 875      6E69745F 
 875      74657874 
 875      5F5F00
 876              	.LASF24:
 877 038a 5F5F7261 		.ascii	"__ram0_init_text__\000"
 877      6D305F69 
 877      6E69745F 
 877      74657874 
 877      5F5F00
 878              	.LASF16:
 879 039d 53797374 		.ascii	"SystemCoreClock\000"
 879      656D436F 
 879      7265436C 
 879      6F636B00 
 880              	.LASF33:
 881 03ad 5F5F7261 		.ascii	"__ram2_init__\000"
 881      6D325F69 
 881      6E69745F 
 881      5F00
ARM GAS  /tmp/ccaQECfI.s 			page 20


 882              	.LASF62:
 883 03bb 2F686F6D 		.ascii	"/home/sjo/strom32\000"
 883      652F736A 
 883      6F2F7374 
 883      726F6D33 
 883      3200
 884              	.LASF32:
 885 03cd 5F5F7261 		.ascii	"__ram2_init_text__\000"
 885      6D325F69 
 885      6E69745F 
 885      74657874 
 885      5F5F00
 886              	.LASF17:
 887 03e0 41484250 		.ascii	"AHBPrescTable\000"
 887      72657363 
 887      5461626C 
 887      6500
 888              	.LASF26:
 889 03ee 5F5F7261 		.ascii	"__ram0_clear__\000"
 889      6D305F63 
 889      6C656172 
 889      5F5F00
 890              	.LASF40:
 891 03fd 5F5F7261 		.ascii	"__ram4_init_text__\000"
 891      6D345F69 
 891      6E69745F 
 891      74657874 
 891      5F5F00
 892              	.LASF15:
 893 0410 49544D5F 		.ascii	"ITM_RxBuffer\000"
 893      52784275 
 893      66666572 
 893      00
 894              	.LASF55:
 895 041d 5F5F7261 		.ascii	"__ram7_noinit__\000"
 895      6D375F6E 
 895      6F696E69 
 895      745F5F00 
 896              	.LASF5:
 897 042d 5F5F696E 		.ascii	"__int32_t\000"
 897      7433325F 
 897      7400
 898              	.LASF31:
 899 0437 5F5F7261 		.ascii	"__ram1_noinit__\000"
 899      6D315F6E 
 899      6F696E69 
 899      745F5F00 
 900              	.LASF41:
 901 0447 5F5F7261 		.ascii	"__ram4_init__\000"
 901      6D345F69 
 901      6E69745F 
 901      5F00
 902              	.LASF53:
 903 0455 5F5F7261 		.ascii	"__ram7_init__\000"
 903      6D375F69 
 903      6E69745F 
 903      5F00
ARM GAS  /tmp/ccaQECfI.s 			page 21


 904              	.LASF36:
 905 0463 5F5F7261 		.ascii	"__ram3_init_text__\000"
 905      6D335F69 
 905      6E69745F 
 905      74657874 
 905      5F5F00
 906              	.LASF20:
 907 0476 696E6974 		.ascii	"init_area\000"
 907      5F617265 
 907      6100
 908              	.LASF19:
 909 0480 696E6974 		.ascii	"init_text_area\000"
 909      5F746578 
 909      745F6172 
 909      656100
 910              		.text
 911              		.section	.gnu.lto_.inline.deea0e083d584cf6,"e",%progbits
 912 0000 789CE360 		.ascii	"x\234\343``d\330\310\200\000\254\014\014\314\015@\300"
 912      6064D8C8 
 912      8000AC0C 
 912      0CCC0D40 
 912      C0
 913 0011 94C2C0C0 		.ascii	"\224\302\300\300\304\004c\26104\002YuL\014L 5\214\204"
 913      C40463B1 
 913      30340259 
 913      754C0C4C 
 913      20358C84 
 914 0025 95301156 		.ascii	"\2250\021V\302\014\244\300|\220j\030\013U\011\013\203"
 914      C20CA4C0 
 914      7C906A18 
 914      0B55090B 
 914      83
 915 0036 0890B781 		.ascii	"\010\220\267\201)\035\250D\005\306BU\302\000\000\260"
 915      291DA844 
 915      05C64255 
 915      C20000B0 
 916 0046 F72654   		.ascii	"\367&T"
 917              		.text
 918              		.section	.gnu.lto_.jmpfuncs.deea0e083d584cf6,"e",%progbits
 919 0000 789CE360 		.ascii	"x\234\343``d\020d@\000V fd``b``f``\001r\000\003\320"
 919      60641064 
 919      40005620 
 919      66646060 
 919      62606066 
 920 001b 002A     		.ascii	"\000*"
 921              		.text
 922              		.section	.gnu.lto___cpu_init.deea0e083d584cf6,"e",%progbits
 923 0000 789CE360 		.ascii	"x\234\343``d\230\314\300\300`\001\3042@\314\300\314"
 923      606498CC 
 923      C0C06001 
 923      C43240CC 
 923      C0CC
 924 0012 C0C8F4FF 		.ascii	"\300\310\364\377\377\377z\226F\016&FF0\013\250\244\236"
 924      FFFF7A96 
 924      460E2646 
 924      46300BA8 
 924      A49E
ARM GAS  /tmp/ccaQECfI.s 			page 22


 925 0024 89B19EB1 		.ascii	"\211\261\236\261\237y:3\343\241\366g;\2314\2277\000"
 925      9F793A33 
 925      E3A1F667 
 925      3B993497 
 925      3700
 926 0036 C181E9BB 		.ascii	"\301\201\351\273\270\332\032Z%\346330\314df\200\002"
 926      B8DA1A5A 
 926      25E63333 
 926      30CC6466 
 926      8002
 927 0048 C65D8C9A 		.ascii	"\306]\214\232\014\014@\225\2176\376\233\312\313\306"
 927      0C0C4095 
 927      8F36FE9B 
 927      CACBC6
 928 0057 029562DC 		.ascii	"\002\225b\334\315\310\0064\210\201a\375%\326\003\015"
 928      CDC80634 
 928      888161FD 
 928      25D6030D 
 929 0067 FFFEB737 		.ascii	"\377\376\2677\034\370\263\210\361\272\027\023\003C7"
 929      1CF8B388 
 929      F1BA1713 
 929      034337
 930 0076 33C37F28 		.ascii	"3\303\177(\220\007\252\350afBp\031\031\33616)\2005\203"
 930      9007AAE8 
 930      61664270 
 930      1919DE31 
 930      36298035 
 931 008b 40373323 		.ascii	"@73#\262R\006\0063\347\214\314\244L\377`\375\374b\375"
 931      B2520606 
 931      33E78CCC 
 931      A44CFF60 
 931      FDFC62FD 
 932 009f E4FCDCDC 		.ascii	"\344\374\334\334\374<\375\342\222\304\242\222\322\002"
 932      FC3CFDE2 
 932      92C4A292 
 932      D202
 933 00ad 7DC7205F 		.ascii	"}\307 _g\337\012\220hAfNjQ\261\276\273\263\263~rQ\211"
 933      67DF0A90 
 933      6841664E 
 933      6A51B1BE 
 933      BBB3B37E 
 934 00c4 A15E3203 		.ascii	"\241^2\003\000C\302T*"
 934      0043C254 
 934      2A
 935              		.text
 936              		.section	.gnu.lto___early_init.deea0e083d584cf6,"e",%progbits
 937 0000 789CE360 		.ascii	"x\234\343``d\230\310\300\300`\001\3042@\314\300\314"
 937      606498C8 
 937      C0C06001 
 937      C43240CC 
 937      C0CC
 938 0012 C0C8F4FF 		.ascii	"\300\310\364\377\377\377z\226F\016&FF0\013\250\244\236"
 938      FFFF7A96 
 938      460E2646 
 938      46300BA8 
 938      A49E
 939 0024 89B19EB1 		.ascii	"\211\261\236\261\237y:3\343\241\366g;\2314\2277\000"
ARM GAS  /tmp/ccaQECfI.s 			page 23


 939      9F793A33 
 939      E3A1F667 
 939      3B993497 
 939      3700
 940 0036 C181E913 		.ascii	"\301\201\351\023\270\333\032Z%\346330\314df\200\002"
 940      B8DB1A5A 
 940      25E63333 
 940      30CC6466 
 940      8002
 941 0048 C65D8C9A 		.ascii	"\306]\214\232\014\014@\225\2176\376\233\312\313\306"
 941      0C0C4095 
 941      8F36FE9B 
 941      CACBC6
 942 0057 029562DC 		.ascii	"\002\225b\334\315\310\0064\210\201a\375%\326\003\015"
 942      CDC80634 
 942      888161FD 
 942      25D6030D 
 943 0067 FFFEB737 		.ascii	"\377\376\2677\0348\243\\\312\304\300\320\315\314\360"
 943      1C38A35C 
 943      CAC4C0D0 
 943      CDCCF0
 944 0076 1F0AE481 		.ascii	"\037\012\344\201\362=\314L\010.#\303;\306&\005\260V"
 944      F23DCC4C 
 944      082E23C3 
 944      3BC62605 
 944      B056
 945 0088 10E86666 		.ascii	"\020\350ffDV\312\300`\346\234\221\231\224\351\037\254"
 945      4456CAC0 
 945      60E69C91 
 945      9994E91F 
 945      AC
 946 0099 9F5FAC9F 		.ascii	"\237_\254\237\234\237\233\233\237\247_\\\222XTRZ\240"
 946      9C9F9B9B 
 946      9FA75F5C 
 946      92585452 
 946      5AA0
 947 00ab EF18E4EB 		.ascii	"\357\030\344\353\354[\001\022-\310\314I-*\326wwv\326"
 947      EC5B0112 
 947      2DC8CC49 
 947      2D2AD677 
 947      7776D6
 948 00be 4F2E2A31 		.ascii	"O.*1\324Kf\000\0009\247R\243"
 948      D44B6600 
 948      0039A752 
 948      A3
 949              		.text
 950              		.section	.gnu.lto___late_init.deea0e083d584cf6,"e",%progbits
 951 0000 789CE360 		.ascii	"x\234\343``d\230\310\300\300`\001\3042@\314\300\314"
 951      606498C8 
 951      C0C06001 
 951      C43240CC 
 951      C0CC
 952 0012 C0C8F4FF 		.ascii	"\300\310\364\377\377\377z\226F\016&FF0\013\250\244\236"
 952      FFFF7A96 
 952      460E2646 
 952      46300BA8 
 952      A49E
ARM GAS  /tmp/ccaQECfI.s 			page 24


 953 0024 89B19EB1 		.ascii	"\211\261\236\261\237y:3\343\241\366g;\2314\2277\000"
 953      9F793A33 
 953      E3A1F667 
 953      3B993497 
 953      3700
 954 0036 C181E97B 		.ascii	"\301\201\351{\270\333\032Z%\346330\314df\200\002\306"
 954      B8DB1A5A 
 954      25E63333 
 954      30CC6466 
 954      8002C6
 955 0049 5D8C9A0C 		.ascii	"]\214\232\014\014@\225\2176\376\233\312\313\306\002"
 955      0C40958F 
 955      36FE9BCA 
 955      CBC602
 956 0058 9562DCCD 		.ascii	"\225b\334\315\310\0064\210\201a\375%\326\003\015\377"
 956      C8063488 
 956      8161FD25 
 956      D6030DFF 
 957 0068 FEB7371C 		.ascii	"\376\2677\0348\242\\\314\304\300\320\315\314\360\037"
 957      38A25CCC 
 957      C4C0D0CD 
 957      CCF01F
 958 0077 0AE481F2 		.ascii	"\012\344\201\362=\314L\010.#\303;\306&\005\260V\020"
 958      3DCC4C08 
 958      2E23C33B 
 958      C62605B0 
 958      5610
 959 0089 E8666644 		.ascii	"\350ffDV\312\300`\346\234\221\231\224\351\037\254\237"
 959      56CAC060 
 959      E69C9199 
 959      94E91FAC 
 959      9F
 960 009a 5FAC9F9C 		.ascii	"_\254\237\234\237\233\233\237\247_\\\222XTRZ\240\357"
 960      9F9B9B9F 
 960      A75F5C92 
 960      5854525A 
 960      A0EF
 961 00ac 18E4EBEC 		.ascii	"\030\344\353\354[\001\022-\310\314I-*\326wwv\326O.*"
 961      5B01122D 
 961      C8CC492D 
 961      2AD67777 
 961      76D64F2E 
 962 00c1 31D44B66 		.ascii	"1\324Kf\000\000TeR\305"
 962      00005465 
 962      52C5
 963              		.text
 964              		.section	.gnu.lto___default_exit.deea0e083d584cf6,"e",%progbits
 965 0000 789CE360 		.ascii	"x\234\343``dhc``\260\000b\015 f`f`d\372\377\377\177"
 965      60646863 
 965      6060B000 
 965      620D2066 
 965      60666064 
 966 0018 3D4B2307 		.ascii	"=K#\007\023\234\305\310P\317\304X\317\304\304\000\007"
 966      139CC5C8 
 966      50CFC458 
 966      CFC4C400 
 966      07
ARM GAS  /tmp/ccaQECfI.s 			page 25


 967 0029 FDCCD399 		.ascii	"\375\314\323\231\031\017\265?\333\311\244\271\274\001"
 967      190FB53F 
 967      DBC9A4B9 
 967      BC01
 968 0037 080E4CFF 		.ascii	"\010\016L\377\306\335\326\320*1\237\231\201a&3L\025"
 968      C6DDD6D0 
 968      2A319F99 
 968      81612633 
 968      4C15
 969 0049 E32E464D 		.ascii	"\343.FM\006\006\240\312G\033\377M\345ec\201J1\356fd"
 969      0606A0CA 
 969      471BFF4D 
 969      E5656381 
 969      4A31EE66 
 970 005e 03DACBC0 		.ascii	"\003\332\313\300\260\376\022\353\201\206\177\377\333"
 970      B0FE12EB 
 970      81867FFF 
 970      DB
 971 006b 1B0EDC59 		.ascii	"\033\016\334Y\3148\321\017(\324\315\314\360\037\012"
 971      CC38D10F 
 971      28D4CDCC 
 971      F01F0A
 972 007a E4C15C26 		.ascii	"\344\301\\&\004\227\221\261\233\231\021Y\226\201\301"
 972      049791B1 
 972      9B991159 
 972      9681C1
 973 0089 CC392333 		.ascii	"\3149#3)\323?X?\277X?9?77?O\277\270$\261\250\244\264"
 973      29D33F58 
 973      3FBF583F 
 973      393F3737 
 973      3F4FBFB8 
 974 00a2 40DF31C8 		.ascii	"@\3371\310\327\331\267\002$Z\220\231\223ZT\254\357\356"
 974      D7D9B702 
 974      245A9099 
 974      935A54AC 
 974      EFEE
 975 00b4 ECAC9F5C 		.ascii	"\354\254\237\\Tb\250\227\314\000\000\246NR="
 975      5462A897 
 975      CC0000A6 
 975      4E523D
 976              		.text
 977              		.section	.gnu.lto___init_ram_areas.deea0e083d584cf6,"e",%progbits
 978 0000 789C9554 		.ascii	"x\234\225T\335OTW\020?s\347~\355]`1l\223&&\326\027\036"
 978      DD4F5457 
 978      103F73E7 
 978      7EED5D60 
 978      316C9326 
 979 0018 7C71A969 		.ascii	"|q\251iL|\240I\303C\237\254\215\375\007\212\224\244"
 979      4C7CA049 
 979      C3439FAC 
 979      8DFD078A 
 979      94A4
 980 002a 24B56C80 		.ascii	"$\265l\200&}\343\260\254\332\002\265\037\261jI\266\213"
 980      267DE3B0 
 980      ACDA02B5 
 980      1FB16A49 
 980      B68B
ARM GAS  /tmp/ccaQECfI.s 			page 26


 981 003c 5263DBA4 		.ascii	"Rc\333\244\242\215I+\012,\250\025P*\240bY-ML\005\245"
 981      A28D492B 
 981      0A2CA815 
 981      502AA062 
 981      592D4D4C 
 982 0052 A14DAC62 		.ascii	"\241M\254b\213\302\355\314\271w\227u7\375\272\311\336"
 982      8BC2EDCC 
 982      B9779775 
 982      37FDBAC9 
 982      DE
 983 0063 9D3B67E6 		.ascii	"\235;g\3467\277\371\3159\307\026 \266\231Bl\027B|E?"
 983      37BFF9CD 
 983      39C71620 
 983      B699426C 
 983      17427C45 
 984 0078 1114A0B9 		.ascii	"\021\024\240\271\256\333\254\267\330\032\240o!\030\276"
 984      AEDBACB7 
 984      D81AA06F 
 984      2118BE
 985 0087 A5672D43 		.ascii	"\245g-C\323\225%\035\323\373/2\301\366\327\254\254e"
 985      D395251D 
 985      D3FB2F32 
 985      C1F6D7AC 
 985      AC65
 986 0099 6B961F15 		.ascii	"k\226\037\025\360\243\002\032\372\036\307\3678\000\312"
 986      F0A3021A 
 986      FA1EC7F7 
 986      3800CA
 987 00a8 222ACD1A 		.ascii	"\"*\315\032\352\206i\331\001\007\232u\024\331\307X5"
 987      EA8669D9 
 987      01079A75 
 987      14D9C758 
 987      35
 988 00b9 ED55F37D 		.ascii	"\355U\363}<\2000\264g\366\224\266\341\250\244'u\340"
 988      3C8030B4 
 988      67F694B6 
 988      E1A8A427 
 988      75E0
 989 00cb DBD06EB9 		.ascii	"\333\320n\271\353\351$e~\222\315\206^\330 \004E\316"
 989      EBE92465 
 989      7E92CD86 
 989      5ED82004 
 989      45CE
 990 00dd C4127F14 		.ascii	"\304\022\177\024\355\305$\002\350\364\271o\364\344\210"
 990      EDC52402 
 990      E8F4B96F 
 990      F4E488
 991 00ec C39F1AAC 		.ascii	"\303\237\032\254\247\317x\362\363\036\035\267\000G>"
 991      A7CF78F2 
 991      F31E1DB7 
 991      00473E
 992 00fb 6C3FB154 		.ascii	"l?\261TT\336-eL\246\026\373\302\335\255rX\352ID\350"
 992      54DE2D65 
 992      4CA616FB 
 992      C2DDAD72 
 992      58EA4944 
 993 0110 03246038 		.ascii	"\003$`8\003k\3414\254e\364\312\217L\316\270ub\345\343"
ARM GAS  /tmp/ccaQECfI.s 			page 27


 993      036BE134 
 993      AC65F4CA 
 993      8F4CCEB8 
 993      7562E5E3 
 994 0124 6253877E 		.ascii	"bS\207~(\367K\303\000\230@+\227R\357\3668\370\222\302"
 994      28F74BC3 
 994      0098402B 
 994      9752EFF6 
 994      38F892C2 
 995 0138 BD3EFBE0 		.ascii	"\275>\373\340\226\345\343N\365\257;\344\343\352\220"
 995      96E5E34E 
 995      F5AF3BE4 
 995      E3EA90
 996 0147 2AC4FD52 		.ascii	"*\304\375R\341\236\273\375x2\210/\253\354\330\304\375"
 996      E19EBBFD 
 996      7832882F 
 996      ABECD8C4 
 996      FD
 997 0158 079A9F3D 		.ascii	"\007\232\237=\372|\247L\305\327s\356Pan\362\011Ng\241"
 997      FA7CA74C 
 997      C5D773EE 
 997      50616EF2 
 997      094E67A1 
 998 016c 1C068917 		.ascii	"\034\006\211\0273\022\225\237\232\002\316\0215!\220"
 998      3312959F 
 998      9A02CE11 
 998      352190
 999 017b D966567B 		.ascii	"\331fV{&\215\224\\q\367\310\324le\337\311\261\360S "
 999      268D945C 
 999      71F7C8D4 
 999      6C65DFC9 
 999      B1F05320 
 1000 018f 926868F4 		.ascii	"\222hh\364\2429\320\213\246C\321\206\340xB\240\014K"
 1000      A239D08B 
 1000      A643D186 
 1000      E07842A0 
 1000      0C4B
 1001 01a1 BD83CA5F 		.ascii	"\275\203\312_\254\374%\312\023R\2365\312.S\357\260Z"
 1001      ACFC25CA 
 1001      13529E35 
 1001      CA2E53EF 
 1001      B05A
 1002 01b3 15A21D85 		.ascii	"\025\242\035\205\353?\317P\375\016\324V?A\314Cl_\333"
 1002      EB3FCF50 
 1002      FD0ED456 
 1002      3F41CC43 
 1002      6C5FDB
 1003 01c6 C2A33BC0 		.ascii	"\302\243;\300<\023\030\244\016\366\266\3766c\363\210"
 1003      3C1318A4 
 1003      0EF6B6FE 
 1003      3663F388 
 1004 01d6 4C25C0E9 		.ascii	"L%\300\351\373}\363\2018\304Zh\302f7\253L\316\237\344"
 1004      FB7DF381 
 1004      38C45A68 
 1004      C26637AB 
 1004      4CCE9FE4 
 1005 01ea BD31E708 		.ascii	"\2751\347\010t\267\224&\321\202\357 \016p\236e\240\245"
ARM GAS  /tmp/ccaQECfI.s 			page 28


 1005      74B79426 
 1005      D182EF20 
 1005      0E709E65 
 1005      A0A5
 1006 01fc DFE7CEF7 		.ascii	"\337\347\316\367\333\034\177P\312\256\303\032\303\\"
 1006      DB1C7F50 
 1006      CAAEC31A 
 1006      C35C
 1007 020a 80235419 		.ascii	"\200#T\031\206)L0\003\314cp\346\356\3359\213\365I`q"
 1007      86294C30 
 1007      03CC6370 
 1007      E6EEDD39 
 1007      8BF54960 
 1008 021f 2E015404 		.ascii	".\001T\004R\351\343\323%\\\2136[W?+d'h\002#~\275c\337"
 1008      52E9E3D3 
 1008      255C8B36 
 1008      5B573F2B 
 1008      64276802 
 1009 0238 1CBD5C5C 		.ascii	"\034\275\\\\qL~ %M&\000\243T\354\240\267\031.B\205\007"
 1009      714C7E20 
 1009      254D2600 
 1009      A354ECA0 
 1009      B7192E42 
 1010 024e 3F9F812F 		.ascii	"?\237\201/\311\307\353\375W\274K\012\217\211\303\030"
 1010      C9C7EBFD 
 1010      57BC4B0A 
 1010      8F89C318 
 1011 025e E18945D0 		.ascii	"\341\211E\320I'-\375p\002\023\030\012t\036\036\002j"
 1011      49272DFD 
 1011      70021318 
 1011      0A741E1E 
 1011      026A
 1012 0270 49CF6B69 		.ascii	"I\317ki\177\373\302r\324\253\011\271-\351\005-Q\021"
 1012      7FFBC272 
 1012      D4AB09B9 
 1012      2DE9052D 
 1012      5111
 1013 0282 2781067C 		.ascii	"'\201\006|\317\365\3412KE\3713m_ \247\347\363]\247\242"
 1013      CFF5E132 
 1013      4B45F933 
 1013      6D5F20A7 
 1013      E7F35DA7 
 1014 0297 4D3F7A9C 		.ascii	"M?z\234\242\251\000%\264~\275{y\371U\257`\031\007\360"
 1014      A2A90025 
 1014      B47EBD7B 
 1014      79F955AF 
 1014      601907F0 
 1015 02ab AE54EEF7 		.ascii	"\256T\356\367\334\327<w\230\253x\233\265\003\215\202"
 1015      DCD73C77 
 1015      98AB789B 
 1015      B5038D82 
 1016 02bb 112CCC39 		.ascii	"\021,\3149^\234VH\360\037\005\232P\002i,\320$\011t\033"
 1016      5E9C5648 
 1016      F01F059A 
 1016      5002692C 
 1016      D0240974 
 1017 02d0 E237CEDE 		.ascii	"\3427\316\336\004\017\213\341x\024\213`\320l\261w\351"
ARM GAS  /tmp/ccaQECfI.s 			page 29


 1017      040F8BE1 
 1017      78148B60 
 1017      D06CB177 
 1017      E9
 1018 02e1 4FE21BD6 		.ascii	"O\342\033\326;WF`Q\315\003\323\312U\246/=\032\004\332"
 1018      3B574660 
 1018      51CD03D3 
 1018      CA55A62F 
 1018      3D1A04DA 
 1019 02f5 AB662EAF 		.ascii	"\253f.\257\016\264\362h\336\273\263|\301\374{],_\227"
 1019      0EB4F268 
 1019      DEBBB37C 
 1019      C1FC7B5D 
 1019      2C5F97
 1020 0308 2B442957 		.ascii	"+D)Wu\007\004\\\315\010\262\340\372:\255\341\204\214"
 1020      7507045C 
 1020      CD08B2E0 
 1020      FA3AADE1 
 1020      848C
 1021 031a 20768120 		.ascii	" v\201 \2173\202\340\377\024\344\232\022\204\267 L\345"
 1021      8F3382E0 
 1021      FF14E49A 
 1021      1284B720 
 1021      4CE5
 1022 032c 0B6225D4 		.ascii	"\013b%\324\002\011B\226i\012ba\245\335A\3565\360$\003"
 1022      02094296 
 1022      690A6261 
 1022      A5DD41EE 
 1022      35F02403 
 1023 0340 62BAEB43 		.ascii	"b\272\353C?+D\345\250\320\241k\3431\360\356\322R\270"
 1023      3F2B44E5 
 1023      A8D0A16B 
 1023      E331F0EE 
 1023      D252B8
 1024 0353 4ED515F4 		.ascii	"N\325\025\364\324\260\351\035\336\020\205\014\270\373"
 1024      D4B0E91D 
 1024      DE10850C 
 1024      B8FB
 1025 0361 07740E09 		.ascii	"\007t\016\011\202\375\337\016\357t\356\341}g\374\347"
 1025      82FDDF0E 
 1025      EF74EEE1 
 1025      7D67FCE7 
 1026 0371 53C14DC7 		.ascii	"S\301M\307\271\225\256y\240>!M\315\300\017\336\025G"
 1026      B995AE79 
 1026      A03E214D 
 1026      CDC00FDE 
 1026      1547
 1027 0383 016DD317 		.ascii	"\001m\323\027\177\014dO7\360\031\275\001\233\250\323"
 1027      7F0C644F 
 1027      37F019BD 
 1027      019BA8D3 
 1028 0393 9BDEE166 		.ascii	"\233\336\341f)\235\334F~\205X\327/\237\251\353E-\267"
 1028      299DDC46 
 1028      7E8558D7 
 1028      2F9FA9EB 
 1028      452DB7
 1029 03a6 23E45E47 		.ascii	"#\344^GBl\256z\275nG\335\266W\"\365\215\221\232\372"
ARM GAS  /tmp/ccaQECfI.s 			page 30


 1029      426CAE7A 
 1029      BD6E47DD 
 1029      B65722F5 
 1029      8D919AFA 
 1030 03ba 9D3BEBDF 		.ascii	"\235;\353\337\21446U74\275\025\215\274\260}k\325\326"
 1030      8C343655 
 1030      3734BD15 
 1030      8DBCB07D 
 1030      6BD5D6
 1031 03cd B7D91BAD 		.ascii	"\267\331\033\255{\243\266\2411\362bUU\244\246\241\351"
 1031      7BA3B6A1 
 1031      31F26255 
 1031      55A4A6A1 
 1031      E9
 1032 03de D98D3502 		.ascii	"\331\2155\002\033\252\243\245\236\275q\363\226\352\212"
 1032      1BAAA3A5 
 1032      9EBD71F3 
 1032      96EA8A
 1033 03ed DADAE776 		.ascii	"\332\332\347v\010\210jM\321\277\000\376\325\177;"
 1033      08886A4D 
 1033      D1BF00FE 
 1033      D57F3B
 1034              		.text
 1035              		.section	.gnu.lto_ram_areas.deea0e083d584cf6,"e",%progbits
 1036 0000 789C75D0 		.ascii	"x\234u\320KK\033a\024\306\361\367\3445\361n\325\332"
 1036      4B4B1B61 
 1036      14C6F1F7 
 1036      E435F16E 
 1036      D5DA
 1037 0012 6A8DD66F 		.ascii	"j\215\326o\320A\027bvJ\026\256Dh?A\015B\003\332H\022"
 1037      D0411762 
 1037      764A16AE 
 1037      44683F41 
 1037      0D4203DA 
 1038 0028 A1B81A83 		.ascii	"\241\270\032\203\210(\250+5\013I ]\010\012.\\\244\324"
 1038      8828A82B 
 1038      350B4920 
 1038      5D080A2E 
 1038      5CA4D4
 1039 003b 56EBBDF5 		.ascii	"V\353\275\365Rm\275_\033\353\245B\301\255\356\364u\346"
 1039      526DBD5F 
 1039      1BEBA542 
 1039      C1ADEEF4 
 1039      75E6
 1040 004d D9387A66 		.ascii	"\3318zf\221?\344a\016?&E\220h\265\013Q!\314\247_\322"
 1040      913FE461 
 1040      0E3F2645 
 1040      9068B50B 
 1040      5121CCA7 
 1041 0063 E0D0F24D 		.ascii	"\340\320\362Mj\033\205Z;t=\321u)[\"R\304\344\303-zn"
 1041      6A1B855A 
 1041      3B743DD1 
 1041      75295B22 
 1041      52C4E4C3 
 1042 007a 33167A64 		.ascii	"3\026zd!c\261=\\r\215A\032\303\361\247\211ZW\\\357\210"
 1042      2163B13D 
 1042      5C728D41 
ARM GAS  /tmp/ccaQECfI.s 			page 31


 1042      1AC3F1A7 
 1042      895A575C 
 1043 0090 EA951149 		.ascii	"\352\225\021I\003R\320WjS%\372b\324F\343F%}V\275{#\021"
 1043      0352D057 
 1043      6A5325FA 
 1043      62D446E3 
 1043      46257D56 
 1044 00a8 FED8E7E8 		.ascii	"\376\330\347\350\226\0215%[/\217\366\230\320$\026jg"
 1044      96113525 
 1044      5B2F8FF6 
 1044      98D02416 
 1044      6A67
 1045 00ba A10E0E9A 		.ascii	"\241\016\016\232\314@g\000\235\006t\012\320o\200\306"
 1045      CC406700 
 1045      9D06740A 
 1045      D06F80C6 
 1046 00ca 57C3FD80 		.ascii	"W\303\375\200:\254\227c\200\246\260\320T\026\232\306"
 1046      3AAC9763 
 1046      80A6B0D0 
 1046      54169AC6 
 1047 00da 41D319E8 		.ascii	"A\323\031\350\017@\277\003\272\000\350<\240[\207\261"
 1047      0F40BF03 
 1047      BA00E83C 
 1047      A05B87B1 
 1048 00ea 289950BB 		.ascii	"(\231P\273\365\362U\267\011\315`\241\231,4\213\203>"
 1048      F5F255B7 
 1048      09CD60A1 
 1048      992C348B 
 1048      833E
 1049 00fc 61A0AB80 		.ascii	"a\240\253\200\376\004t\005\320e@\217B\203\327\031&4"
 1049      FE047405 
 1049      D065408F 
 1049      4283D719 
 1049      2634
 1050 010e C97AF93F 		.ascii	"\311z\371?\240\331,4\207\205\346r\320\247\014t\023\320"
 1050      A0D92C34 
 1050      8785E672 
 1050      D0A70C74 
 1050      13D0
 1051 0120 0D40D701 		.ascii	"\015@\327\001\375\015hhs$\236eB\245\365\362$\240y,\364"
 1051      FD0D6868 
 1051      73249E65 
 1051      42A5F5F2 
 1051      24A0792C 
 1052 0135 190B7DCE 		.ascii	"\031\013}\316A\363\031\350>\240{\200\356\002\272\003"
 1052      41F319E8 
 1052      3EA07B80 
 1052      EE02BA03 
 1053 0145 68FB5CEF 		.ascii	"h\373\\\357x\246\011\265Y/\217\001Z\300B_\260\320B\016"
 1053      78A609B5 
 1053      592F8F01 
 1053      5AC0425F 
 1053      B0D0420E 
 1054 0159 EA64A0C7 		.ascii	"\352d\240\307\200&\000\375\003\350\021\240\367N\015"
 1054      802600FD 
 1054      03E811A0 
 1054      F74E0D
ARM GAS  /tmp/ccaQECfI.s 			page 32


 1055 0168 4356C4CA 		.ascii	"CV\304\312\212Y\331KNV\302\310\316!;\203\354\024\262"
 1055      8A59D94B 
 1055      4E56C2C8 
 1055      CE213B83 
 1055      EC14B2
 1056 017b 13C8463B 		.ascii	"\023\310F;\303ki\346+\272\372\220\222J\235\364\217\\"
 1056      C36B69E6 
 1056      2BBAFA90 
 1056      924A9DF4 
 1056      8F5C
 1057 018d 54E6A4BF 		.ascii	"T\346\244\277*\207\344\244\003\325m\325-\325_\252k\252"
 1057      2A87E4A4 
 1057      03D56DD5 
 1057      2DD55FAA 
 1057      6BAA
 1058 019f 4BAA8BAA 		.ascii	"K\252\213\252s\252\263\252\223\252\023\344\022t\241"
 1058      73AAB3AA 
 1058      93AA13E4 
 1058      1274A1
 1059 01ae 7ECADDEF 		.ascii	"~\312\335\357\274u\336\3327\232/\240y|\215\215\276\367"
 1059      BC75DEDA 
 1059      379A2FA0 
 1059      797C8D8D 
 1059      BEF7
 1060 01c0 5A20F8D6 		.ascii	"Z \370\326\037ln\322\252^\327\270k>\334\375\333\344"
 1060      1F6C6ED2 
 1060      AA5ED7B8 
 1060      6B3EDCFD 
 1060      DBE4
 1061 01d2 6DA8F707 		.ascii	"m\250\367\007\264j\267[\363\370\203\245\257<\342\026"
 1061      B46AB75B 
 1061      F3F883A5 
 1061      AF3CE216 
 1062 01e2 C351F487 		.ascii	"\303Q\364\207"
 1063              		.text
 1064              		.section	.gnu.lto_.symbol_nodes.deea0e083d584cf6,"e",%progbits
 1065 0000 789C7DC9 		.ascii	"x\234}\311IN\002Q\024\205\341\377UQ\200(\010J\243\242"
 1065      494E0251 
 1065      1485E1FF 
 1065      55518028 
 1065      084AA3A2 
 1066 0014 42D8092B 		.ascii	"B\330\011+{a\302\330U\270\014\023\221V\220^\032A\305"
 1066      7B61C2D8 
 1066      55B80C13 
 1066      9156905E 
 1066      1A41C5
 1067 0027 761B489D 		.ascii	"v\033H\2350\265\356\344\313=\177\024\303\255\001\234"
 1067      30B5EEE4 
 1067      CB3D7F14 
 1067      C3AD019C 
 1068 0037 1A96EDFE 		.ascii	"\032\226\355\376\012\346\246\317\356\347\256R\306\257"
 1068      0AE6A6CF 
 1068      EEE7AE52 
 1068      C6AF
 1069 0045 380F5813 		.ascii	"8\017X\023\220\353X' 7\260n@nbC\377g\357\036\252%p\275"
 1069      90EB5827 
 1069      2037B06E 
ARM GAS  /tmp/ccaQECfI.s 			page 33


 1069      406E6243 
 1069      FF67EF1E 
 1070 005d 16A6E80F 		.ascii	"\026\246\350\017m\034\331\301\225\217\204d\027O\366"
 1070      6D1CD9C1 
 1070      958F8464 
 1070      174FF6
 1071 006c 08CB2722 		.ascii	"\010\313'\"\262OT\0168\220Cbr\304\241\034s$'\304\345"
 1071      B24F540E 
 1071      38904362 
 1071      72C4A11C 
 1071      732427C4 
 1072 0081 94847CE6 		.ascii	"\224\204|\346X\316H\3129)\271\340D.9\225/\244\345\212"
 1072      58CE48CA 
 1072      3929B9E0 
 1072      442E3995 
 1072      2FA4E58A 
 1073 0095 8C5C9395 		.ascii	"\214\\\223\225\257\344\344\033g\362\235s\271\341B~\220"
 1073      AFE4E41B 
 1073      67F29D73 
 1073      B9E1427E 
 1073      90
 1074 00a6 979F5CCA 		.ascii	"\227\237\\\312/\256\3447\327\362\207\202\374\245\350"
 1074      2FAEE437 
 1074      D7F28782 
 1074      FCA5E8
 1075 00b5 CB1FD8F0 		.ascii	"\313\037\330\360cS"
 1075      6353
 1076              		.text
 1077              		.section	.gnu.lto_.refs.deea0e083d584cf6,"e",%progbits
 1078 0000 789C05C1 		.ascii	"x\234\005\301\011\032\201P\030\000\300\277\371z\244"
 1078      091A8150 
 1078      1800C0BF 
 1078      F97AA4
 1079 000f C5565196 		.ascii	"\305VQ\226\024:\215\373\337\307L\021Y\374\"B.eR;'\033"
 1079      143A8DFB 
 1079      DFC74C11 
 1079      59FC2242 
 1079      2E65523B 
 1080 0025 5B859D52 		.ascii	"[\205\235R\245\326\330;8:9kuz\027W\203\321\315\335\303"
 1080      A5D6D83B 
 1080      383A396B 
 1080      757A1757 
 1080      83D1CDDD 
 1081 003a D3E465B6 		.ascii	"\323\344e\266x\373\370Z\343\017z\333\003\222"
 1081      78FBF85A 
 1081      E30F7ADB 
 1081      0392
 1082              		.text
 1083              		.section	.gnu.lto_.decls.deea0e083d584cf6,"e",%progbits
 1084 0000 789C9D96 		.ascii	"x\234\235\226mPS\331\031\307\357\311\011\344\025pQk"
 1084      6D5053D9 
 1084      19C7EFC9 
 1084      09E41570 
 1084      516B
 1085 0012 B7D6A9EE 		.ascii	"\267\326\251\356\3428\333\326\215\274\010\323\017\355"
 1085      E238DBD6 
 1085      8DBC08D3 
ARM GAS  /tmp/ccaQECfI.s 			page 34


 1085      0FED
 1086 0020 EC8E33DD 		.ascii	"\354\2163\335\375\262\335\231v\366K?l\206\245\351\230"
 1086      FDB2DD99 
 1086      76F64B3F 
 1086      6C86A5E9 
 1086      98
 1087 0031 A98083A1 		.ascii	"\251\200\203\241\265\337\256\200 (\032T\344Uy\021\021"
 1087      B5DFAE80 
 1087      20281A54 
 1087      E4557911 
 1087      11
 1088 0042 10545A5D 		.ascii	"\020TZ]T@\001\305\010\002\302\032d\215\002\021\025A"
 1088      544001C5 
 1088      0802C21A 
 1088      648D0211 
 1088      1541
 1089 0054 44947711 		.ascii	"D\224w\021H\237s\316MHr\2403\355\235\371'\367\234\373"
 1089      489F73CE 
 1089      4D4872A0 
 1089      33ED9DF9 
 1089      27F79CFB 
 1090 0068 FC7FCFB9 		.ascii	"\374\177\317\271\317y\356M\224\002\022>_%\010\277\307"
 1090      CF79EE4D 
 1090      9402123E 
 1090      5F2508BF 
 1090      C7
 1091 0079 82902413 		.ascii	"\202\220$\023\004\007\034\012A\020\272\204\245\303\007"
 1091      04071C0A 
 1091      4110BA84 
 1091      A5C307
 1092 0088 740B6401 		.ascii	"t\013d\001\265\202\356I\3277\201\306@oA\023\240)\320"
 1092      B582EE49 
 1092      D73781C6 
 1092      406F4113 
 1092      A029D0
 1093 009b 0CE81DE8 		.ascii	"\014\350\035\350=h\001\344\000!$\010\030\344\003R\200"
 1093      3D6801E4 
 1093      00212408 
 1093      18E40352 
 1093      80
 1094 00ac 54200DC8 		.ascii	"T \015\310\017\024\000\372\000\264\032\264\026\264\016"
 1094      0F1400FA 
 1094      00B41AB4 
 1094      16B40E
 1095 00bb F421683D 		.ascii	"\364!h=h\003\350\027\240M\240\217A\233A[@\237\200~\005"
 1095      6803E817 
 1095      A04DA08F 
 1095      419B415B 
 1095      409F807E 
 1096 00d0 DA0AD221 		.ascii	"\332\012\322!\301\343H\2051\231\332)\215\221\264v\357"
 1096      C1E34885 
 1096      3199DA29 
 1096      8D91B476 
 1096      EF
 1097 00e1 E3C83271 		.ascii	"\343\3102q\226e\3422\227\211k]&\256`\231\270{\313\304"
 1097      9665E232 
 1097      97896B5D 
ARM GAS  /tmp/ccaQECfI.s 			page 35


 1097      26AE6099 
 1097      B87BCBC4 
 1098 00f5 9D860B5A 		.ascii	"\235\206\013Z).\020\264\006\264\015\346\372\341{\013"
 1098      292E10B4 
 1098      06B40DE6 
 1098      FAE17B0B 
 1099 0105 2818CE5F 		.ascii	"(\030\316_\303\367((\004\316\373\340\373\317 9\3509"
 1099      C3F72828 
 1099      04CEFBE0 
 1099      FBCF2039 
 1099      E839
 1100 0117 68183408 		.ascii	"h\0304\010\032\222rtI\337c^y\372\021\363\364K,\222\347"
 1100      1A927274 
 1100      49DF635E 
 1100      79FA11F3 
 1100      F44B2C92 
 1101 012c F50A1C72 		.ascii	"\365\012\034rl\024X-\267J\265\375D\252\365f\251\366"
 1101      6C14582D 
 1101      B74AB5FD 
 1101      44AAF566 
 1101      A9F6
 1102 013e 9BA4BDD8 		.ascii	"\233\244\275\330 \355\315\207\322^\255\225\366\356\003"
 1102      20EDCD87 
 1102      D25EAD95 
 1102      F6EE03
 1103 014d 692FFDA4 		.ascii	"i/\375\244\275UI{\355#\355=\351\001\322\013\244'Ho\220"
 1103      BD55497B 
 1103      ED23ED3D 
 1103      E901D20B 
 1103      A427486F 
 1104 0162 1E21BD42 		.ascii	"\036!\275Bz\206\364\316[\257\365gaThn\354\302OP?b\365"
 1104      7A86F4CE 
 1104      5BAFF567 
 1104      6154686E 
 1104      ECC24F50 
 1105 0179 94B92AEB 		.ascii	"\224\271*\353\265\345t\354p\036R.8d\310y\221Ey\333\004"
 1105      B5E574EC 
 1105      701E522E 
 1105      3864C879 
 1105      914579DB 
 1106 018e B6658849 		.ascii	"\266e\210I\346Ns\267\271\241\221\273\027\221\203|\272"
 1106      E64E73B7 
 1106      B9A191BB 
 1106      1791837C 
 1106      BA
 1107 019f 474B50A9 		.ascii	"GKP\251\031\220s\025\310m\325\316\013nX\3442qk\204\003"
 1107      19907315 
 1107      C86DD5CE 
 1107      0B6E58E4 
 1107      32716B84 
 1108 01b4 BB2A726A 		.ascii	"\273*rj!\275\300\177\000\331\367\211\242h\377\035Zk"
 1108      21BDC07F 
 1108      00D9F789 
 1108      A268FF1D 
 1108      5A6B
 1109 01c6 DE082698 		.ascii	"\336\010&\230/8\230\233\242\304?\243\347\355\217G+}"
 1109      2F38989B 
ARM GAS  /tmp/ccaQECfI.s 			page 36


 1109      A2C43FA3 
 1109      E7ED8F47 
 1109      2B7D
 1110 01d8 F0667A7E 		.ascii	"\360fz~1\177\276K)\227\011\250\036aF\230\263\332\254"
 1110      317FBE4B 
 1110      299709A8 
 1110      1E614698 
 1110      B3DAAC
 1111 01eb 3EF897F4 		.ascii	">\370\227\364\352\233S\351I\276\272*\221\035\312;X@"
 1111      EA9B53E9 
 1111      49BEBA2A 
 1111      911DCA3B 
 1111      5840
 1112 01fd 37104B66 		.ascii	"7\020Kf\324\220\200\344fs\255\337a\214\002\325H\006"
 1112      D49080E4 
 1112      6673ADDF 
 1112      618C02D5 
 1112      4806
 1113 020f C3A2EECE 		.ascii	"\303\242\356\316\004\004\3035j\264\012\206\231\305\267"
 1113      0404C335 
 1113      6AB40A86 
 1113      99C5B7
 1114 021e ACAA7599 		.ascii	"\254\252u\231\304kN\024W\311\320\316\237\240&\264\036"
 1114      C46B4E14 
 1114      57C9D0CE 
 1114      9FA026B4 
 1114      1E
 1115 022f 35A2F570 		.ascii	"5\242\365p#7\321:\001\305\313Y\326\227\365\227\032\025"
 1115      2337D13A 
 1115      01C5CB59 
 1115      D697F597 
 1115      1A15
 1116 0241 1F158AF6 		.ascii	"\037\025\212\366\006\261\241\247 \254\274-Y\354,\024"
 1116      06B1A1A7 
 1116      20ACBC2D 
 1116      59EC2C14 
 1117 0251 C5CF6818 		.ascii	"\305\317h\030\252C\0305 \035\230\256#\271@\206\002\252"
 1117      AA431835 
 1117      201D98AE 
 1117      23B94086 
 1117      02AA
 1118 0263 4503085D 		.ascii	"E\003\010]CO\220\321\352+\240[\350#\240\274\035=\322"
 1118      434F90D1 
 1118      EA2BA05B 
 1118      E823A0BC 
 1118      1D3DD2
 1119 0276 1180ABD1 		.ascii	"\021\200\253\321\012\267\366\376\337i#\316$M\277\316"
 1119      0AB7F6FE 
 1119      DF6923CE 
 1119      244DBFCE 
 1120 0286 151B12A0 		.ascii	"\025\033\022\240L2\232\241\331\225\3416\311\320\354"
 1120      4C329AA1 
 1120      D995E136 
 1120      C9D0EC
 1121 0295 99A10D32 		.ascii	"\231\241\0152Xh\2061\353\233>\214\257\257\224\241\323"
 1121      58688631 
 1121      EB9B3E8C 
ARM GAS  /tmp/ccaQECfI.s 			page 37


 1121      AFAF94A1 
 1121      D3
 1122 02a6 D1FB8D94 		.ascii	"\321\373\215\224`|\253G\202;\256\004-$\301\035\317\004"
 1122      607CAB47 
 1122      823BAE04 
 1122      2D24C11D 
 1122      CF04
 1123 02b8 B720412B 		.ascii	"\267 A+MP\376p\252I\203[Y\202\202\226\201\"-~\310\006"
 1123      4D50FE70 
 1123      AA49835B 
 1123      59828296 
 1123      81222D7E 
 1124 02ce C343D647 		.ascii	"\303C\326G\001$[\2333\333\323\324\256:\2253?j\007.)"
 1124      01245B9B 
 1124      33DBD3D4 
 1124      AE3A9533 
 1124      3F6A072E 
 1125 02e3 FA84A39A 		.ascii	"\372\204\243\232\336d\243\330`\323y\254\341\256k\015"
 1125      DE64A3D8 
 1125      60D379AC 
 1125      E1AE6B0D 
 1126 02f3 1D640D77 		.ascii	"\035d\015w=\327P\007k\270G\327\320\231}0\031\341\001"
 1126      3DD75007 
 1126      6BB847D7 
 1126      D0997D30 
 1126      19E101
 1127 0306 96F6745D 		.ascii	"\226\366t]\376\242F\272\247\201\337\022\236\350\344"
 1127      FEA246BA 
 1127      A781DF12 
 1127      9EE8E4
 1128 0315 753A7940 		.ascii	"u:y@\354\364\204%\003\254\213\302\256v\034\273\351\217"
 1128      ECF48425 
 1128      03AC8BC2 
 1128      AE761CBB 
 1128      E98F
 1129 0327 2718ACCA 		.ascii	"'\030\254\312\361\"/\200\365\213\210\310\003\\ikU\263"
 1129      F1222F80 
 1129      F58B88C8 
 1129      035C696B 
 1129      55B3
 1130 0339 86119530 		.ascii	"\206\021\2250\266\347\224\234\360e\327\0250\354K89\253"
 1130      B6E7949C 
 1130      F065D715 
 1130      30EC4B38 
 1130      39AB
 1131 034b 6543390C 		.ascii	"eC9\014\217\267^j\221\2427\302\360\316|v\246L}\200\264"
 1131      8FB75E6A 
 1131      91A237C2 
 1131      F0CE7C76 
 1131      A64C7D80 
 1132 0360 5761A2A8 		.ascii	"Wa\242\250\372\222\204\365@{=\240\355\365#R\013H\267"
 1132      FA9284F5 
 1132      407B3DA0 
 1132      EDF52352 
 1132      0B48B7
 1133 0373 1E75C308 		.ascii	"\036u\303\010\202o8N\334\2203\024I\2242q+A\216\027\330"
 1133      826F384E 
ARM GAS  /tmp/ccaQECfI.s 			page 38


 1133      DC903314 
 1133      49943271 
 1133      2B418E17 
 1134 0388 AAEA9217 		.ascii	"\252\352\222\027\256+\340\332\0265\"O[\000LY\306F\255"
 1134      AE2BE0DA 
 1134      1635224F 
 1134      5B004C59 
 1134      C646AD
 1135 039b 884D9188 		.ascii	"\210M\221\210\362\222\214b_|@F\007\271\366sEZ\2227\201"
 1135      F2928C62 
 1135      5F7C4046 
 1135      07B9F673 
 1135      455A9237 
 1136 03b0 E5155C59 		.ascii	"\345\025\\YQ/\242\026(\012z\014s\217X\356\344\031K\240"
 1136      512FA216 
 1136      280A7A0C 
 1136      738F58EE 
 1136      E4194BA0 
 1137 03c4 36CD158F 		.ascii	"6\315\025\217\372\220\373B\373\221\226m\347\335\266"
 1137      FA90FB42 
 1137      FB91966D 
 1137      E7DDB6
 1138 03d3 F4EB0A9C 		.ascii	"\364\353\012\234\301\222\230_\347\327kp\036\0338\237"
 1138      C192985F 
 1138      E7D76B70 
 1138      1E1B389F 
 1139 03e3 AB40F65C 		.ascii	"\253@\366\\9\253\270F\252\342\275W3W\324\270\202\306"
 1139      39ABB846 
 1139      AAE2BD57 
 1139      3357D4B8 
 1139      82C6
 1140 03f5 FA8CD597 		.ascii	"\372\214\325\227\015iQP\320\352\240\240b\222\262\341"
 1140      0D695150 
 1140      D0EAA0A0 
 1140      6292B2E1 
 1141 0405 C15905EC 		.ascii	"\301Y\005\354Z\222/I\004[\203\321\013\264\332-\275\216"
 1141      5A922F49 
 1141      045B83D1 
 1141      0BB4DA2D 
 1141      BD8E
 1142 0417 7C04C307 		.ascii	"|\004\303\007\213\0368\213\305\222m4\326\306\305>D\316"
 1142      8B1E388B 
 1142      C5926D34 
 1142      D6C6C53E 
 1142      44CE
 1143 0429 E00CFA50 		.ascii	"\340\014\372P\203H#=\205\200\001z\211\204\223\233\177"
 1143      8348233D 
 1143      8580017A 
 1143      8984939B 
 1143      7F
 1144 043a 8E82D030 		.ascii	"\216\202\3200h\0204\204\202H\2070\374\313%\374\263\025"
 1144      68103484 
 1144      82488730 
 1144      FCCB25FC 
 1144      B315
 1145 044c F03DC8B5 		.ascii	"\360=\310\265\030\333R\264}\371\205\323`(\301\203\037"
 1145      18DB52B4 
ARM GAS  /tmp/ccaQECfI.s 			page 39


 1145      7DF985D3 
 1145      6028C183 
 1145      1F
 1146 045d BB6EAB70 		.ascii	"\273n\253p\015+W\377\243\346R\305\352e\227\210^J\234"
 1146      0D2B57FF 
 1146      A3E652C5 
 1146      EA659788 
 1146      5E4A9C
 1147 0470 1556495A 		.ascii	"\025VIZ\243=-Q\033h\226\334\237\311\321\010\204[\301"
 1147      A33D2D51 
 1147      1B6896DC 
 1147      9FC9D108 
 1147      845BC1
 1148 0483 7F9FA67D 		.ascii	"\177\237\246}\205\002Ys\321\340\253O\006\007\375\235"
 1148      85025973 
 1148      D1E0AB4F 
 1148      0607FD9D 
 1149 0493 A992FED7 		.ascii	"\251\222\376\327T\027\272Z\246\345\356\251F\377K\252"
 1149      5417BA5A 
 1149      A6E5EEA9 
 1149      46FF4BAA 
 1150 04a3 42FB398B 		.ascii	"B\3739\213\357\346\323b'<\210\035\371??&\212_\242\327"
 1150      EFE6D362 
 1150      273C881D 
 1150      F93F3F26 
 1150      8A5FA2D7 
 1151 04b7 2810FDC0 		.ascii	"(\020\375\300\236B7\037\231\371Vf\234\363\021\320\030"
 1151      9E42371F 
 1151      99F95666 
 1151      9CF311D0 
 1151      18
 1152 04c8 DA0CD6F1 		.ascii	"\332\014\326\361\311\364K\001\330\302\252\223nkM\321"
 1152      C9F44B01 
 1152      D8C2AA93 
 1152      6E6B4DD1 
 1153 04d8 00C70E05 		.ascii	"\000\307\016\005~\235\035X\234X\310:\362\215\304Y\252"
 1153      7E9D1D58 
 1153      9C58C83A 
 1153      F28DC459 
 1153      AA
 1154 04e9 30CC08C6 		.ascii	"0\314\010\306\347\360~yK)/\323\273\035\001\330\306("
 1154      E7F07E79 
 1154      4B292FD3 
 1154      BB1D01D8 
 1154      C628
 1155 04fb 471B5E5C 		.ascii	"G\033^\\D\022\345U\0116\007Q\3068\307\030'\214\267\300"
 1155      4412E555 
 1155      09360751 
 1155      C638C718 
 1155      278CB7C0 
 1156 050f 98A08CD2 		.ascii	"\230\240\214\322E\353\367\276x\2101F\322\033'\375$\306"
 1156      45EBF7BE 
 1156      78883146 
 1156      D21B27FD 
 1156      24C6
 1157 0521 B3522763 		.ascii	"\263R'c\222cL\022\306\0020\246(#\247b4G\215g\030c\370"
 1157      92634C12 
ARM GAS  /tmp/ccaQECfI.s 			page 40


 1157      C60230A6 
 1157      2823A762 
 1157      34478D67 
 1158 0538 61D5B8CA 		.ascii	"a\325\270\312\311\370i\256\330$\247\220i\0162M \251"
 1158      C9F869AE 
 1158      D824A790 
 1158      690E324D 
 1158      20A9
 1159 054a F0929AA1 		.ascii	"\360\222\232\241\220\3477\357<Q\342\024L!\266\351J\021"
 1159      90E737EF 
 1159      3C51E214 
 1159      4C21B6E9 
 1159      4A11
 1160 055c 4B90DB39 		.ascii	"K\220\3339K%\231\345(\263\204\222\011\224w\224\222\360"
 1160      4B2599E5 
 1160      28B38492 
 1160      09947794 
 1160      92F0
 1161 056e 26AB5A83 		.ascii	"&\253Z\203s\031\245\274\247|\312\237+\311\034\307\230"
 1161      7319A5BC 
 1161      A77CCA9F 
 1161      2BC91CC7 
 1161      98
 1162 057f 238C2260 		.ascii	"#\214\"`\274\247\214\256\206\313\025\012\\\306\030="
 1162      BCA78CAE 
 1162      86CB150A 
 1162      5CC6183D 
 1163 058f A3373B95 		.ascii	"\2437;\225\\I\3469\306<aT\001c\2012\006\237\036\252"
 1163      5C49E639 
 1163      C63C6154 
 1163      01638132 
 1163      069F1EAA 
 1164 05a3 F6C5358C 		.ascii	"\366\3055\214a\315\276\322$\343K\262\310A\026\011\344"
 1164      61CDBED2 
 1164      24E34BB2 
 1164      C8411609 
 1164      E4
 1165 05b4 2A401C14 		.ascii	"*@\034\024\362\270\340\354;-\2660\310\302b\236\325Y"
 1165      F2B8E0EC 
 1165      3B2DB630 
 1165      C8C2629E 
 1165      D559
 1166 05c6 D73EB792 		.ascii	"\327>\267\222\2102o\012\314\010\306f\240\354\223\021"
 1166      88326F0A 
 1166      CC08C666 
 1166      A0EC9311 
 1167 05d6 4AD6B5B6 		.ascii	"J\326\265\266\032\005\2661\312\3753\347F\370\222$p\214"
 1167      1A05B631 
 1167      CAFD33E7 
 1167      46F89224 
 1167      708C
 1168 05e8 04C2E802 		.ascii	"\004\302\350\002F\"e8:\012\332ex\2101n'\227\333\371"
 1168      46226538 
 1168      3A0ADA65 
 1168      7888316E 
 1168      2797DBF9 
 1169 05fc 2E49E218 		.ascii	".I\342\030I\204\321\013\214\375\224\321Zw\264\026\272"
ARM GAS  /tmp/ccaQECfI.s 			page 41


 1169      4984D10B 
 1169      8CFD94D1 
 1169      5A77B416 
 1169      BA
 1170 060d 8431129A 		.ascii	"\2041\022\232-uZ\276$\311\034$\231@\206\001\222B!\331"
 1170      2D755ABE 
 1170      24C91C24 
 1170      99408601 
 1170      924221D9 
 1171 0621 875237E0 		.ascii	"\207R7\340\0249\333\336\371\3066g\307O\273U\344\000"
 1171      1439DBDE 
 1171      F9C63667 
 1171      C74FBB55 
 1171      E400
 1172 0633 07394020 		.ascii	"\0079@ S\000I\245\220\227\347\257^V\341\\Fy\220\230"
 1172      530049A5 
 1172      9097E7AF 
 1172      5E56E15C 
 1172      46799098 
 1173 0647 F3CA8FAB 		.ascii	"\363\312\217\253H\032\307H#\214}\360:9H\031\357\213"
 1173      481AC748 
 1173      238C7DF0 
 1173      3A394819 
 1173      EF8B
 1174 0659 DE55C871 		.ascii	"\336U\310q\031c\\\265\246&i\271\212\034\342\030\207"
 1174      19635CB5 
 1174      A62669B9 
 1174      8A1CE218 
 1174      87
 1175 066a 08231D18 		.ascii	"\010#\035\030\351\224\221\227\177\252V\213k\030c\177"
 1175      E9949197 
 1175      7FAA568B 
 1175      6B18637F 
 1176 067a 59D30F7E 		.ascii	"Y\323\017~|E\016s\220\303\004\222\003\220#\024r\376"
 1176      7C450E73 
 1176      90C30492 
 1176      03902314 
 1176      72FE
 1177 068c 7AEF3515 		.ascii	"z\3575\025\2660H\315\323\027'\025\022\244#w\251$f\216"
 1177      B63048CD 
 1177      D3172715 
 1177      12A42377 
 1177      A924668E 
 1178 06a0 62269433 		.ascii	"b&\2243@\311\240\224\375\263\311yJl\223\012\333\233"
 1178      40C9A094 
 1178      FDB3C979 
 1178      4A6C930A 
 1178      DB9B
 1179 06b2 D9EBC395 		.ascii	"\331\353\303\225\344(\3078J\030\325\3008F\031\267\263"
 1179      E428C738 
 1179      4A18D5C0 
 1179      384619B7 
 1179      B3
 1180 06c3 D22F69F0 		.ascii	"\322/i\360\020c8\006+\3124\\I\216s\214\343\204Q\017"
 1180      10633806 
 1180      2BCA345C 
 1180      498E738C 
ARM GAS  /tmp/ccaQECfI.s 			page 42


 1180      E384510F 
 1181 06d7 8C4CCA38 		.ascii	"\214L\31283in\221\343\031\306\250}T2\256\341Kr\202\203"
 1181      33696E91 
 1181      E319C6A8 
 1181      7D5432AE 
 1181      E14B7282 
 1182 06ec 9C209016 		.ascii	"\234 \220\026\200dQHjci\271\032\247\370PH\246\370\354"
 1182      80645148 
 1182      6A6369B9 
 1182      1AA7F850 
 1182      48A6F8EC 
 1183 0700 6B8931E8 		.ascii	"k\2111\350V\221l\016\222M \335\000\311\241\220ke\027"
 1183      56916C0E 
 1183      924D20DD 
 1183      00C9A190 
 1183      6B6517
 1184 0713 C6E14DC2 		.ascii	"\306\341M\302 W\246\372.k\271\212\344r\214\\\302x\002"
 1184      2057A6FA 
 1184      2E6BB98A 
 1184      E4728C5C 
 1184      C27802
 1185 0726 8C3CCAB8 		.ascii	"\214<\312\2702j\233\365\305e\214q\343\\\321,\377\330"
 1185      326A9BF5 
 1185      C5658C71 
 1185      E35CD12C 
 1185      FFD8
 1186 0738 E4738C7C 		.ascii	"\344s\214|\302\030\005\306I\312\230\270k\206\307\246"
 1186      C21805C6 
 1186      49CA98B8 
 1186      6B86C7A6 
 1187 0748 86318ADA 		.ascii	"\2061\212\332\355m\3134\311)\016r\212@\336\001\244\200"
 1187      ED6DCB34 
 1187      C9290E72 
 1187      8A40DE01 
 1187      A480
 1188 075a 426AEBDE 		.ascii	"Bj\353\336o\300\026\306\230{\374\242\327\331#\213n\025"
 1188      6FC016C6 
 1188      987BFCA2 
 1188      D7D9238B 
 1188      6E15
 1189 076c 29E42085 		.ascii	")\344 \205\004\262\037~\264\212(\304|\241h\036z\204"
 1189      04B21F7E 
 1189      B48A28C4 
 1189      7CA1681E 
 1189      7A84
 1190 077e 511607DB 		.ascii	"Q\026\007\333\017\312\271\212\024s\214b\302\310\000"
 1190      0FCAB98A 
 1190      14738C62 
 1190      C2C800
 1191 078d C6697637 		.ascii	"\306iv7\367+{\374\360\220\2645\011\363\365\210\253H"
 1191      F72B7BFC 
 1191      F090B435 
 1191      09F3F588 
 1191      AB48
 1192 079f 09C72821 		.ascii	"\011\307(!\214\223\3008C\031\366\313\337_\360\3073\214"
 1192      8C93C038 
 1192      4319F6CB 
ARM GAS  /tmp/ccaQECfI.s 			page 43


 1192      DF5FF0C7 
 1192      338C
 1193 07b1 619F1FE9 		.ascii	"a\237\037\351\366\345+R\312AJ\011\244\034 g)\244\312"
 1193      F6E52B52 
 1193      CA414A09 
 1193      A41C2067 
 1193      29A4CA
 1194 07c4 FC344B81 		.ascii	"\3744K\201S|\331ogI\3733"
 1194      537CD96F 
 1194      6749FB33 
 1195 07d0 27E441DE 		.ascii	"'\344A\336RI\3128J\031\241\\\006J9\245\344\336?^\213"
 1195      5249CA38 
 1195      4A19A15C 
 1195      064A39A5 
 1195      E4DE3F5E 
 1196 07e5 702EA3CC 		.ascii	"p.\243\314\334\034>\314\277I*8F\005a4\002\343\034e\274"
 1196      DC1C3ECC 
 1196      BF492A38 
 1196      46056134 
 1196      02E31C65 
 1197 07fa 4AE9EF83 		.ascii	"J\351\357\203&a\214\264i\307%\025W\222J\216QI\030\355"
 1197      26618CB4 
 1197      69C72515 
 1197      57924A8E 
 1197      514918ED 
 1198 080e C0A862EF 		.ascii	"\300\250b\357\370\211\271Dh\022\306\030\251\275\226"
 1198      F889B944 
 1198      6812C618 
 1198      A9BD96
 1199 081d 89F8929C 		.ascii	"\211\370\222\234\347 \347\011\344!@.P\310HZ\323\234"
 1199      E720E709 
 1199      E421402E 
 1199      50C8485A 
 1199      D39C
 1200 082f C6FD6FF1 		.ascii	"\306\375o\361\250\307\337\273\2132\362\267\230|A\354"
 1200      A8C7DFBB 
 1200      8B32F2B7 
 1200      987C41EC 
 1201 083f D4644BB7 		.ascii	"\324dK\267\314=\226\374\361Y\212\255f\261\32546#\345"
 1201      CC3D96FC 
 1201      F1598AAD 
 1201      66B1D534 
 1201      3623E5
 1202 0852 C801576C 		.ascii	"\310\001Wl\322\012\177\267\321\277\300\202\203\303\005"
 1202      D20A7FB7 
 1202      D1BFC082 
 1202      83C305
 1203 0861 65645CF4 		.ascii	"ed\\\364\337#\266F\013\352\250\3308\223a\357\326\350"
 1203      DF23B646 
 1203      0BEAA8D8 
 1203      389361EF 
 1203      D6E8
 1204 0873 5041ADD7 		.ascii	"PA\255\327G\355\216\327\033c\214&\371?\014\221\177\333"
 1204      47ED8ED7 
 1204      1B638C26 
 1204      F93F0C91 
 1204      7FDB
ARM GAS  /tmp/ccaQECfI.s 			page 44


 1205 0885 BE63A7F1 		.ascii	"\276c\247\361;\343\327\177\322\305\356\321E\305FG\307"
 1205      3BE3D77F 
 1205      D2C5EED1 
 1205      45C54647 
 1205      C7
 1206 0896 C6E8F698 		.ascii	"\306\350\366\230\"\343L\361\273u\237\377\361\253\035"
 1206      22E34CF1 
 1206      BB759FFF 
 1206      F1AB1D
 1207 08a5 5FED25B3 		.ascii	"_\355%\263\273\215\273\014q{t_\354\330\241\213\2123"
 1207      BB8DBB0C 
 1207      717B745F 
 1207      ECD8A18B 
 1207      8A33
 1208 08b7 057F1AA5 		.ascii	"\005\177\032\245\374\342\017\337l\334\021\034!\254b"
 1208      FCE20FDF 
 1208      6CDC111C 
 1208      21AC62
 1209 08c6 E34FC37F 		.ascii	"\343O\303\177\023\271\315`\010\373N\010\377\277x\202"
 1209      13B9CD60 
 1209      08FB4E08 
 1209      FFBF7882 
 1210 08d6 56AF3744 		.ascii	"V\2577D\306\355\372']\230F\257\337\025i2\320s\177\275"
 1210      C6EDFA27 
 1210      5D9846AF 
 1210      DF156932 
 1210      D0737FBD 
 1211 08ea FE2F86BF 		.ascii	"\376/\206\277F\306\3572\351\015{\215&eLl\234\301\024"
 1211      46C6EF32 
 1211      E90D7B8D 
 1211      26654C6C 
 1211      9CC114
 1212 08fd 1F17B34A 		.ascii	"\037\027\263JO/\353\343\"\243\365\221q\206\310=*\327"
 1212      4F2FEBE3 
 1212      22A3F591 
 1212      7186C83D 
 1212      2AD7
 1213 090f 993A6A17 		.ascii	"\231:j\027\260\350\2712\336\030c\012\015\321\233T4\230"
 1213      B0E8B932 
 1213      DE18630A 
 1213      0DD19B54 
 1213      3498
 1214 0921 4CF9D333 		.ascii	"L\371\3233\250\006\033jcb\365\256k\001\204\341\032\351"
 1214      A8061B6A 
 1214      6362F5AE 
 1214      6B0184E1 
 1214      1AE9
 1215 0933 4D817AC2 		.ascii	"M\201z\302\337\246_\262\350\375\334\247\364\376\322"
 1215      DFA65FB2 
 1215      E8FDDCA7 
 1215      F4FED2
 1216 0942 8865D407 		.ascii	"\210e\324\007H\303\230Xv\231\371\203y\177\260\207?\330"
 1216      48C39858 
 1216      7699F983 
 1216      797FB087 
 1216      3FD8
 1217 0954 D31FECE5 		.ascii	"\323\037\354\345\017\341\375!\036\376\020O\177\210\227"
ARM GAS  /tmp/ccaQECfI.s 			page 45


 1217      0FE1FD21 
 1217      1EFE104F 
 1217      7F8897
 1218 0963 3F94F787 		.ascii	"?\224\367\207z\370C=\375\241^\3760\336\037\346\341\017"
 1218      7AF8433D 
 1218      FDA15EFE 
 1218      30DE1FE6 
 1218      E10F
 1219 0975 F3F48779 		.ascii	"\363\364\207y\371\267\363\376\355\036\376\355\236\376"
 1219      F9B7F3FE 
 1219      ED1EFEED 
 1219      9EFE
 1220 0983 ED5EFE70 		.ascii	"\355^\376p\336\037\356\341\017\367\364\207{\371#x\177"
 1220      DE1FEEE1 
 1220      0FF7F487 
 1220      7BF92378 
 1220      7F
 1221 0994 84873FC2 		.ascii	"\204\207?\302\323\037\341\362\377\007\262\320B\320"
 1221      D31FE1F2 
 1221      FF07B2D0 
 1221      42D0
 1222              		.text
 1223              		.section	.gnu.lto_.symtab.deea0e083d584cf6,"e",%progbits
 1224 0000 5F5F6370 		.ascii	"__cpu_init\000"
 1224      755F696E 
 1224      697400
 1225 000b 00       		.ascii	"\000"
 1226 000c 01       		.ascii	"\001"
 1227 000d 00       		.ascii	"\000"
 1228 000e 00000000 		.ascii	"\000\000\000\000\000\000\000\000"
 1228      00000000 
 1229 0016 C4000000 		.ascii	"\304\000\000\000"
 1230 001a 5F5F6561 		.ascii	"__early_init\000"
 1230      726C795F 
 1230      696E6974 
 1230      00
 1231 0027 00       		.ascii	"\000"
 1232 0028 01       		.ascii	"\001"
 1233 0029 00       		.ascii	"\000"
 1234 002a 00000000 		.ascii	"\000\000\000\000\000\000\000\000"
 1234      00000000 
 1235 0032 C7000000 		.ascii	"\307\000\000\000"
 1236 0036 5F5F6C61 		.ascii	"__late_init\000"
 1236      74655F69 
 1236      6E697400 
 1237 0042 00       		.ascii	"\000"
 1238 0043 01       		.ascii	"\001"
 1239 0044 00       		.ascii	"\000"
 1240 0045 00000000 		.ascii	"\000\000\000\000\000\000\000\000"
 1240      00000000 
 1241 004d CA000000 		.ascii	"\312\000\000\000"
 1242 0051 5F5F6465 		.ascii	"__default_exit\000"
 1242      6661756C 
 1242      745F6578 
 1242      697400
 1243 0060 00       		.ascii	"\000"
 1244 0061 01       		.ascii	"\001"
ARM GAS  /tmp/ccaQECfI.s 			page 46


 1245 0062 00       		.ascii	"\000"
 1246 0063 00000000 		.ascii	"\000\000\000\000\000\000\000\000"
 1246      00000000 
 1247 006b CF000000 		.ascii	"\317\000\000\000"
 1248 006f 5F5F696E 		.ascii	"__init_ram_areas\000"
 1248      69745F72 
 1248      616D5F61 
 1248      72656173 
 1248      00
 1249 0080 00       		.ascii	"\000"
 1250 0081 00       		.ascii	"\000"
 1251 0082 00       		.ascii	"\000"
 1252 0083 00000000 		.ascii	"\000\000\000\000\000\000\000\000"
 1252      00000000 
 1253 008b D1000000 		.ascii	"\321\000\000\000"
 1254 008f 5F5F7261 		.ascii	"__ram0_init_text__\000"
 1254      6D305F69 
 1254      6E69745F 
 1254      74657874 
 1254      5F5F00
 1255 00a2 00       		.ascii	"\000"
 1256 00a3 02       		.ascii	"\002"
 1257 00a4 00       		.ascii	"\000"
 1258 00a5 00000000 		.ascii	"\000\000\000\000\000\000\000\000"
 1258      00000000 
 1259 00ad F1000000 		.ascii	"\361\000\000\000"
 1260 00b1 5F5F7261 		.ascii	"__ram0_init__\000"
 1260      6D305F69 
 1260      6E69745F 
 1260      5F00
 1261 00bf 00       		.ascii	"\000"
 1262 00c0 02       		.ascii	"\002"
 1263 00c1 00       		.ascii	"\000"
 1264 00c2 00000000 		.ascii	"\000\000\000\000\000\000\000\000"
 1264      00000000 
 1265 00ca F3000000 		.ascii	"\363\000\000\000"
 1266 00ce 5F5F7261 		.ascii	"__ram0_clear__\000"
 1266      6D305F63 
 1266      6C656172 
 1266      5F5F00
 1267 00dd 00       		.ascii	"\000"
 1268 00de 02       		.ascii	"\002"
 1269 00df 00       		.ascii	"\000"
 1270 00e0 00000000 		.ascii	"\000\000\000\000\000\000\000\000"
 1270      00000000 
 1271 00e8 F5000000 		.ascii	"\365\000\000\000"
 1272 00ec 5F5F7261 		.ascii	"__ram0_noinit__\000"
 1272      6D305F6E 
 1272      6F696E69 
 1272      745F5F00 
 1273 00fc 00       		.ascii	"\000"
 1274 00fd 02       		.ascii	"\002"
 1275 00fe 00       		.ascii	"\000"
 1276 00ff 00000000 		.ascii	"\000\000\000\000\000\000\000\000"
 1276      00000000 
 1277 0107 F7000000 		.ascii	"\367\000\000\000"
 1278 010b 5F5F7261 		.ascii	"__ram1_init_text__\000"
ARM GAS  /tmp/ccaQECfI.s 			page 47


 1278      6D315F69 
 1278      6E69745F 
 1278      74657874 
 1278      5F5F00
 1279 011e 00       		.ascii	"\000"
 1280 011f 02       		.ascii	"\002"
 1281 0120 00       		.ascii	"\000"
 1282 0121 00000000 		.ascii	"\000\000\000\000\000\000\000\000"
 1282      00000000 
 1283 0129 F9000000 		.ascii	"\371\000\000\000"
 1284 012d 5F5F7261 		.ascii	"__ram1_init__\000"
 1284      6D315F69 
 1284      6E69745F 
 1284      5F00
 1285 013b 00       		.ascii	"\000"
 1286 013c 02       		.ascii	"\002"
 1287 013d 00       		.ascii	"\000"
 1288 013e 00000000 		.ascii	"\000\000\000\000\000\000\000\000"
 1288      00000000 
 1289 0146 FB000000 		.ascii	"\373\000\000\000"
 1290 014a 5F5F7261 		.ascii	"__ram1_clear__\000"
 1290      6D315F63 
 1290      6C656172 
 1290      5F5F00
 1291 0159 00       		.ascii	"\000"
 1292 015a 02       		.ascii	"\002"
 1293 015b 00       		.ascii	"\000"
 1294 015c 00000000 		.ascii	"\000\000\000\000\000\000\000\000"
 1294      00000000 
 1295 0164 FD000000 		.ascii	"\375\000\000\000"
 1296 0168 5F5F7261 		.ascii	"__ram1_noinit__\000"
 1296      6D315F6E 
 1296      6F696E69 
 1296      745F5F00 
 1297 0178 00       		.ascii	"\000"
 1298 0179 02       		.ascii	"\002"
 1299 017a 00       		.ascii	"\000"
 1300 017b 00000000 		.ascii	"\000\000\000\000\000\000\000\000"
 1300      00000000 
 1301 0183 FF000000 		.ascii	"\377\000\000\000"
 1302 0187 5F5F7261 		.ascii	"__ram2_init_text__\000"
 1302      6D325F69 
 1302      6E69745F 
 1302      74657874 
 1302      5F5F00
 1303 019a 00       		.ascii	"\000"
 1304 019b 02       		.ascii	"\002"
 1305 019c 00       		.ascii	"\000"
 1306 019d 00000000 		.ascii	"\000\000\000\000\000\000\000\000"
 1306      00000000 
 1307 01a5 01010000 		.ascii	"\001\001\000\000"
 1308 01a9 5F5F7261 		.ascii	"__ram2_init__\000"
 1308      6D325F69 
 1308      6E69745F 
 1308      5F00
 1309 01b7 00       		.ascii	"\000"
 1310 01b8 02       		.ascii	"\002"
ARM GAS  /tmp/ccaQECfI.s 			page 48


 1311 01b9 00       		.ascii	"\000"
 1312 01ba 00000000 		.ascii	"\000\000\000\000\000\000\000\000"
 1312      00000000 
 1313 01c2 03010000 		.ascii	"\003\001\000\000"
 1314 01c6 5F5F7261 		.ascii	"__ram2_clear__\000"
 1314      6D325F63 
 1314      6C656172 
 1314      5F5F00
 1315 01d5 00       		.ascii	"\000"
 1316 01d6 02       		.ascii	"\002"
 1317 01d7 00       		.ascii	"\000"
 1318 01d8 00000000 		.ascii	"\000\000\000\000\000\000\000\000"
 1318      00000000 
 1319 01e0 05010000 		.ascii	"\005\001\000\000"
 1320 01e4 5F5F7261 		.ascii	"__ram2_noinit__\000"
 1320      6D325F6E 
 1320      6F696E69 
 1320      745F5F00 
 1321 01f4 00       		.ascii	"\000"
 1322 01f5 02       		.ascii	"\002"
 1323 01f6 00       		.ascii	"\000"
 1324 01f7 00000000 		.ascii	"\000\000\000\000\000\000\000\000"
 1324      00000000 
 1325 01ff 07010000 		.ascii	"\007\001\000\000"
 1326 0203 5F5F7261 		.ascii	"__ram3_init_text__\000"
 1326      6D335F69 
 1326      6E69745F 
 1326      74657874 
 1326      5F5F00
 1327 0216 00       		.ascii	"\000"
 1328 0217 02       		.ascii	"\002"
 1329 0218 00       		.ascii	"\000"
 1330 0219 00000000 		.ascii	"\000\000\000\000\000\000\000\000"
 1330      00000000 
 1331 0221 09010000 		.ascii	"\011\001\000\000"
 1332 0225 5F5F7261 		.ascii	"__ram3_init__\000"
 1332      6D335F69 
 1332      6E69745F 
 1332      5F00
 1333 0233 00       		.ascii	"\000"
 1334 0234 02       		.ascii	"\002"
 1335 0235 00       		.ascii	"\000"
 1336 0236 00000000 		.ascii	"\000\000\000\000\000\000\000\000"
 1336      00000000 
 1337 023e 0B010000 		.ascii	"\013\001\000\000"
 1338 0242 5F5F7261 		.ascii	"__ram3_clear__\000"
 1338      6D335F63 
 1338      6C656172 
 1338      5F5F00
 1339 0251 00       		.ascii	"\000"
 1340 0252 02       		.ascii	"\002"
 1341 0253 00       		.ascii	"\000"
 1342 0254 00000000 		.ascii	"\000\000\000\000\000\000\000\000"
 1342      00000000 
 1343 025c 0D010000 		.ascii	"\015\001\000\000"
 1344 0260 5F5F7261 		.ascii	"__ram3_noinit__\000"
 1344      6D335F6E 
ARM GAS  /tmp/ccaQECfI.s 			page 49


 1344      6F696E69 
 1344      745F5F00 
 1345 0270 00       		.ascii	"\000"
 1346 0271 02       		.ascii	"\002"
 1347 0272 00       		.ascii	"\000"
 1348 0273 00000000 		.ascii	"\000\000\000\000\000\000\000\000"
 1348      00000000 
 1349 027b 0F010000 		.ascii	"\017\001\000\000"
 1350 027f 5F5F7261 		.ascii	"__ram4_init_text__\000"
 1350      6D345F69 
 1350      6E69745F 
 1350      74657874 
 1350      5F5F00
 1351 0292 00       		.ascii	"\000"
 1352 0293 02       		.ascii	"\002"
 1353 0294 00       		.ascii	"\000"
 1354 0295 00000000 		.ascii	"\000\000\000\000\000\000\000\000"
 1354      00000000 
 1355 029d 11010000 		.ascii	"\021\001\000\000"
 1356 02a1 5F5F7261 		.ascii	"__ram4_init__\000"
 1356      6D345F69 
 1356      6E69745F 
 1356      5F00
 1357 02af 00       		.ascii	"\000"
 1358 02b0 02       		.ascii	"\002"
 1359 02b1 00       		.ascii	"\000"
 1360 02b2 00000000 		.ascii	"\000\000\000\000\000\000\000\000"
 1360      00000000 
 1361 02ba 13010000 		.ascii	"\023\001\000\000"
 1362 02be 5F5F7261 		.ascii	"__ram4_clear__\000"
 1362      6D345F63 
 1362      6C656172 
 1362      5F5F00
 1363 02cd 00       		.ascii	"\000"
 1364 02ce 02       		.ascii	"\002"
 1365 02cf 00       		.ascii	"\000"
 1366 02d0 00000000 		.ascii	"\000\000\000\000\000\000\000\000"
 1366      00000000 
 1367 02d8 15010000 		.ascii	"\025\001\000\000"
 1368 02dc 5F5F7261 		.ascii	"__ram4_noinit__\000"
 1368      6D345F6E 
 1368      6F696E69 
 1368      745F5F00 
 1369 02ec 00       		.ascii	"\000"
 1370 02ed 02       		.ascii	"\002"
 1371 02ee 00       		.ascii	"\000"
 1372 02ef 00000000 		.ascii	"\000\000\000\000\000\000\000\000"
 1372      00000000 
 1373 02f7 17010000 		.ascii	"\027\001\000\000"
 1374 02fb 5F5F7261 		.ascii	"__ram5_init_text__\000"
 1374      6D355F69 
 1374      6E69745F 
 1374      74657874 
 1374      5F5F00
 1375 030e 00       		.ascii	"\000"
 1376 030f 02       		.ascii	"\002"
 1377 0310 00       		.ascii	"\000"
ARM GAS  /tmp/ccaQECfI.s 			page 50


 1378 0311 00000000 		.ascii	"\000\000\000\000\000\000\000\000"
 1378      00000000 
 1379 0319 19010000 		.ascii	"\031\001\000\000"
 1380 031d 5F5F7261 		.ascii	"__ram5_init__\000"
 1380      6D355F69 
 1380      6E69745F 
 1380      5F00
 1381 032b 00       		.ascii	"\000"
 1382 032c 02       		.ascii	"\002"
 1383 032d 00       		.ascii	"\000"
 1384 032e 00000000 		.ascii	"\000\000\000\000\000\000\000\000"
 1384      00000000 
 1385 0336 1B010000 		.ascii	"\033\001\000\000"
 1386 033a 5F5F7261 		.ascii	"__ram5_clear__\000"
 1386      6D355F63 
 1386      6C656172 
 1386      5F5F00
 1387 0349 00       		.ascii	"\000"
 1388 034a 02       		.ascii	"\002"
 1389 034b 00       		.ascii	"\000"
 1390 034c 00000000 		.ascii	"\000\000\000\000\000\000\000\000"
 1390      00000000 
 1391 0354 1D010000 		.ascii	"\035\001\000\000"
 1392 0358 5F5F7261 		.ascii	"__ram5_noinit__\000"
 1392      6D355F6E 
 1392      6F696E69 
 1392      745F5F00 
 1393 0368 00       		.ascii	"\000"
 1394 0369 02       		.ascii	"\002"
 1395 036a 00       		.ascii	"\000"
 1396 036b 00000000 		.ascii	"\000\000\000\000\000\000\000\000"
 1396      00000000 
 1397 0373 1F010000 		.ascii	"\037\001\000\000"
 1398 0377 5F5F7261 		.ascii	"__ram6_init_text__\000"
 1398      6D365F69 
 1398      6E69745F 
 1398      74657874 
 1398      5F5F00
 1399 038a 00       		.ascii	"\000"
 1400 038b 02       		.ascii	"\002"
 1401 038c 00       		.ascii	"\000"
 1402 038d 00000000 		.ascii	"\000\000\000\000\000\000\000\000"
 1402      00000000 
 1403 0395 21010000 		.ascii	"!\001\000\000"
 1404 0399 5F5F7261 		.ascii	"__ram6_init__\000"
 1404      6D365F69 
 1404      6E69745F 
 1404      5F00
 1405 03a7 00       		.ascii	"\000"
 1406 03a8 02       		.ascii	"\002"
 1407 03a9 00       		.ascii	"\000"
 1408 03aa 00000000 		.ascii	"\000\000\000\000\000\000\000\000"
 1408      00000000 
 1409 03b2 23010000 		.ascii	"#\001\000\000"
 1410 03b6 5F5F7261 		.ascii	"__ram6_clear__\000"
 1410      6D365F63 
 1410      6C656172 
ARM GAS  /tmp/ccaQECfI.s 			page 51


 1410      5F5F00
 1411 03c5 00       		.ascii	"\000"
 1412 03c6 02       		.ascii	"\002"
 1413 03c7 00       		.ascii	"\000"
 1414 03c8 00000000 		.ascii	"\000\000\000\000\000\000\000\000"
 1414      00000000 
 1415 03d0 25010000 		.ascii	"%\001\000\000"
 1416 03d4 5F5F7261 		.ascii	"__ram6_noinit__\000"
 1416      6D365F6E 
 1416      6F696E69 
 1416      745F5F00 
 1417 03e4 00       		.ascii	"\000"
 1418 03e5 02       		.ascii	"\002"
 1419 03e6 00       		.ascii	"\000"
 1420 03e7 00000000 		.ascii	"\000\000\000\000\000\000\000\000"
 1420      00000000 
 1421 03ef 27010000 		.ascii	"'\001\000\000"
 1422 03f3 5F5F7261 		.ascii	"__ram7_init_text__\000"
 1422      6D375F69 
 1422      6E69745F 
 1422      74657874 
 1422      5F5F00
 1423 0406 00       		.ascii	"\000"
 1424 0407 02       		.ascii	"\002"
 1425 0408 00       		.ascii	"\000"
 1426 0409 00000000 		.ascii	"\000\000\000\000\000\000\000\000"
 1426      00000000 
 1427 0411 29010000 		.ascii	")\001\000\000"
 1428 0415 5F5F7261 		.ascii	"__ram7_init__\000"
 1428      6D375F69 
 1428      6E69745F 
 1428      5F00
 1429 0423 00       		.ascii	"\000"
 1430 0424 02       		.ascii	"\002"
 1431 0425 00       		.ascii	"\000"
 1432 0426 00000000 		.ascii	"\000\000\000\000\000\000\000\000"
 1432      00000000 
 1433 042e 2B010000 		.ascii	"+\001\000\000"
 1434 0432 5F5F7261 		.ascii	"__ram7_clear__\000"
 1434      6D375F63 
 1434      6C656172 
 1434      5F5F00
 1435 0441 00       		.ascii	"\000"
 1436 0442 02       		.ascii	"\002"
 1437 0443 00       		.ascii	"\000"
 1438 0444 00000000 		.ascii	"\000\000\000\000\000\000\000\000"
 1438      00000000 
 1439 044c 2D010000 		.ascii	"-\001\000\000"
 1440 0450 5F5F7261 		.ascii	"__ram7_noinit__\000"
 1440      6D375F6E 
 1440      6F696E69 
 1440      745F5F00 
 1441 0460 00       		.ascii	"\000"
 1442 0461 02       		.ascii	"\002"
 1443 0462 00       		.ascii	"\000"
 1444 0463 00000000 		.ascii	"\000\000\000\000\000\000\000\000"
 1444      00000000 
ARM GAS  /tmp/ccaQECfI.s 			page 52


 1445 046b 2F010000 		.ascii	"/\001\000\000"
 1446              		.text
 1447              		.section	.gnu.lto_.opts,"e",%progbits
 1448 0000 272D666E 		.ascii	"'-fno-openmp' '-fno-openacc' '-fno-pie' '-mcpu=cort"
 1448      6F2D6F70 
 1448      656E6D70 
 1448      2720272D 
 1448      666E6F2D 
 1449 0033 65782D6D 		.ascii	"ex-m3' '-mthumb' '-mfloat-abi=soft' '-march=armv7-m"
 1449      33272027 
 1449      2D6D7468 
 1449      756D6227 
 1449      20272D6D 
 1450 0066 2720272D 		.ascii	"' '-O0' '-fomit-frame-pointer' '-falign-functions=1"
 1450      4F302720 
 1450      272D666F 
 1450      6D69742D 
 1450      6672616D 
 1451 0099 36272027 		.ascii	"6' '-ffunction-sections' '-fdata-sections' '-fno-co"
 1451      2D666675 
 1451      6E637469 
 1451      6F6E2D73 
 1451      65637469 
 1452 00cc 6D6D6F6E 		.ascii	"mmon' '-flto'\000"
 1452      2720272D 
 1452      666C746F 
 1452      2700
 1453              		.text
 1454              		.comm	__gnu_lto_v1,1,1
 1455              		.comm	__gnu_lto_slim,1,1
 1456              		.ident	"GCC: (GNU Arm Embedded Toolchain 9-2020-q2-update) 9.3.1 20200408 (release)"
ARM GAS  /tmp/ccaQECfI.s 			page 53


DEFINED SYMBOLS
                            *ABS*:0000000000000000 crt1.c
     /tmp/ccaQECfI.s:21     .gnu.debuglto_.debug_info:0000000000000000 crt1.c.69a0ee4b
                            *COM*:0000000000000001 __gnu_lto_v1
                            *COM*:0000000000000001 __gnu_lto_slim

NO UNDEFINED SYMBOLS
