ARM GAS  /tmp/ccWNhpzT.s 			page 1


   1              		.cpu cortex-m3
   2              		.eabi_attribute 20, 1
   3              		.eabi_attribute 21, 1
   4              		.eabi_attribute 23, 3
   5              		.eabi_attribute 24, 1
   6              		.eabi_attribute 25, 1
   7              		.eabi_attribute 26, 1
   8              		.eabi_attribute 30, 6
   9              		.eabi_attribute 34, 1
  10              		.eabi_attribute 18, 4
  11              		.file	"pid.cpp"
  12              		.file 1 "pid.h"
  13              		.file 2 "pid.cpp"
  14              		.section	.gnu.debuglto_.debug_info,"e",%progbits
  15              	.Ldebug_info0:
  16              		.hidden	pid.cpp.bb82684e
  17              		.weak	pid.cpp.bb82684e
  18              	pid.cpp.bb82684e:
  19 0000 70020000 		.4byte	0x270
  20 0004 0400     		.2byte	0x4
  21 0006 00000000 		.4byte	.Ldebug_abbrev0
  22 000a 04       		.byte	0x4
  23 000b 01       		.uleb128 0x1
  24 000c 2E010000 		.4byte	.LASF21
  25 0010 04       		.byte	0x4
  26 0011 3C020000 		.4byte	.LASF22
  27 0015 1A000000 		.4byte	.LASF23
  28 0019 00000000 		.4byte	.Ldebug_line0
  29 001d 02       		.uleb128 0x2
  30 001e 04       		.byte	0x4
  31 001f 04       		.byte	0x4
  32 0020 28010000 		.4byte	.LASF10
  33 0024 03       		.uleb128 0x3
  34 0025 00000000 		.4byte	.LASF0
  35 0029 24       		.byte	0x24
  36 002a 01       		.byte	0x1
  37 002b 0B       		.byte	0xb
  38 002c 07       		.byte	0x7
  39 002d 46010000 		.4byte	0x146
  40 0031 04       		.uleb128 0x4
  41 0032 00000000 		.4byte	.LASF0
  42 0036 01       		.byte	0x1
  43 0037 16       		.byte	0x16
  44 0038 05       		.byte	0x5
  45 0039 8F000000 		.4byte	.LASF2
  46 003d 46010000 		.4byte	0x146
  47 0041 01       		.byte	0x1
  48 0042 4A000000 		.4byte	0x4a
  49 0046 69000000 		.4byte	0x69
  50 004a 05       		.uleb128 0x5
  51 004b 46010000 		.4byte	0x146
  52 004f 06       		.uleb128 0x6
  53 0050 1D000000 		.4byte	0x1d
  54 0054 06       		.uleb128 0x6
  55 0055 1D000000 		.4byte	0x1d
  56 0059 06       		.uleb128 0x6
  57 005a 1D000000 		.4byte	0x1d
ARM GAS  /tmp/ccWNhpzT.s 			page 2


  58 005e 06       		.uleb128 0x6
  59 005f 1D000000 		.4byte	0x1d
  60 0063 06       		.uleb128 0x6
  61 0064 1D000000 		.4byte	0x1d
  62 0068 00       		.byte	0
  63 0069 07       		.uleb128 0x7
  64 006a 72000000 		.4byte	.LASF24
  65 006e 01       		.byte	0x1
  66 006f 17       		.byte	0x17
  67 0070 05       		.byte	0x5
  68 0071 AA000000 		.4byte	.LASF25
  69 0075 51010000 		.4byte	0x151
  70 0079 01       		.byte	0x1
  71 007a 01       		.byte	0x1
  72 007b 83000000 		.4byte	0x83
  73 007f 8E000000 		.4byte	0x8e
  74 0083 05       		.uleb128 0x5
  75 0084 46010000 		.4byte	0x146
  76 0088 05       		.uleb128 0x5
  77 0089 53010000 		.4byte	0x153
  78 008d 00       		.byte	0
  79 008e 04       		.uleb128 0x4
  80 008f FB000000 		.4byte	.LASF1
  81 0093 01       		.byte	0x1
  82 0094 19       		.byte	0x19
  83 0095 0B       		.byte	0xb
  84 0096 2C000000 		.4byte	.LASF3
  85 009a 1D000000 		.4byte	0x1d
  86 009e 01       		.byte	0x1
  87 009f A7000000 		.4byte	0xa7
  88 00a3 B2000000 		.4byte	0xb2
  89 00a7 05       		.uleb128 0x5
  90 00a8 46010000 		.4byte	0x146
  91 00ac 06       		.uleb128 0x6
  92 00ad 1D000000 		.4byte	0x1d
  93 00b1 00       		.byte	0
  94 00b2 08       		.uleb128 0x8
  95 00b3 22010000 		.4byte	.LASF26
  96 00b7 01       		.byte	0x1
  97 00b8 1A       		.byte	0x1a
  98 00b9 0A       		.byte	0xa
  99 00ba E0000000 		.4byte	.LASF27
 100 00be 01       		.byte	0x1
 101 00bf C7000000 		.4byte	0xc7
 102 00c3 CD000000 		.4byte	0xcd
 103 00c7 05       		.uleb128 0x5
 104 00c8 46010000 		.4byte	0x146
 105 00cc 00       		.byte	0
 106 00cd 09       		.uleb128 0x9
 107 00ce 5000     		.ascii	"P\000"
 108 00d0 01       		.byte	0x1
 109 00d1 1C       		.byte	0x1c
 110 00d2 0B       		.byte	0xb
 111 00d3 1D000000 		.4byte	0x1d
 112 00d7 00       		.byte	0
 113 00d8 01       		.byte	0x1
 114 00d9 09       		.uleb128 0x9
ARM GAS  /tmp/ccWNhpzT.s 			page 3


 115 00da 4900     		.ascii	"I\000"
 116 00dc 01       		.byte	0x1
 117 00dd 1D       		.byte	0x1d
 118 00de 0B       		.byte	0xb
 119 00df 1D000000 		.4byte	0x1d
 120 00e3 04       		.byte	0x4
 121 00e4 01       		.byte	0x1
 122 00e5 09       		.uleb128 0x9
 123 00e6 4400     		.ascii	"D\000"
 124 00e8 01       		.byte	0x1
 125 00e9 1E       		.byte	0x1e
 126 00ea 0B       		.byte	0xb
 127 00eb 1D000000 		.4byte	0x1d
 128 00ef 08       		.byte	0x8
 129 00f0 01       		.byte	0x1
 130 00f1 0A       		.uleb128 0xa
 131 00f2 66000000 		.4byte	.LASF4
 132 00f6 01       		.byte	0x1
 133 00f7 1F       		.byte	0x1f
 134 00f8 0B       		.byte	0xb
 135 00f9 1D000000 		.4byte	0x1d
 136 00fd 0C       		.byte	0xc
 137 00fe 01       		.byte	0x1
 138 00ff 0A       		.uleb128 0xa
 139 0100 60000000 		.4byte	.LASF5
 140 0104 01       		.byte	0x1
 141 0105 20       		.byte	0x20
 142 0106 0B       		.byte	0xb
 143 0107 1D000000 		.4byte	0x1d
 144 010b 10       		.byte	0x10
 145 010c 01       		.byte	0x1
 146 010d 0A       		.uleb128 0xa
 147 010e D5000000 		.4byte	.LASF6
 148 0112 01       		.byte	0x1
 149 0113 23       		.byte	0x23
 150 0114 0B       		.byte	0xb
 151 0115 1D000000 		.4byte	0x1d
 152 0119 14       		.byte	0x14
 153 011a 02       		.byte	0x2
 154 011b 0A       		.uleb128 0xa
 155 011c 16010000 		.4byte	.LASF7
 156 0120 01       		.byte	0x1
 157 0121 24       		.byte	0x24
 158 0122 0B       		.byte	0xb
 159 0123 1D000000 		.4byte	0x1d
 160 0127 18       		.byte	0x18
 161 0128 02       		.byte	0x2
 162 0129 0A       		.uleb128 0xa
 163 012a 0D020000 		.4byte	.LASF8
 164 012e 01       		.byte	0x1
 165 012f 25       		.byte	0x25
 166 0130 0B       		.byte	0xb
 167 0131 1D000000 		.4byte	0x1d
 168 0135 1C       		.byte	0x1c
 169 0136 02       		.byte	0x2
 170 0137 0A       		.uleb128 0xa
 171 0138 C6000000 		.4byte	.LASF9
ARM GAS  /tmp/ccWNhpzT.s 			page 4


 172 013c 01       		.byte	0x1
 173 013d 26       		.byte	0x26
 174 013e 13       		.byte	0x13
 175 013f 5A010000 		.4byte	0x15a
 176 0143 20       		.byte	0x20
 177 0144 02       		.byte	0x2
 178 0145 00       		.byte	0
 179 0146 0B       		.uleb128 0xb
 180 0147 04       		.byte	0x4
 181 0148 24000000 		.4byte	0x24
 182 014c 0C       		.uleb128 0xc
 183 014d 46010000 		.4byte	0x146
 184 0151 0D       		.uleb128 0xd
 185 0152 04       		.byte	0x4
 186 0153 0E       		.uleb128 0xe
 187 0154 04       		.byte	0x4
 188 0155 05       		.byte	0x5
 189 0156 696E7400 		.ascii	"int\000"
 190 015a 02       		.uleb128 0x2
 191 015b 04       		.byte	0x4
 192 015c 07       		.byte	0x7
 193 015d 44020000 		.4byte	.LASF11
 194 0161 0F       		.uleb128 0xf
 195 0162 B2000000 		.4byte	0xb2
 196 0166 02       		.byte	0x2
 197 0167 3C       		.byte	0x3c
 198 0168 06       		.byte	0x6
 199 0169 71010000 		.4byte	0x171
 200 016d 7B010000 		.4byte	0x17b
 201 0171 10       		.uleb128 0x10
 202 0172 C1000000 		.4byte	.LASF12
 203 0176 4C010000 		.4byte	0x14c
 204 017a 00       		.byte	0
 205 017b 0F       		.uleb128 0xf
 206 017c 8E000000 		.4byte	0x8e
 207 0180 02       		.byte	0x2
 208 0181 11       		.byte	0x11
 209 0182 07       		.byte	0x7
 210 0183 8B010000 		.4byte	0x18b
 211 0187 F6010000 		.4byte	0x1f6
 212 018b 10       		.uleb128 0x10
 213 018c C1000000 		.4byte	.LASF12
 214 0190 4C010000 		.4byte	0x14c
 215 0194 11       		.uleb128 0x11
 216 0195 36020000 		.4byte	.LASF19
 217 0199 02       		.byte	0x2
 218 019a 11       		.byte	0x11
 219 019b 28       		.byte	0x28
 220 019c 1D000000 		.4byte	0x1d
 221 01a0 12       		.uleb128 0x12
 222 01a1 81000000 		.4byte	.LASF13
 223 01a5 02       		.byte	0x2
 224 01a6 13       		.byte	0x13
 225 01a7 13       		.byte	0x13
 226 01a8 5A010000 		.4byte	0x15a
 227 01ac 13       		.uleb128 0x13
 228 01ad 547300   		.ascii	"Ts\000"
ARM GAS  /tmp/ccWNhpzT.s 			page 5


 229 01b0 02       		.byte	0x2
 230 01b1 14       		.byte	0x14
 231 01b2 0B       		.byte	0xb
 232 01b3 1D000000 		.4byte	0x1d
 233 01b7 12       		.uleb128 0x12
 234 01b8 53000000 		.4byte	.LASF14
 235 01bc 02       		.byte	0x2
 236 01bd 1C       		.byte	0x1c
 237 01be 0B       		.byte	0xb
 238 01bf 1D000000 		.4byte	0x1d
 239 01c3 12       		.uleb128 0x12
 240 01c4 4A000000 		.4byte	.LASF15
 241 01c8 02       		.byte	0x2
 242 01c9 1F       		.byte	0x1f
 243 01ca 0B       		.byte	0xb
 244 01cb 1D000000 		.4byte	0x1d
 245 01cf 12       		.uleb128 0x12
 246 01d0 0B010000 		.4byte	.LASF16
 247 01d4 02       		.byte	0x2
 248 01d5 24       		.byte	0x24
 249 01d6 0B       		.byte	0xb
 250 01d7 1D000000 		.4byte	0x1d
 251 01db 12       		.uleb128 0x12
 252 01dc 43000000 		.4byte	.LASF17
 253 01e0 02       		.byte	0x2
 254 01e1 27       		.byte	0x27
 255 01e2 0B       		.byte	0xb
 256 01e3 1D000000 		.4byte	0x1d
 257 01e7 14       		.uleb128 0x14
 258 01e8 12       		.uleb128 0x12
 259 01e9 0E000000 		.4byte	.LASF18
 260 01ed 02       		.byte	0x2
 261 01ee 2E       		.byte	0x2e
 262 01ef 0F       		.byte	0xf
 263 01f0 1D000000 		.4byte	0x1d
 264 01f4 00       		.byte	0
 265 01f5 00       		.byte	0
 266 01f6 15       		.uleb128 0x15
 267 01f7 31000000 		.4byte	0x31
 268 01fb 02       		.byte	0x2
 269 01fc 03       		.byte	0x3
 270 01fd 01       		.byte	0x1
 271 01fe 07020000 		.4byte	0x207
 272 0202 00       		.byte	0
 273 0203 47020000 		.4byte	0x247
 274 0207 10       		.uleb128 0x10
 275 0208 C1000000 		.4byte	.LASF12
 276 020c 4C010000 		.4byte	0x14c
 277 0210 16       		.uleb128 0x16
 278 0211 5000     		.ascii	"P\000"
 279 0213 02       		.byte	0x2
 280 0214 03       		.byte	0x3
 281 0215 24       		.byte	0x24
 282 0216 1D000000 		.4byte	0x1d
 283 021a 16       		.uleb128 0x16
 284 021b 4900     		.ascii	"I\000"
 285 021d 02       		.byte	0x2
ARM GAS  /tmp/ccWNhpzT.s 			page 6


 286 021e 03       		.byte	0x3
 287 021f 2D       		.byte	0x2d
 288 0220 1D000000 		.4byte	0x1d
 289 0224 16       		.uleb128 0x16
 290 0225 4400     		.ascii	"D\000"
 291 0227 02       		.byte	0x2
 292 0228 03       		.byte	0x3
 293 0229 36       		.byte	0x36
 294 022a 1D000000 		.4byte	0x1d
 295 022e 11       		.uleb128 0x11
 296 022f 06010000 		.4byte	.LASF20
 297 0233 02       		.byte	0x2
 298 0234 03       		.byte	0x3
 299 0235 3F       		.byte	0x3f
 300 0236 1D000000 		.4byte	0x1d
 301 023a 11       		.uleb128 0x11
 302 023b 60000000 		.4byte	.LASF5
 303 023f 02       		.byte	0x2
 304 0240 03       		.byte	0x3
 305 0241 4B       		.byte	0x4b
 306 0242 1D000000 		.4byte	0x1d
 307 0246 00       		.byte	0
 308 0247 17       		.uleb128 0x17
 309 0248 F6010000 		.4byte	0x1f6
 310 024c 1B020000 		.4byte	.LASF28
 311 0250 54020000 		.4byte	0x254
 312 0254 18       		.uleb128 0x18
 313 0255 07020000 		.4byte	0x207
 314 0259 18       		.uleb128 0x18
 315 025a 10020000 		.4byte	0x210
 316 025e 18       		.uleb128 0x18
 317 025f 1A020000 		.4byte	0x21a
 318 0263 18       		.uleb128 0x18
 319 0264 24020000 		.4byte	0x224
 320 0268 18       		.uleb128 0x18
 321 0269 2E020000 		.4byte	0x22e
 322 026d 18       		.uleb128 0x18
 323 026e 3A020000 		.4byte	0x23a
 324 0272 00       		.byte	0
 325 0273 00       		.byte	0
 326              		.section	.gnu.debuglto_.debug_abbrev,"e",%progbits
 327              	.Ldebug_abbrev0:
 328 0000 01       		.uleb128 0x1
 329 0001 11       		.uleb128 0x11
 330 0002 01       		.byte	0x1
 331 0003 25       		.uleb128 0x25
 332 0004 0E       		.uleb128 0xe
 333 0005 13       		.uleb128 0x13
 334 0006 0B       		.uleb128 0xb
 335 0007 03       		.uleb128 0x3
 336 0008 0E       		.uleb128 0xe
 337 0009 1B       		.uleb128 0x1b
 338 000a 0E       		.uleb128 0xe
 339 000b 10       		.uleb128 0x10
 340 000c 17       		.uleb128 0x17
 341 000d 00       		.byte	0
 342 000e 00       		.byte	0
ARM GAS  /tmp/ccWNhpzT.s 			page 7


 343 000f 02       		.uleb128 0x2
 344 0010 24       		.uleb128 0x24
 345 0011 00       		.byte	0
 346 0012 0B       		.uleb128 0xb
 347 0013 0B       		.uleb128 0xb
 348 0014 3E       		.uleb128 0x3e
 349 0015 0B       		.uleb128 0xb
 350 0016 03       		.uleb128 0x3
 351 0017 0E       		.uleb128 0xe
 352 0018 00       		.byte	0
 353 0019 00       		.byte	0
 354 001a 03       		.uleb128 0x3
 355 001b 02       		.uleb128 0x2
 356 001c 01       		.byte	0x1
 357 001d 03       		.uleb128 0x3
 358 001e 0E       		.uleb128 0xe
 359 001f 0B       		.uleb128 0xb
 360 0020 0B       		.uleb128 0xb
 361 0021 3A       		.uleb128 0x3a
 362 0022 0B       		.uleb128 0xb
 363 0023 3B       		.uleb128 0x3b
 364 0024 0B       		.uleb128 0xb
 365 0025 39       		.uleb128 0x39
 366 0026 0B       		.uleb128 0xb
 367 0027 01       		.uleb128 0x1
 368 0028 13       		.uleb128 0x13
 369 0029 00       		.byte	0
 370 002a 00       		.byte	0
 371 002b 04       		.uleb128 0x4
 372 002c 2E       		.uleb128 0x2e
 373 002d 01       		.byte	0x1
 374 002e 3F       		.uleb128 0x3f
 375 002f 19       		.uleb128 0x19
 376 0030 03       		.uleb128 0x3
 377 0031 0E       		.uleb128 0xe
 378 0032 3A       		.uleb128 0x3a
 379 0033 0B       		.uleb128 0xb
 380 0034 3B       		.uleb128 0x3b
 381 0035 0B       		.uleb128 0xb
 382 0036 39       		.uleb128 0x39
 383 0037 0B       		.uleb128 0xb
 384 0038 6E       		.uleb128 0x6e
 385 0039 0E       		.uleb128 0xe
 386 003a 49       		.uleb128 0x49
 387 003b 13       		.uleb128 0x13
 388 003c 32       		.uleb128 0x32
 389 003d 0B       		.uleb128 0xb
 390 003e 3C       		.uleb128 0x3c
 391 003f 19       		.uleb128 0x19
 392 0040 64       		.uleb128 0x64
 393 0041 13       		.uleb128 0x13
 394 0042 01       		.uleb128 0x1
 395 0043 13       		.uleb128 0x13
 396 0044 00       		.byte	0
 397 0045 00       		.byte	0
 398 0046 05       		.uleb128 0x5
 399 0047 05       		.uleb128 0x5
ARM GAS  /tmp/ccWNhpzT.s 			page 8


 400 0048 00       		.byte	0
 401 0049 49       		.uleb128 0x49
 402 004a 13       		.uleb128 0x13
 403 004b 34       		.uleb128 0x34
 404 004c 19       		.uleb128 0x19
 405 004d 00       		.byte	0
 406 004e 00       		.byte	0
 407 004f 06       		.uleb128 0x6
 408 0050 05       		.uleb128 0x5
 409 0051 00       		.byte	0
 410 0052 49       		.uleb128 0x49
 411 0053 13       		.uleb128 0x13
 412 0054 00       		.byte	0
 413 0055 00       		.byte	0
 414 0056 07       		.uleb128 0x7
 415 0057 2E       		.uleb128 0x2e
 416 0058 01       		.byte	0x1
 417 0059 3F       		.uleb128 0x3f
 418 005a 19       		.uleb128 0x19
 419 005b 03       		.uleb128 0x3
 420 005c 0E       		.uleb128 0xe
 421 005d 3A       		.uleb128 0x3a
 422 005e 0B       		.uleb128 0xb
 423 005f 3B       		.uleb128 0x3b
 424 0060 0B       		.uleb128 0xb
 425 0061 39       		.uleb128 0x39
 426 0062 0B       		.uleb128 0xb
 427 0063 6E       		.uleb128 0x6e
 428 0064 0E       		.uleb128 0xe
 429 0065 49       		.uleb128 0x49
 430 0066 13       		.uleb128 0x13
 431 0067 32       		.uleb128 0x32
 432 0068 0B       		.uleb128 0xb
 433 0069 3C       		.uleb128 0x3c
 434 006a 19       		.uleb128 0x19
 435 006b 8B01     		.uleb128 0x8b
 436 006d 0B       		.uleb128 0xb
 437 006e 64       		.uleb128 0x64
 438 006f 13       		.uleb128 0x13
 439 0070 01       		.uleb128 0x1
 440 0071 13       		.uleb128 0x13
 441 0072 00       		.byte	0
 442 0073 00       		.byte	0
 443 0074 08       		.uleb128 0x8
 444 0075 2E       		.uleb128 0x2e
 445 0076 01       		.byte	0x1
 446 0077 3F       		.uleb128 0x3f
 447 0078 19       		.uleb128 0x19
 448 0079 03       		.uleb128 0x3
 449 007a 0E       		.uleb128 0xe
 450 007b 3A       		.uleb128 0x3a
 451 007c 0B       		.uleb128 0xb
 452 007d 3B       		.uleb128 0x3b
 453 007e 0B       		.uleb128 0xb
 454 007f 39       		.uleb128 0x39
 455 0080 0B       		.uleb128 0xb
 456 0081 6E       		.uleb128 0x6e
ARM GAS  /tmp/ccWNhpzT.s 			page 9


 457 0082 0E       		.uleb128 0xe
 458 0083 32       		.uleb128 0x32
 459 0084 0B       		.uleb128 0xb
 460 0085 3C       		.uleb128 0x3c
 461 0086 19       		.uleb128 0x19
 462 0087 64       		.uleb128 0x64
 463 0088 13       		.uleb128 0x13
 464 0089 01       		.uleb128 0x1
 465 008a 13       		.uleb128 0x13
 466 008b 00       		.byte	0
 467 008c 00       		.byte	0
 468 008d 09       		.uleb128 0x9
 469 008e 0D       		.uleb128 0xd
 470 008f 00       		.byte	0
 471 0090 03       		.uleb128 0x3
 472 0091 08       		.uleb128 0x8
 473 0092 3A       		.uleb128 0x3a
 474 0093 0B       		.uleb128 0xb
 475 0094 3B       		.uleb128 0x3b
 476 0095 0B       		.uleb128 0xb
 477 0096 39       		.uleb128 0x39
 478 0097 0B       		.uleb128 0xb
 479 0098 49       		.uleb128 0x49
 480 0099 13       		.uleb128 0x13
 481 009a 38       		.uleb128 0x38
 482 009b 0B       		.uleb128 0xb
 483 009c 32       		.uleb128 0x32
 484 009d 0B       		.uleb128 0xb
 485 009e 00       		.byte	0
 486 009f 00       		.byte	0
 487 00a0 0A       		.uleb128 0xa
 488 00a1 0D       		.uleb128 0xd
 489 00a2 00       		.byte	0
 490 00a3 03       		.uleb128 0x3
 491 00a4 0E       		.uleb128 0xe
 492 00a5 3A       		.uleb128 0x3a
 493 00a6 0B       		.uleb128 0xb
 494 00a7 3B       		.uleb128 0x3b
 495 00a8 0B       		.uleb128 0xb
 496 00a9 39       		.uleb128 0x39
 497 00aa 0B       		.uleb128 0xb
 498 00ab 49       		.uleb128 0x49
 499 00ac 13       		.uleb128 0x13
 500 00ad 38       		.uleb128 0x38
 501 00ae 0B       		.uleb128 0xb
 502 00af 32       		.uleb128 0x32
 503 00b0 0B       		.uleb128 0xb
 504 00b1 00       		.byte	0
 505 00b2 00       		.byte	0
 506 00b3 0B       		.uleb128 0xb
 507 00b4 0F       		.uleb128 0xf
 508 00b5 00       		.byte	0
 509 00b6 0B       		.uleb128 0xb
 510 00b7 0B       		.uleb128 0xb
 511 00b8 49       		.uleb128 0x49
 512 00b9 13       		.uleb128 0x13
 513 00ba 00       		.byte	0
ARM GAS  /tmp/ccWNhpzT.s 			page 10


 514 00bb 00       		.byte	0
 515 00bc 0C       		.uleb128 0xc
 516 00bd 26       		.uleb128 0x26
 517 00be 00       		.byte	0
 518 00bf 49       		.uleb128 0x49
 519 00c0 13       		.uleb128 0x13
 520 00c1 00       		.byte	0
 521 00c2 00       		.byte	0
 522 00c3 0D       		.uleb128 0xd
 523 00c4 0F       		.uleb128 0xf
 524 00c5 00       		.byte	0
 525 00c6 0B       		.uleb128 0xb
 526 00c7 0B       		.uleb128 0xb
 527 00c8 00       		.byte	0
 528 00c9 00       		.byte	0
 529 00ca 0E       		.uleb128 0xe
 530 00cb 24       		.uleb128 0x24
 531 00cc 00       		.byte	0
 532 00cd 0B       		.uleb128 0xb
 533 00ce 0B       		.uleb128 0xb
 534 00cf 3E       		.uleb128 0x3e
 535 00d0 0B       		.uleb128 0xb
 536 00d1 03       		.uleb128 0x3
 537 00d2 08       		.uleb128 0x8
 538 00d3 00       		.byte	0
 539 00d4 00       		.byte	0
 540 00d5 0F       		.uleb128 0xf
 541 00d6 2E       		.uleb128 0x2e
 542 00d7 01       		.byte	0x1
 543 00d8 47       		.uleb128 0x47
 544 00d9 13       		.uleb128 0x13
 545 00da 3A       		.uleb128 0x3a
 546 00db 0B       		.uleb128 0xb
 547 00dc 3B       		.uleb128 0x3b
 548 00dd 0B       		.uleb128 0xb
 549 00de 39       		.uleb128 0x39
 550 00df 0B       		.uleb128 0xb
 551 00e0 64       		.uleb128 0x64
 552 00e1 13       		.uleb128 0x13
 553 00e2 01       		.uleb128 0x1
 554 00e3 13       		.uleb128 0x13
 555 00e4 00       		.byte	0
 556 00e5 00       		.byte	0
 557 00e6 10       		.uleb128 0x10
 558 00e7 05       		.uleb128 0x5
 559 00e8 00       		.byte	0
 560 00e9 03       		.uleb128 0x3
 561 00ea 0E       		.uleb128 0xe
 562 00eb 49       		.uleb128 0x49
 563 00ec 13       		.uleb128 0x13
 564 00ed 34       		.uleb128 0x34
 565 00ee 19       		.uleb128 0x19
 566 00ef 00       		.byte	0
 567 00f0 00       		.byte	0
 568 00f1 11       		.uleb128 0x11
 569 00f2 05       		.uleb128 0x5
 570 00f3 00       		.byte	0
ARM GAS  /tmp/ccWNhpzT.s 			page 11


 571 00f4 03       		.uleb128 0x3
 572 00f5 0E       		.uleb128 0xe
 573 00f6 3A       		.uleb128 0x3a
 574 00f7 0B       		.uleb128 0xb
 575 00f8 3B       		.uleb128 0x3b
 576 00f9 0B       		.uleb128 0xb
 577 00fa 39       		.uleb128 0x39
 578 00fb 0B       		.uleb128 0xb
 579 00fc 49       		.uleb128 0x49
 580 00fd 13       		.uleb128 0x13
 581 00fe 00       		.byte	0
 582 00ff 00       		.byte	0
 583 0100 12       		.uleb128 0x12
 584 0101 34       		.uleb128 0x34
 585 0102 00       		.byte	0
 586 0103 03       		.uleb128 0x3
 587 0104 0E       		.uleb128 0xe
 588 0105 3A       		.uleb128 0x3a
 589 0106 0B       		.uleb128 0xb
 590 0107 3B       		.uleb128 0x3b
 591 0108 0B       		.uleb128 0xb
 592 0109 39       		.uleb128 0x39
 593 010a 0B       		.uleb128 0xb
 594 010b 49       		.uleb128 0x49
 595 010c 13       		.uleb128 0x13
 596 010d 00       		.byte	0
 597 010e 00       		.byte	0
 598 010f 13       		.uleb128 0x13
 599 0110 34       		.uleb128 0x34
 600 0111 00       		.byte	0
 601 0112 03       		.uleb128 0x3
 602 0113 08       		.uleb128 0x8
 603 0114 3A       		.uleb128 0x3a
 604 0115 0B       		.uleb128 0xb
 605 0116 3B       		.uleb128 0x3b
 606 0117 0B       		.uleb128 0xb
 607 0118 39       		.uleb128 0x39
 608 0119 0B       		.uleb128 0xb
 609 011a 49       		.uleb128 0x49
 610 011b 13       		.uleb128 0x13
 611 011c 00       		.byte	0
 612 011d 00       		.byte	0
 613 011e 14       		.uleb128 0x14
 614 011f 0B       		.uleb128 0xb
 615 0120 01       		.byte	0x1
 616 0121 00       		.byte	0
 617 0122 00       		.byte	0
 618 0123 15       		.uleb128 0x15
 619 0124 2E       		.uleb128 0x2e
 620 0125 01       		.byte	0x1
 621 0126 47       		.uleb128 0x47
 622 0127 13       		.uleb128 0x13
 623 0128 3A       		.uleb128 0x3a
 624 0129 0B       		.uleb128 0xb
 625 012a 3B       		.uleb128 0x3b
 626 012b 0B       		.uleb128 0xb
 627 012c 39       		.uleb128 0x39
ARM GAS  /tmp/ccWNhpzT.s 			page 12


 628 012d 0B       		.uleb128 0xb
 629 012e 64       		.uleb128 0x64
 630 012f 13       		.uleb128 0x13
 631 0130 20       		.uleb128 0x20
 632 0131 0B       		.uleb128 0xb
 633 0132 01       		.uleb128 0x1
 634 0133 13       		.uleb128 0x13
 635 0134 00       		.byte	0
 636 0135 00       		.byte	0
 637 0136 16       		.uleb128 0x16
 638 0137 05       		.uleb128 0x5
 639 0138 00       		.byte	0
 640 0139 03       		.uleb128 0x3
 641 013a 08       		.uleb128 0x8
 642 013b 3A       		.uleb128 0x3a
 643 013c 0B       		.uleb128 0xb
 644 013d 3B       		.uleb128 0x3b
 645 013e 0B       		.uleb128 0xb
 646 013f 39       		.uleb128 0x39
 647 0140 0B       		.uleb128 0xb
 648 0141 49       		.uleb128 0x49
 649 0142 13       		.uleb128 0x13
 650 0143 00       		.byte	0
 651 0144 00       		.byte	0
 652 0145 17       		.uleb128 0x17
 653 0146 2E       		.uleb128 0x2e
 654 0147 01       		.byte	0x1
 655 0148 31       		.uleb128 0x31
 656 0149 13       		.uleb128 0x13
 657 014a 6E       		.uleb128 0x6e
 658 014b 0E       		.uleb128 0xe
 659 014c 64       		.uleb128 0x64
 660 014d 13       		.uleb128 0x13
 661 014e 00       		.byte	0
 662 014f 00       		.byte	0
 663 0150 18       		.uleb128 0x18
 664 0151 05       		.uleb128 0x5
 665 0152 00       		.byte	0
 666 0153 31       		.uleb128 0x31
 667 0154 13       		.uleb128 0x13
 668 0155 00       		.byte	0
 669 0156 00       		.byte	0
 670 0157 00       		.byte	0
 671              		.section	.gnu.debuglto_.debug_line,"e",%progbits
 672              	.Ldebug_line0:
 673 0000 2E000000 		.4byte	.LELT0-.LSLT0
 674              	.LSLT0:
 675 0004 0400     		.2byte	0x4
 676 0006 28000000 		.4byte	.LELTP0-.LASLTP0
 677              	.LASLTP0:
 678 000a 01       		.byte	0x1
 679 000b 01       		.byte	0x1
 680 000c 01       		.byte	0x1
 681 000d F6       		.byte	0xf6
 682 000e F2       		.byte	0xf2
 683 000f 0D       		.byte	0xd
 684 0010 00       		.byte	0
ARM GAS  /tmp/ccWNhpzT.s 			page 13


 685 0011 01       		.byte	0x1
 686 0012 01       		.byte	0x1
 687 0013 01       		.byte	0x1
 688 0014 01       		.byte	0x1
 689 0015 00       		.byte	0
 690 0016 00       		.byte	0
 691 0017 00       		.byte	0
 692 0018 01       		.byte	0x1
 693 0019 00       		.byte	0
 694 001a 00       		.byte	0
 695 001b 01       		.byte	0x1
 696 001c 00       		.byte	0
 697 001d 7069642E 		.ascii	"pid.h\000"
 697      6800
 698 0023 00       		.uleb128 0
 699 0024 00       		.uleb128 0
 700 0025 00       		.uleb128 0
 701 0026 7069642E 		.ascii	"pid.cpp\000"
 701      63707000 
 702 002e 00       		.uleb128 0
 703 002f 00       		.uleb128 0
 704 0030 00       		.uleb128 0
 705 0031 00       		.byte	0
 706              	.LELTP0:
 707              	.LELT0:
 708              		.section	.gnu.debuglto_.debug_str,"eMS",%progbits,1
 709              	.LASF0:
 710 0000 50494443 		.ascii	"PIDController\000"
 710      6F6E7472 
 710      6F6C6C65 
 710      7200
 711              	.LASF18:
 712 000e 6F757470 		.ascii	"output_rate\000"
 712      75745F72 
 712      61746500 
 713              	.LASF23:
 714 001a 2F686F6D 		.ascii	"/home/sjo/strom32\000"
 714      652F736A 
 714      6F2F7374 
 714      726F6D33 
 714      3200
 715              	.LASF3:
 716 002c 5F5A4E31 		.ascii	"_ZN13PIDControllerclEf\000"
 716      33504944 
 716      436F6E74 
 716      726F6C6C 
 716      6572636C 
 717              	.LASF17:
 718 0043 6F757470 		.ascii	"output\000"
 718      757400
 719              	.LASF15:
 720 004a 696E7465 		.ascii	"integral\000"
 720      6772616C 
 720      00
 721              	.LASF14:
 722 0053 70726F70 		.ascii	"proportional\000"
 722      6F727469 
ARM GAS  /tmp/ccWNhpzT.s 			page 14


 722      6F6E616C 
 722      00
 723              	.LASF5:
 724 0060 6C696D69 		.ascii	"limit\000"
 724      7400
 725              	.LASF4:
 726 0066 6F757470 		.ascii	"output_ramp\000"
 726      75745F72 
 726      616D7000 
 727              	.LASF24:
 728 0072 7E504944 		.ascii	"~PIDController\000"
 728      436F6E74 
 728      726F6C6C 
 728      657200
 729              	.LASF13:
 730 0081 74696D65 		.ascii	"timestamp_now\000"
 730      7374616D 
 730      705F6E6F 
 730      7700
 731              	.LASF2:
 732 008f 5F5A4E31 		.ascii	"_ZN13PIDControllerC4Efffff\000"
 732      33504944 
 732      436F6E74 
 732      726F6C6C 
 732      65724334 
 733              	.LASF25:
 734 00aa 5F5A4E31 		.ascii	"_ZN13PIDControllerD4Ev\000"
 734      33504944 
 734      436F6E74 
 734      726F6C6C 
 734      65724434 
 735              	.LASF12:
 736 00c1 74686973 		.ascii	"this\000"
 736      00
 737              	.LASF9:
 738 00c6 74696D65 		.ascii	"timestamp_prev\000"
 738      7374616D 
 738      705F7072 
 738      657600
 739              	.LASF6:
 740 00d5 6572726F 		.ascii	"error_prev\000"
 740      725F7072 
 740      657600
 741              	.LASF27:
 742 00e0 5F5A4E31 		.ascii	"_ZN13PIDController5resetEv\000"
 742      33504944 
 742      436F6E74 
 742      726F6C6C 
 742      65723572 
 743              	.LASF1:
 744 00fb 6F706572 		.ascii	"operator()\000"
 744      61746F72 
 744      282900
 745              	.LASF20:
 746 0106 72616D70 		.ascii	"ramp\000"
 746      00
 747              	.LASF16:
ARM GAS  /tmp/ccWNhpzT.s 			page 15


 748 010b 64657269 		.ascii	"derivative\000"
 748      76617469 
 748      766500
 749              	.LASF7:
 750 0116 6F757470 		.ascii	"output_prev\000"
 750      75745F70 
 750      72657600 
 751              	.LASF26:
 752 0122 72657365 		.ascii	"reset\000"
 752      7400
 753              	.LASF10:
 754 0128 666C6F61 		.ascii	"float\000"
 754      7400
 755              	.LASF21:
 756 012e 474E5520 		.ascii	"GNU C++14 9.3.1 20200408 (release) -mcpu=cortex-m3 "
 756      432B2B31 
 756      3420392E 
 756      332E3120 
 756      32303230 
 757 0161 2D6D7468 		.ascii	"-mthumb -mfloat-abi=soft -march=armv7-m -ggdb -O0 -"
 757      756D6220 
 757      2D6D666C 
 757      6F61742D 
 757      6162693D 
 758 0194 666F6D69 		.ascii	"fomit-frame-pointer -falign-functions=16 -ffunction"
 758      742D6672 
 758      616D652D 
 758      706F696E 
 758      74657220 
 759 01c7 2D736563 		.ascii	"-sections -fdata-sections -fno-common -flto -fno-rt"
 759      74696F6E 
 759      73202D66 
 759      64617461 
 759      2D736563 
 760 01fa 7469202D 		.ascii	"ti -fno-exceptions\000"
 760      666E6F2D 
 760      65786365 
 760      7074696F 
 760      6E7300
 761              	.LASF8:
 762 020d 696E7465 		.ascii	"integral_prev\000"
 762      6772616C 
 762      5F707265 
 762      7600
 763              	.LASF28:
 764 021b 5F5A4E31 		.ascii	"_ZN13PIDControllerC2Efffff\000"
 764      33504944 
 764      436F6E74 
 764      726F6C6C 
 764      65724332 
 765              	.LASF19:
 766 0236 6572726F 		.ascii	"error\000"
 766      7200
 767              	.LASF22:
 768 023c 7069642E 		.ascii	"pid.cpp\000"
 768      63707000 
 769              	.LASF11:
ARM GAS  /tmp/ccWNhpzT.s 			page 16


 770 0244 6C6F6E67 		.ascii	"long unsigned int\000"
 770      20756E73 
 770      69676E65 
 770      6420696E 
 770      7400
 771              		.text
 772              		.section	.gnu.lto_.inline.16fed6444d8afcfe,"e",%progbits
 773 0000 789CE360 		.ascii	"x\234\343``d\250d@\000f\006\006\276\206\206\206\007"
 773      6064A864 
 773      40006606 
 773      06BE8686 
 773      8607
 774 0012 4CE92C0C 		.ascii	"L\351,\014L\"`V\032\003\003\013C#\220Y\307\304\300\004"
 774      4C226056 
 774      1A03030B 
 774      43239059 
 774      C7C4C004 
 775 0026 52C3C40D 		.ascii	"R\303\304\015&\031N3\000\005\2470g\002U\3661\002\231"
 775      26194E33 
 775      0005A730 
 775      670255F6 
 775      310299
 776 0039 2F9832B1 		.ascii	"/\2302\261+ef`\003\212\035`J\005\012p\300X\250\012\031"
 776      2B656660 
 776      038A1D60 
 776      4A050A70 
 776      C058A80A 
 777 004e 00A44B1A 		.ascii	"\000\244K\032\004"
 777      04
 778              		.text
 779              		.section	.gnu.lto_.jmpfuncs.16fed6444d8afcfe,"e",%progbits
 780 0000 789CE360 		.ascii	"x\234\343``d\340e@\000f\020\301\004e\000\000\002\250"
 780      6064E065 
 780      40006610 
 780      C1046500 
 780      0002A8
 781 0013 001F     		.ascii	"\000\037"
 782              		.text
 783              		.section	.gnu.lto__ZN13PIDControllerC2Efffff.16fed6444d8afcfe,"e",%progbits
 784 0000 789CA594 		.ascii	"x\234\245\224\333O\024I\024\207\353\327U=\027f0\232"
 784      DB4F1449 
 784      1487EBD7 
 784      553D1766 
 784      309A
 785 0012 B8261B63 		.ascii	"\270&\033c$\336\320\007\0151\256\321\267}\360A\337\374"
 785      24DED007 
 785      0D31AED1 
 785      B77DF041 
 785      DFFC
 786 0024 17BC2592 		.ascii	"\027\274%\222hB\324wz\206!\0325\250\221\225e\334aP!"
 786      6842D477 
 786      7A86211A 
 786      35A89195 
 786      65DC6150 
 787 0039 E225DE42 		.ascii	"\342%\336B\202\027\324A\024\035E\327U\274\200\356\260"
 787      8217D441 
 787      141D45D7 
ARM GAS  /tmp/ccWNhpzT.s 			page 17


 787      55BC80EE 
 787      B0
 788 004a 02725BD0 		.ascii	"\002r[\320\350\032u7\033\306sj\012%-\2328v2\231\256"
 788      E81A7537 
 788      1BC6736A 
 788      0A252D9A 
 788      38763299 
 789 005f AA73BEEF 		.ascii	"\252s\276\357TW\237\366\011\210#^!\026\012!\362\351"
 789      54579FF6 
 789      0988235E 
 789      21160A21 
 789      F2E9
 790 0071 27948095 		.ascii	"'\224\200\225N\247\213U\310gA\232;\011\350;\012.\266"
 790      4EA78B55 
 790      C867419A 
 790      3B09E83B 
 790      0A2EB6
 791 0084 248AB14B 		.ascii	"$\212\261KVH\244\302\261\367\3012\031\227\002\212\206"
 791      5648A4C2 
 791      B1F7C132 
 791      1997028A 
 791      86
 792 0095 E537EB93 		.ascii	"\3457\353\2239<\004\362h\030yXuN\315;\3548a'Q\321\250"
 792      393C04F2 
 792      68187958 
 792      754ECD3B 
 792      EC386127 
 793 00ac A2750915 		.ascii	"\242u\011\025\227\226\250\244\350\013\230\212\363\230"
 793      9796A8A4 
 793      E80B988A 
 793      F398
 794 00ba CA3A8146 		.ascii	"\312:\201F\314\243\350\177\036\274\354\366\313\000\004"
 794      CCA3E87F 
 794      1EBCECF6 
 794      CB0004
 795 00c9 DD9F8C1C 		.ascii	"\335\237\214\034\355\361\346\327:\273)\263\252NF\253"
 795      EDF1E6D7 
 795      3ABB29B3 
 795      AA4E46AB 
 796 00d9 3953E222 		.ascii	"9S\342\"d%\261G\223q\011\3714=q\253r\347\334\015Y\313"
 796      6425B147 
 796      937109F9 
 796      343D71AB 
 796      72E7DC0D 
 797 00ef 3F2688CF 		.ascii	"?&\210\317\022\332h\033\227\221OI\367\017\277\212B\316"
 797      12DA681B 
 797      97914F49 
 797      F70FBF8A 
 797      42CE
 798 0101 D0D28637 		.ascii	"\320\322\20675M\026\001\350J\364\\\3658\263\342R!\341"
 798      354D1601 
 798      E84AF45C 
 798      F538B3E2 
 798      5221E1
 799 0114 52363141 		.ascii	"R61AM\334\255\334\031\325r\371\307x\361Y|;\031\257h"
 799      4DDCADDC 
 799      19D572F9 
ARM GAS  /tmp/ccWNhpzT.s 			page 18


 799      C778F159 
 799      7C3B19AF 
 800 0129 6369E96F 		.ascii	"ci\351o\377\005\345,m\354I\225%\003&\177\350\23216\273"
 800      FF05E52C 
 800      6DEC4995 
 800      2503267F 
 800      E89A3136 
 801 013e 8C573384 		.ascii	"\214W3\204\250rg\030c\263\313h\342Sd\274\246\215\235"
 801      A8726718 
 801      63B3CB68 
 801      E25364BC 
 801      A68D9D
 802 0151 6D899609 		.ascii	"m\211\226\011r\2166\226\0166\324\347\230\3747-\306\330"
 802      728E3696 
 802      0E36D4E7 
 802      98FC372D 
 802      C6D8
 803 0163 E2325ECF 		.ascii	"\3422^\317\020j\224;\303\030[\\F\023\337M\306\033\332"
 803      106A943B 
 803      C3185B5C 
 803      4613DF4D 
 803      C61BDA
 804 0176 98BE11EF 		.ascii	"\230\276\021\357\262\345\\m,\337\333Q;Z\361\377\327"
 804      B2E55C6D 
 804      2CDFDB51 
 804      3B5AF1FF 
 804      D7
 805 0187 8D31E932 		.ascii	"\2151\3512\336\314\020N(w\2061&]F\023\337O\306[\332"
 805      DECC104E 
 805      28778631 
 805      265D4613 
 805      DF4FC65B 
 806 019c 78F07653 		.ascii	"x\360vS\005\344|ml\272\365\357\353\321Sy\372c\275\303"
 806      05E47C6D 
 806      6CBAF5EF 
 806      EBD15379 
 806      FA63BDC3 
 807 01b0 EF8E42AB 		.ascii	"\357\216B\253Ky;\2038\257\334)F\331\352R\232\370aR\336"
 807      4B793B83 
 807      38AFDC29 
 807      46D9EA52 
 807      9AF86152 
 808 01c5 01F50965 		.ascii	"\001\365\011eu\235\036\371%\327\243\004s\177\207\307"
 808      759D1EF9 
 808      25D7A304 
 808      737F87C7 
 809 01d5 35273273 		.ascii	"5'2s\270\013\017\306,\350qf\345\017\272\243?Z\354\335"
 809      B80B0FC6 
 809      2CE87166 
 809      E50FBAA3 
 809      3F5AECDD 
 810 01e9 D3752638 		.ascii	"\323u&8\373\220\343\354s\022o'Q\243D\362\306\353\024"
 810      FB90E3EC 
 810      73126F27 
 810      51A344F2 
 810      C6EB14
 811 01fc 817B987D 		.ascii	"\201{\230}\362\236\235pF\322[\035\307\372\001\".m\262"
ARM GAS  /tmp/ccWNhpzT.s 			page 19


 811      F29E9D70 
 811      46D25B1D 
 811      C7FA0122 
 811      2E6DB2
 812 020f D3CB6C83 		.ascii	"\323\313l\203_0/\370\320\375\340\203\010\200\037N.\270"
 812      5F302FF8 
 812      D0FDE083 
 812      08801F4E 
 812      2EB8
 813 0221 DEC98279 		.ascii	"\336\311\202yb\207\024isM'\365Ni}\032B\014\342Jj\240"
 813      62871469 
 813      734D27F5 
 813      4E697D1A 
 813      420CE24A 
 814 0237 E427AE90 		.ascii	"\344'\256\220j*+y\231\362q3{\364SMt\234j\237P\213C!"
 814      6A2A2B79 
 814      99F27133 
 814      7BF4534D 
 814      749C6A9F 
 815 024f 7A46549C 		.ascii	"zFT\2347F\355u\237\353B\033jy\017}\257\273S\201\245"
 815      3746ED75 
 815      9FEB421B 
 815      6A790F7D 
 815      AFBB5381 
 816 0264 0DCE36D0 		.ascii	"\015\3166\320\252\300\003,%`8:\260\177\023ot,\320\032"
 816      AAC0032C 
 816      2560383A 
 816      B07F136F 
 816      742CD01A 
 817 0278 0FE863E0 		.ascii	"\017\350c\340C\006\322Z\374XMg\260\340\204\223YRxD\212"
 817      4306D25A 
 817      FC584D67 
 817      B0E08493 
 817      59527844 
 818 028d 5FA57E02 		.ascii	"_\245~\002\217Q\020\223\266F\373\015\370[H\355\232\004"
 818      8F511093 
 818      B646FB0D 
 818      F85B48ED 
 818      9A04
 819 029f 267530C9 		.ascii	"&u0\311\2335\351\211&YLz\312$\177\326\244?5\211\267"
 819      9B35E989 
 819      26594C7A 
 819      CA247FD6 
 819      A43F3589 
 820 02b4 87149302 		.ascii	"\207\024\223\002Y\223:5I1\351/&\3452\351\255/\013\322"
 820      59933A35 
 820      4931E92F 
 820      26E532E9 
 820      AD2F0BD2 
 821 02c8 334DB299 		.ascii	"3M\262\231\324\205\002\0128\336<\362\036\323\366;>>"
 821      D485020A 
 821      38DE3CF2 
 821      1ED3F63B 
 821      3E3E
 822 02da 058A10E8 		.ascii	"\005\212\020\350\306\264\254\361=\032\357a\374\363/"
 822      C6B4ACF1 
 822      3D1AEF61 
ARM GAS  /tmp/ccWNhpzT.s 			page 20


 822      FCF32F
 823 02e9 E07BBF03 		.ascii	"\340{\277\003\337\247\361^\306\367\177\001?@\370!\224"
 823      DFA7F15E 
 823      C6F77F01 
 823      3F40F821 
 823      94
 824 02fa 54BFEB97 		.ascii	"T\277\353\227,\210I~\207cu\255i\177\004\341\220/.\375"
 824      2C88497E 
 824      876375AD 
 824      697F04E1 
 824      902F2EFD 
 825 030e 957CB818 		.ascii	"\225|\270\030D\204\273,\207kImO\332\343TS=\345\253\345"
 825      4484BB2C 
 825      876B496D 
 825      4FDAE354 
 825      533DE5AB 
 826 0323 D8F85B97 		.ascii	"\330\370[\227\303n\014\361\261 \323\031U\026\267ZLN"
 826      C36E0CF1 
 826      B120D319 
 826      5516B75A 
 826      4C4E
 827 0335 8EE9C3DF 		.ascii	"\216\351\303\337)\345\230n\244\302u\2334\036\011\235"
 827      29E5986E 
 827      A4C2759B 
 827      341E099D 
 828 0345 0DCE3CA0 		.ascii	"\015\316<\240?M\316\317\324[\001\376,\230\013\303\230"
 828      3F4DCECF 
 828      D45B01FE 
 828      2C980BC3 
 828      98
 829 0356 295E209C 		.ascii	")^ \234g@<\267Cbl\217\013\341+*\\\273`MQ\221P[\326\027"
 829      67403CB7 
 829      43626C8F 
 829      0BE12B2A 
 829      5CBB604D 
 830 0370 6E9E6446 		.ascii	"n\236dF\013V\257^\262p\361\222E\353\004Vb\005\226\251"
 830      0B56AF5E 
 830      B270F192 
 830      45EB0456 
 830      620596A9 
 831 0384 4DAB3616 		.ascii	"M\2536\026\331\033\0127\026n\371\000\357\337\204\371"
 831      D91B0A37 
 831      166EF900 
 831      EFDF84F9 
 832              		.text
 833              		.section	.gnu.lto__ZN13PIDControllerclEf.16fed6444d8afcfe,"e",%progbits
 834 0000 789C9D58 		.ascii	"x\234\235XkPU\327\025>{\357s\337O\336F\3057\"NETb\210"
 834      6B5055D7 
 834      153E7BEF 
 834      73DF4FDE 
 834      46C53722 
 835 0019 9A18CD0F 		.ascii	"\232\030\315\017\323I\247\343\244\235N\177d&C\032\332"
 835      D349A7E3 
 835      A49D4E7F 
 835      6426431A 
 835      DA
 836 002a 321385E2 		.ascii	"2\023\205\342\215\235\374\362\362\010\321\210/J@\220"
ARM GAS  /tmp/ccWNhpzT.s 			page 21


 836      8D9DFCF2 
 836      F208D188 
 836      2F4A4090 
 837 003a 1B49036D 		.ascii	"\033I\003m|T\245\261MJ1\241^\251 $F[\215\370\300\004"
 837      7C54A5B1 
 837      4D4A31A1 
 837      5EA92024 
 837      465B8DF8 
 838 0050 3482A2C4 		.ascii	"4\202\242\304\304\020\260\006\272\326\336\373\236s\275"
 838      C410B006 
 838      BAD6DEFB 
 838      9E73BD
 839 005f 57C639B9 		.ascii	"W\3069\2713\254{\356\336\353\373\326\267\327^k\237s"
 839      33AC7BEE 
 839      DEEBFBD6 
 839      B7D75E6B 
 839      9F73
 840 0071 B02A44E9 		.ascii	"\260*D\351\214S\2242EQ\236%`&(\204\216\215\215mP\013"
 840      8C539432 
 840      45519E25 
 840      60262884 
 840      8E8D8D6D 
 841 0087 AD94AAFC 		.ascii	"\255\224\252\374\312og\342\333\311\264\021\223\034Q"
 841      CA6F67E2 
 841      DBC9B411 
 841      931C51
 842 0096 89497A9B 		.ascii	"\211Iz\233\250Y\316Y\344\234\2318\344\234\205Z\345\234"
 842      A859CE59 
 842      E49C9938 
 842      E49C855A 
 842      E59C
 843 00a8 4DCE5989 		.ascii	"M\316Y\211]\316\331\264+\273\346\357\240N\351\357\222"
 843      5DCED9B4 
 843      2BBBE6EF 
 843      A04EE9EF 
 843      92
 844 00b9 FE4E1223 		.ascii	"\376N\022#\347\\\324-\347<r\316M\274r\316\243]y5\377"
 844      E75CD42D 
 844      E73C72CE 
 844      4DBC72CE 
 844      A35D7935 
 845 00ce 181A2BFD 		.ascii	"\030\032+\375\023\245\177,\215\223#\361r$\216$J\357"
 845      13A57F2C 
 845      8D9323F1 
 845      72248E24 
 845      4AEF
 846 00e0 789A10E1 		.ascii	"x\232\020\341\235\240\315%\222$y\225D\010\277\202\344"
 846      9DA0CD25 
 846      92247995 
 846      4408BF82 
 846      E4
 847 00f1 6DA04C35 		.ascii	"m\240L5\231-V\233\335\341t\271=\336\230\330\270\370"
 847      992D569B 
 847      DDE174B9 
 847      3DDE98D8 
 847      B8F8
 848 0103 84C424B2 		.ascii	"\204\304$\262\201lcU\214t\027\005\206\235[\331n\246"
ARM GAS  /tmp/ccWNhpzT.s 			page 22


 848      816C6355 
 848      8C741705 
 848      869D5BD9 
 848      6EA6
 849 0115 10157E56 		.ascii	"\020\025~V\2348\334n\307\237\204L\203\237e\347z\017"
 849      9C38DC6E 
 849      C79F844C 
 849      839F65E7 
 849      7A0F
 850 0127 92B43FFB 		.ascii	"\222\264?\373\341\323Ru:\263\265\364\265gv3\252T\203"
 850      E1D35275 
 850      3AB3B5F4 
 850      B5677633 
 850      AA5483
 851 013a F73FC924 		.ascii	"\367?\311$\322D&)\370!\315$\015\274\27793\330kc\016"
 851      D2442629 
 851      F821CD24 
 851      0DBCBF39 
 851      33D86B63 
 852 014f A2C0F5C1 		.ascii	"\242\300\365\301\222\275W,\251\015\376\355E\376\226"
 852      92BD572C 
 852      A90DFEED 
 852      45FE96
 853 015e 4F0B29C0 		.ascii	"O\013)\300\0309B\330}H\030\363n\206\201\017I* \376v"
 853      183942D8 
 853      7D4818F3 
 853      6E86810F 
 853      492A20FE 
 854 0173 BB326066 		.ascii	"\2732`f38zOgS\235\023\320\030\367X\253\331?\013\242"
 854      33387A4F 
 854      67539D13 
 854      D018F758 
 854      ABD93F0B 
 855 0188 928FA2E0 		.ascii	"\222\217\242\340\324[\001\003-$UA\320\275-\227v\232"
 855      D45B0103 
 855      2D245541 
 855      D0BD2D97 
 855      769A
 856 019a D81C4ED0 		.ascii	"\330\034N\320\363\336\216nK\312;\234`\3640;\354o)\231"
 856      F3DE8E6E 
 856      4BCA3B9C 
 856      60F4303B 
 856      EC6F2999 
 857 01ae 861CFF8A 		.ascii	"\206\034\377\212\340P\024\357\005\206\200\367\006N\325"
 857      E05014EF 
 857      058680F7 
 857      064ED5
 858 01bd 10369F83 		.ascii	"\0206\237\203?\273rd\227*\301=\307\314\376z?El0\032"
 858      3FBB7264 
 858      972AC13D 
 858      C7CCFE7A 
 858      3F456C30 
 859 01d2 7B92636F 		.ascii	"{\222cou\006\267\021\266\204c\203[\206\256S\211\275"
 859      7506B711 
 859      B6846383 
 859      5B86AE53 
 859      89BD
ARM GAS  /tmp/ccWNhpzT.s 			page 23


 860 01e4 1BD4B0AD 		.ascii	"\033\324\260\255\321\330 \307\216\355\033\374\332\312"
 860      D1D820C7 
 860      8EED1BFC 
 860      DACA
 861 01f2 9EE6D8E3 		.ascii	"\236\346\330\343\003\345g]\241\270:\366x4\366}\216\335"
 861      03E5675D 
 861      A1B83AF6 
 861      7834F67D 
 861      8EDD
 862 0204 F2C1890E 		.ascii	"\362\301\211\016;[\315\261\265\247O\015XC\330\243\032"
 862      3B5BCDB1 
 862      B5A74F0D 
 862      5843D8A3 
 862      1A
 863 0215 B63D1ABB 		.ascii	"\266=\032\273\237c?h\332^\341b?\343\330}7j\033\234\210"
 863      9F633F68 
 863      DA5EE162 
 863      3FE3D87D 
 863      376A1B9C 
 864 022a 85BDEAFE 		.ascii	"\205\275\352\376\253\251F$K%\035\321\340:\016\356i\034"
 864      ABA94624 
 864      4B251DD1 
 864      E03A0EEE 
 864      691C
 865 023c 7DD36556 		.ascii	"}\323eVI'I!'\340\257\015\376\376\015\177\307\340\357"
 865      49274921 
 865      27E0AF0D 
 865      FEFE0D7F 
 865      C7E0EF
 866 024f 2849C1FA 		.ascii	"(I\301\372\300\252\370\230\230\241\000\025' j\376\322"
 866      C0AAF898 
 866      98A10015 
 866      27206AFE 
 866      D2
 867 0260 D76A65D9 		.ascii	"\327je\331<\\\303\275\266F\033\206+\361\267|Rb:\374"
 867      3C5CC3BD 
 867      B6461B86 
 867      2BF1B77C 
 867      52623AFC 
 868 0274 AEDC9B4F 		.ascii	"\256\334\233O\242\302\001\307I\222\002\220\277\327\235"
 868      A2C201C7 
 868      49920290 
 868      BFD79D
 869 0283 DDEB64B9 		.ascii	"\335\353d\271\034~\362@o5\225\360\272 m\363\253\010"
 869      1C7EF240 
 869      6F3595F0 
 869      BA206DF3 
 869      AB08
 870 0295 FEF441E0 		.ascii	"\376\364A\340S\034\\5R_\345f\277\023).n~\337\036\212"
 870      531C5C35 
 870      525FE566 
 870      BF13292E 
 870      6E7EDF1E 
 871 02aa 7D9569B1 		.ascii	"}\225i\261O?\010\376\037\016\277\363q\353\227v\366*"
 871      4F3F08FE 
 871      1F0EBFF3 
 871      71EB9776 
ARM GAS  /tmp/ccWNhpzT.s 			page 24


 871      F62A
 872 02bc 8737BD5D 		.ascii	"\2077\275]\373\205%*\366\177\037\004>\303\301\0076\265"
 872      FB85252A 
 872      F67F1F04 
 872      3EC3C107 
 872      36B5
 873 02ce DD7320A0 		.ascii	"\335s \240\002\342\035\327\342Eu\220B\316B\356\306\311"
 873      02E21DD7 
 873      E2457590 
 873      42CE42EE 
 873      C6C9
 874 02e0 27F0B41C 		.ascii	"'\360\264\034\271\375\206\215\025\022\256\342\320\241"
 874      B9FD868D 
 874      1512AEE2 
 874      D0A1
 875 02ee AE1DA1FA 		.ascii	"\256\035\241\372\034\372V/\356\317\242\367\253\017~"
 875      1CFA562F 
 875      EECFA2F7 
 875      AB0F7E
 876 02fd 9F232907 		.ascii	"\237#)\007O\233Z\374\243c\257\203\210\036\322p\303\361"
 876      4F9B5AFC 
 876      A363AF83 
 876      881ED270 
 876      C3F1
 877 030f 0C81EE51 		.ascii	"\014\201\356Q)\032\206}\244\2421\2411\243\261\240\261"
 877      291A867D 
 877      A4A231A1 
 877      31A3B1A0 
 877      B1
 878 0320 A2B1A1B1 		.ascii	"\242\261\241\261\243q\240q\242q\241q\243\361\360\036"
 878      A371A071 
 878      A271A171 
 878      A3F1F01E 
 879 0330 44138326 		.ascii	"D\023\203&\026M\034\232x4\011h\022\321$\241\231\200"
 879      164D1C9A 
 879      78340968 
 879      12D124A1 
 879      9980
 880 0342 E6113413 		.ascii	"\346\0214\023\321LB3\031M2\232)h\246\242\231\206f:\232"
 880      D14C4233 
 880      194D329A 
 880      2968A6A2 
 880      9986663A 
 881 0357 196866A2 		.ascii	"\031hf\242\231\205&E\301\344\314V0%\25180\007M\032\232"
 881      99852645 
 881      C1E4CC56 
 881      3025A938 
 881      30074D1A 
 882 036c B968E629 		.ascii	"\271h\346)\230\300t\202\347\311|\356\233\301\355\002"
 882      98C07482 
 882      E7C97CEE 
 882      9BC1ED02 
 883 037c 8247C442 		.ascii	"\202G\304B\005\323\272H\301\304f\242\373\243h\026\243"
 883      05D3BA48 
 883      C1C466A2 
 883      FBA36816 
 883      A3
ARM GAS  /tmp/ccWNhpzT.s 			page 25


 884 038d 790C4D16 		.ascii	"y\014M\026\237y\\\301\244/\3411\226\342\36024O\240y"
 884      9F795CC1 
 884      A42FE131 
 884      96E2F032 
 884      344FA079 
 885 03a1 12CD723E 		.ascii	"\022\315r>\363\024O\352\012~\275\222\333U8\251(p\232"
 885      F3144FEA 
 885      0A7EBD92 
 885      DB5538A9 
 885      28709A
 886 03b4 8DC9CF54 		.ascii	"\215\311\317T\250\3742F\365\237D\031 \305u\007O\231"
 886      A8FC3246 
 886      F59F4419 
 886      20C57507 
 886      4F99
 887 03c6 B02F026C 		.ascii	"\260/\002l\036ld\340\335\3161[\011)*\264\356f\246j\006"
 887      1E6C64E0 
 887      DDCE315B 
 887      09292AB4 
 887      EE66A66A 
 888 03db 08D2454A 		.ascii	"\010\322EJpo\314\312uR\324\334\277\277\234\010o\002"
 888      706FCCCA 
 888      7552D4DC 
 888      BFBF9C08 
 888      6F02
 889 03ed DE5B8B07 		.ascii	"\336[\213\007\273\255x6[x\025\264\234?\324\345n \357"
 889      BBAD7836 
 889      5B7815B4 
 889      9C3FD4E5 
 889      6E20EF
 890 0400 144219C0 		.ascii	"\024B\031\300\366[\003,\235\234\307m\207\271\335\373"
 890      F65B032C 
 890      9D9CC76D 
 890      87B9DDFB 
 891 0410 EA2F3B33 		.ascii	"\352/;3\016\370\305\224J.\220\006\262S4\345E\222\001"
 891      0EF8C594 
 891      4A2E9006 
 891      B25334E5 
 891      459201
 892 0423 DCC56F95 		.ascii	"\334\305o\225\216X\0045\005-\020\000\003v\227V\273\304"
 892      8E580435 
 892      052D1000 
 892      03769756 
 892      BBC4
 893 0435 20837174 		.ascii	" \203qt;T\372\017&F\346\303 0\337\034:s\327\236\274"
 893      3B54FA0F 
 893      2646E6C3 
 893      2030DF1C 
 893      3A73D79E 
 894 044a CBBFD1EF 		.ascii	"\313\277\321\357\367\336\204e)\012\006\361\327\015\356"
 894      F7DE8465 
 894      290A06F1 
 894      D70DEE
 895 0459 2A259802 		.ascii	"*%\230\002r\211$+WI\311\305\340\320s\022\010\250\375"
 895      7289242B 
 895      5749C9C5 
 895      E0D07312 
ARM GAS  /tmp/ccWNhpzT.s 			page 26


 895      08A8FD
 896 046c C1D16102 		.ascii	"\301\321a\002(+J\340n\335\340\206\2372\306\302RD\001"
 896      282B4AE0 
 896      6EDDE086 
 896      9F32C6C2 
 896      524401
 897 047f 7929788C 		.ascii	"y)x\214\352\310\216\306\017\033\251\214\247\310`\370"
 897      EAC88EC6 
 897      0F1BA98C 
 897      A7C860F8 
 898 048f 11C12E6B 		.ascii	"\021\301.k,j\030\013\203\245\014\265\375X\220d\000\311"
 898      2C6A180B 
 898      83A50CB5 
 898      FD589064 
 898      00C9
 899 04a1 B5FAFA22 		.ascii	"\265\372\372\"\267$\371N\027\375\371\256M\305\202\347"
 899      B724F94E 
 899      17FDF9AE 
 899      4DC582E7 
 900 04b1 73CE53C6 		.ascii	"s\316S\306L\341\333\305w\240\331'hTC\031\247\344\013"
 900      4CE1DBC5 
 900      77A0D927 
 900      68544319 
 900      A7E40B
 901 04c4 9E717C60 		.ascii	"\236q|`!=\"\343z*\027\006\330\002`\024\001>z^\014\232"
 901      213D22E3 
 901      7A2A1706 
 901      D8026014 
 901      013E7A5E 
 902 04da 0C06E8E5 		.ascii	"\014\006\350\345\001(\006\270\302\003\0245\267\377T"
 902      012806B8 
 902      C2031435 
 902      B7FF54
 903 04e9 50990D52 		.ascii	"P\231\015R]\345TX\036\344\313\220\326\021\233\340\262"
 903      5DE55458 
 903      1EE4CB90 
 903      D6119BE0 
 903      B2
 904 04fa 04584A80 		.ascii	"\004XJ\200\227#\014\356q\210A`\263<to\256AN\271\252"
 904      97230CEE 
 904      71884160 
 904      B33C746F 
 904      AE414EB9 
 905 050f 5705C866 		.ascii	"W\005\310fPU\037W\245\242\252~\241\252\266tD\226\247"
 905      50551F57 
 905      A5A2AA7E 
 905      A1AAB674 
 905      4496A7
 906 0522 9D67D026 		.ascii	"\235g\320&\245JU\016.\314.<C\271^\004\231\205)\221\353"
 906      A54A550E 
 906      2ECC2E3C 
 906      43B95E04 
 906      99852991 
 907 0537 F6D562D0 		.ascii	"\366\325b\320iP\312u.\305\204Rn\210\\\177U*\033\323"
 907      6950CA75 
 907      2EC58452 
 907      6E885C7F 
ARM GAS  /tmp/ccWNhpzT.s 			page 27


 907      552A1BD3 
 908 054b 056C58EF 		.ascii	"\005lX\357\027\236\326\342\271\260\"\207\010\244m>\253"
 908      179ED6E2 
 908      B9B02287 
 908      08A46D3E 
 908      AB
 909 055c E900870C 		.ascii	"\351\000\207\014\365|\307,\250.sXu\221\373\004\271\015"
 909      F57CC72C 
 909      A82E7358 
 909      7591FB04 
 909      B90D
 910 056e 0A1AD005 		.ascii	"\012\032\320\005\335\214\020\364\030\260\361Z\266\204"
 910      DD8C10F4 
 910      18B0F15A 
 910      B684
 911 057c F7154693 		.ascii	"\367\025F\223;\352yH\254\372\306\306\036\023\306\332"
 911      3BEA7948 
 911      ACFAC6C6 
 911      1E13C6DA 
 912 058c 2862DDD2 		.ascii	"(b\335\322c\015B,\354P}\255\036\331~\326\260`jX\260"
 912      630D422C 
 912      EC507DAD 
 912      1ED97ED6 
 912      B0606A58 
 913 05a1 470D06FB 		.ascii	"G\015\006\373J\017v\033\202!\265-\214\332\004\324\225"
 913      4A0F761B 
 913      8221B52D 
 913      8CDA04D4 
 913      95
 914 05b2 923A1304 		.ascii	"\222:\023\004p\007{\230\203%\314aq\200\315\301\215\230"
 914      70077B98 
 914      8325CC61 
 914      7180CDC1 
 914      8D98
 915 05c4 0332AC70 		.ascii	"\0032\254p\312e\332(x;\302\274\255\350\335>E\270g\005"
 915      CA65DA28 
 915      783BC2BC 
 915      ADE8DD3E 
 915      45B86705 
 916 05d8 58AA2893 		.ascii	"X\252(\223\316|1\3425\270+_s\361f\024\377M\250%\237"
 916      CE7C31E2 
 916      35B82B5F 
 916      73F16614 
 916      FF4DA825 
 917 05ed 15543106 		.ascii	"\025T1\006\251\356\350\305\377m\350\300\256\226\353"
 917      A9EEE8C5 
 917      FF6DE8C0 
 917      AE96EB
 918 05fc 8AE5C51F 		.ascii	"\212\345\305\037#\212\277Z\236\342q \027\246p\360\234"
 918      238ABF5A 
 918      9EE27120 
 918      17A670F0 
 918      9C
 919 060d 56FC8FF3 		.ascii	"V\374\217\363\361\024\321\021\337\357\211\025\243\361"
 919      F114D111 
 919      DFEF8915 
 919      A3F1
ARM GAS  /tmp/ccWNhpzT.s 			page 28


 920 061b FC04CABA 		.ascii	"\374\004\312\272\277O\226p\357x\221\200\256eb0\301\240"
 920      BF4F9670 
 920      EF789180 
 920      AE656230 
 920      C1A0
 921 062d EA217DF7 		.ascii	"\352!}\367\276\213(\313D`\013\357\023\210\227(\372$"
 921      BE8B28CB 
 921      44600BEF 
 921      13889728 
 921      FA24
 922 063f 156AD6DC 		.ascii	"\025j\326\334T\016\252\026\333q\203\234Q]\022\222\223"
 922      540EAA16 
 922      DB71839C 
 922      515D1292 
 922      93
 923 0650 6450CEB0 		.ascii	"dP\316\260.g$B\316\223\300\306\213\3075N\227L0X\270"
 923      2E672442 
 923      CE93C0C6 
 923      8BC7354E 
 923      974C3058 
 924 0665 77F558FF 		.ascii	"w\365X\377\273\277K`\245\023d\227\270\307\351\222e\006"
 924      BBBF4B60 
 924      A5136497 
 924      B8C7E992 
 924      6506
 925 0677 83DDD383 		.ascii	"\203\335\323\203}/\273\3043N\227,\005\001\334\301;N"
 925      7D2FBBC4 
 925      334E972C 
 925      0501DCC1 
 925      3B4E
 926 0689 973C1160 		.ascii	"\227<\021`sq\033\346\202\0147t\311R\017nBLT\227L\026"
 926      73711BE6 
 926      820C3774 
 926      C9520F6E 
 926      424C5497 
 927 069f EECB032C 		.ascii	"\356\313\003,M\024\311\305\014\375M@<\353\203\234Q\364"
 927      4D14C9C5 
 927      0CFD4D40 
 927      3CEB839C 
 927      51F4
 928 06b1 79C4E03E 		.ascii	"y\304\340>\215\361\345X\020\357\247\"w\301\037\351T"
 928      8DF1E558 
 928      10EFA722 
 928      77C11FE9 
 928      54
 929 06c2 D10F0F85 		.ascii	"\321\017\017\2054Y\324N\032\354\244\263\251\322\003"
 929      3459D44E 
 929      1AECA4B3 
 929      A9D203
 930 06d1 CBF0A2EC 		.ascii	"\313\360\242\354\330\250\373w\367[$\354\205\005\236"
 930      D8A8FB77 
 930      F75B24EC 
 930      85059E
 931 06e0 DAB846C5 		.ascii	"\332\270F\305{\015\036\214\213(D\230hPl1E\261\250\205"
 931      7B0D1E8C 
 931      8B284498 
 931      68506C31 
ARM GAS  /tmp/ccWNhpzT.s 			page 29


 931      45B1A885 
 932 06f4 9450D999 		.ascii	"\224P\331\231]6\3015\211\347g\242h\302\021&\006\237"
 932      5D36C135 
 932      89E767A2 
 932      68C21126 
 932      069F
 933 0706 E2E32942 		.ascii	"\342\343)B\316\345\365bp\262\301\250\257Q-E\245\241"
 933      CEE5F562 
 933      70B2C1A8 
 933      AF512D45 
 933      A5A1
 934 0718 1475122D 		.ascii	"\024u\022-\300dY`qQ\353\357{^8%\033\014\370\272\276"
 934      C0645960 
 934      7151EBEF 
 934      7B5E3825 
 934      1B0CF8BA 
 935 072d CC8D549E 		.ascii	"\314\215T\236e?\021TS\014Rm\322\265\277A3\264{6\347"
 935      653F1154 
 935      530C526D 
 935      D2B5BF41 
 935      33B47B36 
 936 0742 9ACA1F2F 		.ascii	"\232\312\037/\246\210\263\250\335$\006W\202\\\230\342"
 936      A688B3A8 
 936      DD240657 
 936      825C98E2 
 937 0752 2B8A8F5A 		.ascii	"+\212\217ZQ\177\271\\\367\264\010\035u\177\304\027\232"
 937      517FB95C 
 937      F7B4081D 
 937      757FC417 
 937      9A
 938 0763 F1A4D4FD 		.ascii	"\361\244\324\375\211\277\020o\326\305\224Qy&l\222\333"
 938      89BF106F 
 938      D6C59451 
 938      79266C92 
 938      DB
 939 0774 371D38F9 		.ascii	"7\0358\371\031\025\274\243\247v\272LmB\224\220\3532"
 939      1915BCA3 
 939      A776BA4C 
 939      6D429490 
 939      EB32
 940 0786 B5330CE6 		.ascii	"\2653\014\346c\213\236\332\255\021\251\235i\220j\233"
 940      638B9EDA 
 940      AD11A99D 
 940      69906A9B 
 941 0796 BE9AED91 		.ascii	"\276\232\355\221\251\235\305S;STh(\265+@.L\361\025%"
 941      A99DC553 
 941      3B535468 
 941      28B52B40 
 941      2E4CF115 
 942 07ab 46ACA8B2 		.ascii	"F\254\250\262\377\346/\260\217#\323\232\370\020\021"
 942      FFE62FB0 
 942      8F23D39A 
 942      F81011
 943 07ba 3BA8F624 		.ascii	";\250\366$ZN3\304\235\005\310n=\367C\310\376\240'\247"
 943      5A4E33C4 
 943      9D05C86E 
 943      3DF743C8 
ARM GAS  /tmp/ccWNhpzT.s 			page 30


 943      FEA027A7 
 944 07ce 02C9     		.ascii	"\002\311"
 945 07d0 6623594D 		.ascii	"f#YM\377\340\352\037B\366&\325\356\242\225H\266@(\033"
 945      FFE0EA1F 
 945      42F626D5 
 945      EEA29548 
 945      B640281B 
 946 07e4 FEA57132 		.ascii	"\376\245q2\225TQ\355\035j'\222\315\023d#Y\342`\\\205"
 946      955451ED 
 946      1D6A2792 
 946      CD136423 
 946      59E2605C 
 947 07f9 5AE1489A 		.ascii	"Z\341H\232\015g@\314^\270\335-\217\207\323te\\M\015"
 947      0D6740CC 
 947      5EB8DD2D 
 947      8F87D374 
 947      655C4D0D 
 948 080d 5CAF4838 		.ascii	"\\\257H81\0212\236\024~k\353\023/\363\265\303Go\260"
 948      3111329E 
 948      147E6BEB 
 948      132FF3B5 
 948      C3476FB0 
 949 0821 996FF397 		.ascii	"\231o\363\227\371\263I\376\215\360*h\223\377@\341\261"
 949      F9B349FE 
 949      8DF02A68 
 949      93FF40E1 
 949      B1
 950 0832 AAE10DF8 		.ascii	"\252\341\015\370\026)\252\273\326+o]\253px3#:\027\016"
 950      1629AABB 
 950      D62B6F5D 
 950      AB707833 
 950      233A170E 
 951 0846 58F3735F 		.ascii	"X\363s_J\377U~\276\242\372~\233\273.F\376J\177\361\305"
 951      4AFF557E 
 951      BEA2FA7E 
 951      9BBB2E46 
 951      FE4A7FF1 
 952 085b AC858BB3 		.ascii	"\254\205\213\2632s\024SNAA^\2019\357\025_\376+>\373"
 952      32731453 
 952      4E41415E 
 952      8139EF15 
 952      5FFE2B3E 
 953 0870 4B3905B9 		.ascii	"K9\005\271\353\263}\271\353s\254\271k}9\277)\310~\331"
 953      EBB37DB9 
 953      EB73ACB9 
 953      6B7D39BF 
 953      29C87ED9 
 954 0884 995F9097 		.ascii	"\231_\220\227\237W\340\313\315[\233\3752\375\371:\227"
 954      9F57E0CB 
 954      CD5B9BFD 
 954      32FDF93A 
 954      97
 955 0895 2F774DCE 		.ascii	"/wM\316:_\366\232\374\027\326\346\375\336\222\373k\337"
 955      3A5FF69A 
 955      FC17D6E6 
 955      FDDE92FB 
 955      6BDF
ARM GAS  /tmp/ccWNhpzT.s 			page 31


 956 08a7 9AFCF40C 		.ascii	"\232\374\364\014\371\275@~/\224\337\213\034\202\370"
 956      F9BD407E 
 956      2F94DF8B 
 956      1C82F8
 957 08b6 85826C5F 		.ascii	"\205\202l_\316\377\001\023\023-\317"
 957      CEFF0113 
 957      132DCF
 958              		.text
 959              		.section	.gnu.lto__ZN13PIDController5resetEv.16fed6444d8afcfe,"e",%progbits
 960 0000 789C9D90 		.ascii	"x\234\235\220\315+Da\024\306\317\363\276\327\270>c#"
 960      CD2B4461 
 960      14C6CFF3 
 960      BED7B83E 
 960      6323
 961 0012 C564AC64 		.ascii	"\305d\254dA\222\344/\220\245,\374\001\2032\273)\366"
 961      4192E42F 
 961      90A52CFC 
 961      018332BB 
 961      29F6
 962 0024 73679005 		.ascii	"sg\220\005\371(B\322UcR\310P6\276\257\357\217\225\224"
 962      F92842D2 
 962      556352C8 
 962      5036BEAF 
 962      EF8F9594 
 963 0038 050B0A49 		.ascii	"\005\013\012I\026&)\315\306\\\347\275\256\330Xp\352"
 963      162629CD 
 963      C65CE7BD 
 963      AED85870 
 963      EA
 964 0049 D6FBBCF7 		.ascii	"\326\373\274\367y\317\3579G'P\205 *%\242b\376H\022\204"
 964      79CFEF39 
 964      47275085 
 964      202A25A2 
 964      62FE4812 
 965 005e 6DDB212D 		.ascii	"m\333!-\254\013\3009\261%$\020\302\240\034\223\330\355"
 965      AC0BC039 
 965      B1252410 
 965      C2A01C93 
 965      D8ED
 966 0070 7D5815E5 		.ascii	"}X\025\345\263\006\2275\226\254\3502z\012MI4!\311-\254"
 966      B3069735 
 966      96ACE832 
 966      7A0A4D49 
 966      3421C92D 
 967 0085 A19C7DD7 		.ascii	"\241\234}\327\221\251d\366\2004%\240\261\0349]9\311"
 967      91A964F6 
 967      803425A0 
 967      B11C395D 
 967      39C9
 968 0097 5452C0C7 		.ascii	"TR\300\307\362\365\"q\227!\263@|\216w\317\335\247\227"
 968      F2F52271 
 968      9721B340 
 968      7C8E77CF 
 968      DDA797
 969 00aa C58CA188 		.ascii	"\305\214\241\210a\235\205E\203)%6!\271#6P\204u\024\021"
 969      619D8545 
 969      83292536 
ARM GAS  /tmp/ccWNhpzT.s 			page 32


 969      21B92336 
 969      50847514 
 970 00bf F15DDE8B 		.ascii	"\361]\336\213 l\241\214\324\233\333\345\324h\216Gs\261"
 970      206CA18C 
 970      D49BDBE5 
 970      D4688E47 
 970      73B1
 971 00d1 D8868743 		.ascii	"\330\206\207C\022\305\317\323,#e\367\032\326}\024\303"
 971      12C5CFD3 
 971      2C2365F7 
 971      1AD67D14 
 971      C3
 972 00e2 F51E9EC0 		.ascii	"\365\036\236\300y\321'\311v\253\204}\375R|K\320\023"
 972      79D127C9 
 972      76AB847D 
 972      FD527C4B 
 972      D013
 973 00f4 226F8FEF 		.ascii	"\"o\217\357\315\252\013\267\036\350J\\\353*\251\346"
 973      CDAA0BB7 
 973      1EE84A5C 
 973      EB2AA9E6 
 974 0104 A4B3AE96 		.ascii	"\244\263\256\226.sc\210\206y\340\351\002S\246M\361\010"
 974      2E736388 
 974      8679E0E9 
 974      0253A64D 
 974      F108
 975 0116 96CAC43F 		.ascii	"\226\312\304?\315\371\231\233\354\252E\265\014\237)"
 975      CDF9999B 
 975      ECAA45B5 
 975      0C9F29
 976 0125 3DD8410C 		.ascii	"=\330A\014\343\237\221vQ\305\206\205\275T\022\336IC"
 976      E39F9176 
 976      51C58685 
 976      BD5412DE 
 976      4943
 977 0137 5777EC20 		.ascii	"Ww\354 \354\301\373\011L5\271\300?\021\366\035\202\232"
 977      ECC1FB09 
 977      4C35B9C0 
 977      3F11F61D 
 977      829A
 978 0149 1507BF10 		.ascii	"\025\007\277\020\016\277\010v\343\177\010G\016A(\302"
 978      0EBF0876 
 978      E37F0847 
 978      0E4128C2 
 979 0159 F12F8413 		.ascii	"\361/\204\023&<#2\035\355\207\263zU}\022?WL\244\007"
 979      263C2332 
 979      1DED87B3 
 979      7A557D12 
 979      3F574CA4 
 980 016e 03AD952D 		.ascii	"\003\255\225-\301 i\235\355\201\216|WU\372\375u\325"
 980      C120699D 
 980      ED818E7C 
 980      5755FAFD 
 980      75D5
 981 0180 B575356D 		.ascii	"\265u5m\364\001\336+\317\035"
 981      F401DE2B 
 981      CF1D
ARM GAS  /tmp/ccWNhpzT.s 			page 33


 982              		.text
 983              		.section	.gnu.lto_.symbol_nodes.16fed6444d8afcfe,"e",%progbits
 984 0000 789CE360 		.ascii	"x\234\343``d\330\300\000\004L\214\365\014\377\241@\236"
 984      6064D8C0 
 984      00044C8C 
 984      F50CFFA1 
 984      409E
 985 0012 71C23906 		.ascii	"q\3029\006\206z\006\206}\215\216@y\220,S=#\206\354\254"
 985      867A0686 
 985      7D8D8E40 
 985      79902C53 
 985      3D2386EC 
 986 0027 0617A82C 		.ascii	"\006\027\250,s=\023\036\275,\365\314\270e\031Y\353Y"
 986      733D131E 
 986      BD2CF5CC 
 986      B8651959 
 986      EB59
 987 0039 50651918 		.ascii	"Pe\031\030\032\032\034\030\030\230\031\220\304\017\263"
 987      1A1A1C18 
 987      18981990 
 987      C40FB3
 988 0048 31332171 		.ascii	"13!q\225\031\000\350}L\357"
 988      951900E8 
 988      7D4CEF
 989              		.text
 990              		.section	.gnu.lto_.refs.16fed6444d8afcfe,"e",%progbits
 991 0000 789CE360 		.ascii	"x\234\343``d`c```dd\006\222\000\000\335\000\025"
 991      60646063 
 991      60606064 
 991      64069200 
 991      00DD0015 
 992              		.text
 993              		.section	.gnu.lto_.decls.16fed6444d8afcfe,"e",%progbits
 994 0000 789C9555 		.ascii	"x\234\225U[P\223G\024\376\317\277\334\022\022\260b\325"
 994      5B509347 
 994      14FECFBF 
 994      DC1212B0 
 994      62D5
 995 0012 D117C6C9 		.ascii	"\321\027\306\311T:V-\336\037:}Q\247\365A\207\227\276"
 995      543A562D 
 995      DE1F3A7D 
 995      51A7F541 
 995      8797BE
 996 0025 389D6130 		.ascii	"8\235a0\215\312\014\2304\004\306\231\276\374\204\213"
 996      8DCA0C98 
 996      3404C699 
 996      BEFC848B 
 997 0035 1644B156 		.ascii	"\026D\261V\254\240\210\014\"\275\210vDmUJ\020\271h\005"
 997      ACA0880C 
 997      22BD8876 
 997      446D554A 
 997      10B96805 
 998 0049 41012D4A 		.ascii	"A\001-J\270)\012\012(\010*\027\323\263\273\177\222?"
 998      B8290A0A 
 998      28082A17 
 998      D3B3BB7F 
 998      923F
ARM GAS  /tmp/ccWNhpzT.s 			page 34


 999 005b 90D4E9CE 		.ascii	"\220\324\351\316|\371\367\354~\347\234oO\366\022$\200"
 999      7CF9F7EC 
 999      7EE79C6F 
 999      4FF61224 
 999      80
 1000 006c E0500B42 		.ascii	"\340P\013B\006\010\302n\204\003\233\237 \010M\202\273"
 1000      0608C26E 
 1000      84039B9F 
 1000      20084D82 
 1000      BB
 1001 007d F9230610 		.ascii	"\371#\006\020/\020c\210\011\204C\230\331\036\240\277"
 1001      2F106388 
 1001      09844398 
 1001      D91EA0BF 
 1002 008d 06BFB311 		.ascii	"\006\277\263\021s\350\000\332\200\330\214\335\305\010"
 1002      73E800DA 
 1002      80D88CDD 
 1002      C508
 1003 009b 0DF60311 		.ascii	"\015\366\003\021\255\330\327\342\367\035~w\"T\010;\365"
 1003      ADD8D7E2 
 1003      F71D7E77 
 1003      2254083B 
 1003      F5
 1004 00ac 47B4219A 		.ascii	"G\264!\232\021\367\020-\210\373\210v\304C\004\221u<"
 1004      11F7102D 
 1004      88FB8876 
 1004      C4430491 
 1004      753C
 1005 00be F3917F00 		.ascii	"\363\221\177\000c\252\025\371i^\232\177\261\"\237 \347"
 1005      63AA15F9 
 1005      695E9A7F 
 1005      B1229F20 
 1005      E7
 1006 00cf 77E67D28 		.ascii	"w\346}(\347n\227\363\267\310\271\235:h~Q^\267\267\234"
 1006      E76E97F3 
 1006      B7C8B99D 
 1006      3A687E51 
 1006      5EB7B79C 
 1007 00e3 AFE99AE4 		.ascii	"\257\351\232\344x\316\2744\2473\317fYw\273\034\253\205"
 1007      78CEBC34 
 1007      A733CF66 
 1007      5977BB1C 
 1007      AB85
 1008 00f5 4FB11A4E 		.ascii	"O\261\032NoG\010\224<\237:\032\322\005\035\300\245\212"
 1008      6F470894 
 1008      3C9F3A1A 
 1008      D2051DC0 
 1008      A58A
 1009 0107 F20C301F 		.ascii	"\362\0140\037e\243\266\303\331\344:S\251\340\234\344"
 1009      65A3B6C3 
 1009      D9E43A53 
 1009      A9E09CE4 
 1010 0117 ACE96EEC 		.ascii	"\254\351n\354/\341\343\340\016/;\270\335\024\241=\""
 1010      2FE1E3E0 
 1010      0E2F3BB8 
 1010      DD14A13D 
 1010      22
ARM GAS  /tmp/ccWNhpzT.s 			page 35


 1011 0128 006DF457 		.ascii	"\000m\364W\311\226\203\362\310\014\"\310\232\301M\230"
 1011      C99683F2 
 1011      C80C22C8 
 1011      9AC14D98 
 1012 0138 A698C500 		.ascii	"\246\230\305\000\001\274i\024x\311xE\362\247\262N\204"
 1012      01BC6914 
 1012      78C97845 
 1012      F2A7B24E 
 1012      84
 1013 0149 744367B2 		.ascii	"tCg\262$I\235\237\303\207\331\341\350\204\343\345\205"
 1013      24499D9F 
 1013      C387D9E1 
 1013      E884E3E5 
 1013      85
 1014 015a B78AD564 		.ascii	"\267\212\325d\001\3537\\xzWEV\263\276}\264dJE\242X?"
 1014      01EB375C 
 1014      787A5745 
 1014      56B3BE7D 
 1014      B4644A45 
 1015 0171 BF663C97 		.ascii	"\277f<\227,?#\361\026\364\007\021\340/\340\241\365\301"
 1015      2C3F23F1 
 1015      16F40711 
 1015      E02FE0A1 
 1015      F5C1
 1016 0183 9470F854 		.ascii	"\224p\370Ti\021!\211\214\374\343\315\262\033\352\375"
 1016      69112189 
 1016      8CFCE3CD 
 1016      B21BEAFD 
 1017 0193 0466AB21 		.ascii	"\004f\253!\234\306\261\036\177\243\341\246\237bv\016"
 1017      9CC6B11E 
 1017      7FA3E1A6 
 1017      9F62760E 
 1018 01a3 9F7D3792 		.ascii	"\237}7\222>,\222\357\230\343\231\213\373\362\0029s>"
 1018      3E2C92EF 
 1018      98E3998B 
 1018      FBF20239 
 1018      733E
 1019 01b5 9AFD7FDE 		.ascii	"\232\375\177\336<\253%\031\300\346\236\244\376r\\$?"
 1019      3CAB2519 
 1019      C0E69EA4 
 1019      FE725C24 
 1019      3F
 1020 01c6 71E3644B 		.ascii	"q\343dK\243\0258q\026\232\355\305\3555\376\244\210\317"
 1020      A3153871 
 1020      169AEDC5 
 1020      ED35FEA4 
 1020      88CF
 1021 01d8 15D6571E 		.ascii	"\025\326W\036\001r\226\033\025\216\234\012?N\014B\363"
 1021      0172961B 
 1021      158E9C0A 
 1021      3F4E0C42 
 1021      F3
 1022 01e9 8EBDB42D 		.ascii	"\216\275\264-\204\\\340s\035\315\266\232\020R\311\215"
 1022      845CE073 
 1022      1DCDB69A 
 1022      1052C98D 
 1023 01f9 B4B463E3 		.ascii	"\264\264c\343\032R\305\215\273\247_\346\002\251\346"
ARM GAS  /tmp/ccWNhpzT.s 			page 36


 1023      1A52C58D 
 1023      BBA75FE6 
 1023      02A9E6
 1024 0208 C6ABB753 		.ascii	"\306\253\267S\343\204\324r\343\321\276\264IB\356q\303"
 1024      E384D472 
 1024      E3D1BEB4 
 1024      4942EE71 
 1024      C3
 1025 0219 5198DF14 		.ascii	"Q\230\337\024\312\203\353\320\274T>u2\220/\254@<B\202"
 1025      CA83EBD0 
 1025      BC543E75 
 1025      32902FAC 
 1025      403C4282 
 1026 022d 7F75B494 		.ascii	"\177u\264\224\205\202N\027\246\323E\350h+\244\265\263"
 1026      85824E17 
 1026      A6D345E8 
 1026      682BA4B5 
 1026      B3
 1027 023e 0D5DFDEC 		.ascii	"\015]\375\354|J\275\224\215\2117\007\303- \320\012a"
 1027      7C4ABD94 
 1027      8D893707 
 1027      C32D20D0 
 1027      0A61
 1028 0250 50050BE1 		.ascii	"P\005\013\341\032,\304?\361o\366[E\177\251\203\325\326"
 1028      1A2CC43F 
 1028      F16FF65B 
 1028      457FA983 
 1028      D5D6
 1029 0262 76FD23A9 		.ascii	"v\375#\251\350SJ\2761\203\\\347&\037\244\321\263\021"
 1029      E8534ABE 
 1029      31835CE7 
 1029      261FA4D1 
 1029      B311
 1030 0274 E027C05D 		.ascii	"\340'\300]d\334\301Q\370\007\"\230K\005,\007;\350\340"
 1030      64DCC151 
 1030      F8072298 
 1030      4B052C07 
 1030      3BE8E0
 1031 0287 01A20DD1 		.ascii	"\001\242\015\321\214\270\207hA\334G\264#\036\202\216"
 1031      8CB88768 
 1031      41DC47B4 
 1031      231E828E 
 1032 0297 FEA15CE6 		.ascii	"\376\241\\\3465W\326\233>\262F\272\024v\273\270\265"
 1032      3557D69B 
 1032      3EB246BA 
 1032      1476BBB8 
 1032      B5
 1033 02a8 33B8D52E 		.ascii	"3\270\325.n1\213k\377V`\214&d\242(\266\247\033\351V"
 1033      6E318B6B 
 1033      FF56608C 
 1033      2664A228 
 1033      B6A71BE9 
 1034 02bd E269C7CE 		.ascii	"\342i\307\316\2232\253-5\200\006\253\367Q\033gb\311"
 1034      9332AB2D 
 1034      358006AB 
 1034      F7511B67 
 1034      62C9
ARM GAS  /tmp/ccWNhpzT.s 			page 37


 1035 02cf D65FE54C 		.ascii	"\326_\345L\3340\203\273\\YF\253\3256V\346\237\313\""
 1035      DC3083BB 
 1035      5C5946AB 
 1035      D53656E6 
 1035      9FCB22
 1036 02e2 2F56C3F5 		.ascii	"/V\303\365\031\354\312iK\032,s\353\250\361\261(\327"
 1036      19ECCA69 
 1036      4B1A2C73 
 1036      EBA8F1B1 
 1036      28D7
 1037 02f4 7F24D9BA 		.ascii	"\177$\331\272]Bn{\027B#\343\036)\375m\342\234\332\017"
 1037      5D426E7B 
 1037      174223E3 
 1037      1E29FD6D 
 1037      E29CDA0F 
 1038 0308 6F0B4A4D 		.ascii	"o\013JM\364\243C]\247\037':G:\200\015ug\226\364\251"
 1038      F4A3435D 
 1038      A71F273A 
 1038      473A800D 
 1038      756796F4 
 1039 031d 9C639D7C 		.ascii	"\234c\235|\354v\177\351\036\215s\254\213\2179\006\212"
 1039      EC767FE9 
 1039      1E8D73AC 
 1039      8B8F3906 
 1039      8A
 1040 032e 2B839C63 		.ascii	"+\203\234c\335lL,\372\345\376D\010D\204\271\253\375"
 1040      DD6C4C2C 
 1040      FAE5FE44 
 1040      084484B9 
 1040      ABFD
 1041 0340 D85BB50F 		.ascii	"\330[\265\017\312GY\342\227\006<\302}\362\230\357\023"
 1041      CA4759E2 
 1041      97063CC2 
 1041      7DF298EF 
 1041      13
 1042 0351 F9BAF8E1 		.ascii	"\371\272\370\341Q\337.M\006\326B*H\221T_\262Y\367\242"
 1042      51DF2E4D 
 1042      06D6422A 
 1042      4891545F 
 1042      B259F7A2 
 1043 0365 7A41C369 		.ascii	"zA\303iG\363Z\353\002\230\006\034\202\036.,\275:\373"
 1043      47F35AEB 
 1043      0298061C 
 1043      821E2E2C 
 1043      BD3AFB
 1044 0378 8A969F0C 		.ascii	"\212\226\237\014Qq\\\347\360\343z9\2531+`~\016\333\257"
 1044      51715CE7 
 1044      F0E37A39 
 1044      AB312B60 
 1044      7E0EDBAF 
 1045 038c 29D22C91 		.ascii	")\322,\221y\366a\350\247,t?\314\027\340\011\335\305"
 1045      79F661E8 
 1045      A72C743F 
 1045      CC17E009 
 1045      DDC5
 1046 039e 58471A2D 		.ascii	"XG\032-+%\347y\310\242\002\251\023\027\364\244\\s2\245"
 1046      2B25E779 
ARM GAS  /tmp/ccWNhpzT.s 			page 38


 1046      C8A202A9 
 1046      1317F4A4 
 1046      5C7332A5 
 1047 03b2 B004377A 		.ascii	"\260\0047z8%\202M\261\260rv#\351\307\010uj:^\322\351"
 1047      3825824D 
 1047      B1B07276 
 1047      23E9C708 
 1047      756A3A5E 
 1048 03c8 4F46F949 		.ascii	"OF\371I\265[\263kU4\202M\2625\202\333\373\271\313\033"
 1048      B55BB36B 
 1048      5534824D 
 1048      B23582DB 
 1048      FBB9CB1B 
 1049 03dc 9EC122B8 		.ascii	"\236\301\"\270\212\001\340\012V\022.c\211\365\265(a"
 1049      8A01E00A 
 1049      56122E63 
 1049      89F5B528 
 1049      61
 1050 03ed 0016A1FF 		.ascii	"\000\026\241\377\211\013\223_\023I\344\267\233\375\320"
 1050      890B935F 
 1050      1349E4B7 
 1050      9BFDD0
 1051 03fc A086E471 		.ascii	"\240\206\344q\343Y\335\336\3375^\002\017)d\015\312\027"
 1051      E359DDDE 
 1051      DF355E02 
 1051      0F29640D 
 1051      CA17
 1052 040e 25BC60B1 		.ascii	"%\274`\261~\256\251\230\010 \305\334\377\350\211\352"
 1052      7EAEA998 
 1052      0820C5DC 
 1052      FFE889EA 
 1053 041e C16052CE 		.ascii	"\301`R\316\015/\233\303a{\325K\\\325\035\341\325\335"
 1053      0D2F9BC3 
 1053      617BD54B 
 1053      5CD51DE1 
 1053      D5DD
 1054 0430 5B909AE2 		.ascii	"[\220\232\342\247\254\037\322\335\345\033\245\345{\245"
 1054      A7AC1FD2 
 1054      DDE51BA5 
 1054      E57BA5
 1055 043f 28DF816B 		.ascii	"(\337\201k\347\222\203e\215\015\346\\\311fEG\221\362"
 1055      E7928365 
 1055      8D0DE65C 
 1055      C9664547 
 1055      91F2
 1056 0451 605821F3 		.ascii	"`X!\363\245\347\342'D\001\306\230\340C\225\223=\204"
 1056      A5E7E227 
 1056      4401C698 
 1056      E0439593 
 1056      3D84
 1057 0463 D4718DC3 		.ascii	"\324q\215\303\375\205]\241\244\207\033\2272*t.q\\pU"
 1057      FD855DA1 
 1057      A4871B97 
 1057      322A742E 
 1057      715C7055 
 1058 0477 EE811C51 		.ascii	"\356\201\034Q\251m\347\\\205\266q\252\355\255B\333\301"
 1058      A96DE75C 
ARM GAS  /tmp/ccWNhpzT.s 			page 39


 1058      85B671AA 
 1058      EDAD42DB 
 1058      C1
 1059 0488 B7FBFB09 		.ascii	"\267\373\373\011\325\326)\331zw\270\264!\017\336(\264"
 1059      D5D629D9 
 1059      7A77B8B4 
 1059      210FDE28 
 1059      B4
 1060 0499 BDF6D4D6 		.ascii	"\275\366\324\326\205\332&\230\266Su\015\207\374H\037"
 1060      85DA2698 
 1060      B653750D 
 1060      87FC481F 
 1061 04a9 9753D9D4 		.ascii	"\227S\331\324k\327\222Qn\034.\274\336\254\232w\330-"
 1061      6BD79251 
 1061      6E1C2EBC 
 1061      DEAC9A77 
 1061      D82D
 1062 04bb 048FBD5B 		.ascii	"\004\217\275[\310;\230'P\305l\013g\276\030:\026,\357"
 1062      C83B9827 
 1062      50C56C0B 
 1062      67BE183A 
 1062      162CEF
 1063 04ce AFA18E4F 		.ascii	"\257\241\216O\206\253\322mQ\214\002S\012\015\223\316"
 1063      86ABD26D 
 1063      518C0253 
 1063      0A0D93CE 
 1064 04de BFD1C132 		.ascii	"\277\321\3012_l\250\032\323(\317\207\347\241\227Dz>"
 1064      5F6CA81A 
 1064      D328CF87 
 1064      E7A19744 
 1064      7A3E
 1065 04f0 E807B9D5 		.ascii	"\350\007\271\325\027[G\210\223\233\352\213\233L\271"
 1065      175B4788 
 1065      939BEA8B 
 1065      9B4CB9
 1066 04ff EABCA7F9 		.ascii	"\352\274\247\371V\025\260\367\"\354\277\036\215=\342"
 1066      5615B0F7 
 1066      22ECBF1E 
 1066      8D3DE2
 1067 050e FF78343C 		.ascii	"\377x4<\311u\323o/\317\273\336\033\331\327]\357\311"
 1067      C975D36F 
 1067      2FCFBBDE 
 1067      1BD9D75D 
 1067      EFC9
 1068 0520 AD9E763D 		.ascii	"\255\236v=\017\273n\305z\037\212#}=\\\002\243\323:e"
 1068      0FBB6EC5 
 1068      7A1F8A23 
 1068      7D3D5C02 
 1068      A3D33A65 
 1069 0534 8A3AD88B 		.ascii	"\212:\330\213HGX\021\251\210\024D\032\"\003\361\275"
 1069      48475811 
 1069      A9881444 
 1069      1A2203F1 
 1069      BD
 1070 0545 A878B53C 		.ascii	"\250x\265<\037\004\317\214\357{\020<\331\357{\020\274"
 1070      1F04CF8C 
 1070      EF7B103C 
ARM GAS  /tmp/ccWNhpzT.s 			page 40


 1070      D9EF7B10 
 1070      BC
 1071 0556 ADDCE783 		.ascii	"\255\334\347\203\340E\210\374 L>\350N\016\320f\272\267"
 1071      E04588FC 
 1071      204C3EE8 
 1071      4E0ED066 
 1071      BAB7
 1072 0568 9127759F 		.ascii	"\221'u\237\250\025\370\007\271=\325\203#Z\345\226\243"
 1072      A815F807 
 1072      B93DD583 
 1072      235AE596 
 1072      A3
 1073 0579 5BD4CDCD 		.ascii	"[\324\315\315\342\333\210~H\344\032!(\306\034\237\264"
 1073      E2DB887E 
 1073      48E41A21 
 1073      28C61C9F 
 1073      B4
 1074 058a 7669BCA0 		.ascii	"vi\274\240\326\033\315\026\303\356\245\361+\205\005"
 1074      D61BCD16 
 1074      C3EEA5F1 
 1074      2B8505
 1075 0599 D15BB744 		.ascii	"\321[\267D\256\214\332\264a\275q\227\305l\214\2133\230"
 1075      AE8CDAB4 
 1075      61BD7197 
 1075      C56C8C8B 
 1075      3398
 1076 05ab D7AFD8B8 		.ascii	"\327\257\330\270\2356oS\253\370T\240)\366\233ez\223"
 1076      9D366F53 
 1076      ABF854A0 
 1076      29F69B65 
 1076      7A93
 1077 05bd 49FDC596 		.ascii	"I\375\305\226\257\302\327/Y\022\271J\370@\036Z\266m"
 1077      AFC2D72F 
 1077      5912B94A 
 1077      F8401E5A 
 1077      B66D
 1078 05cf DBBA156B 		.ascii	"\333\272\025k\326\2552\010\376\321\321zKx\210%6\336"
 1078      D6AD3208 
 1078      FED1D17A 
 1078      4B788825 
 1078      36DE
 1079 05e1 90608989 		.ascii	"\220`\211\2117E\233\314\206$m\354.\213a\2079&\216Y\301"
 1079      37459BCC 
 1079      86246DEC 
 1079      2E8B6187 
 1079      39268E59 
 1080 05f6 C6448B29 		.ascii	"\306D\213)\321\302\372j\203\331l4\263\256\177\\l|\254"
 1080      D1C2FA6A 
 1080      83D96C34 
 1080      B3AE7F5C 
 1080      6C7CAC
 1081 0609 C5396946 		.ascii	"\3059iF_\330\000\233 *t\232\034\255\207\025@\025\354"
 1081      5FD8009B 
 1081      202A749A 
 1081      1CAD8715 
 1081      4015EC
 1082 061c 14826421 		.ascii	"\024\202d!\202\232\346\217\336\026\223`\010\367\266"
ARM GAS  /tmp/ccWNhpzT.s 			page 41


 1082      829AE68F 
 1082      DE169360 
 1082      08F7B6
 1083 062b 9448BE14 		.ascii	"\224H\276\024\316\322\033\343M\341sg\262\364q\033\267"
 1083      CED21BE3 
 1083      4DE17367 
 1083      B2F4711B 
 1083      B7
 1084 063c AB8D2683 		.ascii	"\253\215&\2039\306b4G|\354%\316j\263!\301`\331\230\344"
 1084      39C66234 
 1084      477CEC25 
 1084      CE6AB321 
 1084      C160D998 
 1085 0651 CFBEC1D1 		.ascii	"\317\276\301\321[\327F\307\307\352\315\306\204\244@"
 1085      5BD746C7 
 1085      C7EACDC6 
 1085      84A440
 1086 0660 B9A3A515 		.ascii	"\271\243\245\025\210N\264\304\306%\240\274\177\001X"
 1086      884EB4C4 
 1086      C625A0BC 
 1086      7F0158
 1087 066f CFAA5A   		.ascii	"\317\252Z"
 1088              		.text
 1089              		.section	.gnu.lto_.symtab.16fed6444d8afcfe,"e",%progbits
 1090 0000 5F5A4E31 		.ascii	"_ZN13PIDControllerC2Efffff\000"
 1090      33504944 
 1090      436F6E74 
 1090      726F6C6C 
 1090      65724332 
 1091 001b 00       		.ascii	"\000"
 1092 001c 00       		.ascii	"\000"
 1093 001d 00       		.ascii	"\000"
 1094 001e 00000000 		.ascii	"\000\000\000\000\000\000\000\000"
 1094      00000000 
 1095 0026 ED000000 		.ascii	"\355\000\000\000"
 1096 002a 5F5A4E31 		.ascii	"_ZN13PIDControllerC1Efffff\000"
 1096      33504944 
 1096      436F6E74 
 1096      726F6C6C 
 1096      65724331 
 1097 0045 00       		.ascii	"\000"
 1098 0046 00       		.ascii	"\000"
 1099 0047 00       		.ascii	"\000"
 1100 0048 00000000 		.ascii	"\000\000\000\000\000\000\000\000"
 1100      00000000 
 1101 0050 F0000000 		.ascii	"\360\000\000\000"
 1102 0054 5F5A4E31 		.ascii	"_ZN13PIDControllerclEf\000"
 1102      33504944 
 1102      436F6E74 
 1102      726F6C6C 
 1102      6572636C 
 1103 006b 00       		.ascii	"\000"
 1104 006c 00       		.ascii	"\000"
 1105 006d 00       		.ascii	"\000"
 1106 006e 00000000 		.ascii	"\000\000\000\000\000\000\000\000"
 1106      00000000 
 1107 0076 F6000000 		.ascii	"\366\000\000\000"
ARM GAS  /tmp/ccWNhpzT.s 			page 42


 1108 007a 5F5A4E31 		.ascii	"_ZN13PIDController5resetEv\000"
 1108      33504944 
 1108      436F6E74 
 1108      726F6C6C 
 1108      65723572 
 1109 0095 00       		.ascii	"\000"
 1110 0096 00       		.ascii	"\000"
 1111 0097 00       		.ascii	"\000"
 1112 0098 00000000 		.ascii	"\000\000\000\000\000\000\000\000"
 1112      00000000 
 1113 00a0 FB000000 		.ascii	"\373\000\000\000"
 1114 00a4 5F5A375F 		.ascii	"_Z7_microsv\000"
 1114      6D696372 
 1114      6F737600 
 1115 00b0 00       		.ascii	"\000"
 1116 00b1 02       		.ascii	"\002"
 1117 00b2 00       		.ascii	"\000"
 1118 00b3 00000000 		.ascii	"\000\000\000\000\000\000\000\000"
 1118      00000000 
 1119 00bb FF000000 		.ascii	"\377\000\000\000"
 1120              		.text
 1121              		.section	.gnu.lto_.opts,"e",%progbits
 1122 0000 272D666E 		.ascii	"'-fno-openmp' '-fno-openacc' '-fno-pie' '-mcpu=cort"
 1122      6F2D6F70 
 1122      656E6D70 
 1122      2720272D 
 1122      666E6F2D 
 1123 0033 65782D6D 		.ascii	"ex-m3' '-mthumb' '-mfloat-abi=soft' '-march=armv7-m"
 1123      33272027 
 1123      2D6D7468 
 1123      756D6227 
 1123      20272D6D 
 1124 0066 2720272D 		.ascii	"' '-O0' '-fomit-frame-pointer' '-falign-functions=1"
 1124      4F302720 
 1124      272D666F 
 1124      6D69742D 
 1124      6672616D 
 1125 0099 36272027 		.ascii	"6' '-ffunction-sections' '-fdata-sections' '-fno-co"
 1125      2D666675 
 1125      6E637469 
 1125      6F6E2D73 
 1125      65637469 
 1126 00cc 6D6D6F6E 		.ascii	"mmon' '-flto' '-fno-exceptions'\000"
 1126      2720272D 
 1126      666C746F 
 1126      2720272D 
 1126      666E6F2D 
 1127              		.text
 1128              		.comm	__gnu_lto_v1,1,1
 1129              		.comm	__gnu_lto_slim,1,1
 1130              		.ident	"GCC: (GNU Arm Embedded Toolchain 9-2020-q2-update) 9.3.1 20200408 (release)"
ARM GAS  /tmp/ccWNhpzT.s 			page 43


DEFINED SYMBOLS
                            *ABS*:0000000000000000 pid.cpp
     /tmp/ccWNhpzT.s:18     .gnu.debuglto_.debug_info:0000000000000000 pid.cpp.bb82684e
                            *COM*:0000000000000001 __gnu_lto_v1
                            *COM*:0000000000000001 __gnu_lto_slim

NO UNDEFINED SYMBOLS
