ARM GAS  /tmp/ccedT2yX.s 			page 1


   1              		.cpu cortex-m3
   2              		.eabi_attribute 20, 1
   3              		.eabi_attribute 21, 1
   4              		.eabi_attribute 23, 3
   5              		.eabi_attribute 24, 1
   6              		.eabi_attribute 25, 1
   7              		.eabi_attribute 26, 1
   8              		.eabi_attribute 30, 6
   9              		.eabi_attribute 34, 1
  10              		.eabi_attribute 18, 4
  11              		.file	"time_utils.cpp"
  12              		.file 1 "time_utils.cpp"
  13              		.section	.gnu.debuglto_.debug_info,"e",%progbits
  14              	.Ldebug_info0:
  15              		.hidden	time_utils.cpp.86913bf2
  16              		.weak	time_utils.cpp.86913bf2
  17              	time_utils.cpp.86913bf2:
  18 0000 50000000 		.4byte	0x50
  19 0004 0400     		.2byte	0x4
  20 0006 00000000 		.4byte	.Ldebug_abbrev0
  21 000a 04       		.byte	0x4
  22 000b 01       		.uleb128 0x1
  23 000c 30000000 		.4byte	.LASF2
  24 0010 04       		.byte	0x4
  25 0011 00000000 		.4byte	.LASF3
  26 0015 1A010000 		.4byte	.LASF4
  27 0019 00000000 		.4byte	.Ldebug_line0
  28 001d 02       		.uleb128 0x2
  29 001e 04       		.byte	0x4
  30 001f 04       		.byte	0x4
  31 0020 1B000000 		.4byte	.LASF0
  32 0024 03       		.uleb128 0x3
  33 0025 21000000 		.4byte	.LASF5
  34 0029 01       		.byte	0x1
  35 002a 15       		.byte	0x15
  36 002b 0F       		.byte	0xf
  37 002c 0F000000 		.4byte	.LASF6
  38 0030 34000000 		.4byte	0x34
  39 0034 02       		.uleb128 0x2
  40 0035 04       		.byte	0x4
  41 0036 07       		.byte	0x7
  42 0037 2C010000 		.4byte	.LASF1
  43 003b 04       		.uleb128 0x4
  44 003c 29000000 		.4byte	.LASF7
  45 0040 01       		.byte	0x1
  46 0041 05       		.byte	0x5
  47 0042 06       		.byte	0x6
  48 0043 0F010000 		.4byte	.LASF8
  49 0047 05       		.uleb128 0x5
  50 0048 6D7300   		.ascii	"ms\000"
  51 004b 01       		.byte	0x1
  52 004c 05       		.byte	0x5
  53 004d 1B       		.byte	0x1b
  54 004e 34000000 		.4byte	0x34
  55 0052 00       		.byte	0
  56 0053 00       		.byte	0
  57              		.section	.gnu.debuglto_.debug_abbrev,"e",%progbits
ARM GAS  /tmp/ccedT2yX.s 			page 2


  58              	.Ldebug_abbrev0:
  59 0000 01       		.uleb128 0x1
  60 0001 11       		.uleb128 0x11
  61 0002 01       		.byte	0x1
  62 0003 25       		.uleb128 0x25
  63 0004 0E       		.uleb128 0xe
  64 0005 13       		.uleb128 0x13
  65 0006 0B       		.uleb128 0xb
  66 0007 03       		.uleb128 0x3
  67 0008 0E       		.uleb128 0xe
  68 0009 1B       		.uleb128 0x1b
  69 000a 0E       		.uleb128 0xe
  70 000b 10       		.uleb128 0x10
  71 000c 17       		.uleb128 0x17
  72 000d 00       		.byte	0
  73 000e 00       		.byte	0
  74 000f 02       		.uleb128 0x2
  75 0010 24       		.uleb128 0x24
  76 0011 00       		.byte	0
  77 0012 0B       		.uleb128 0xb
  78 0013 0B       		.uleb128 0xb
  79 0014 3E       		.uleb128 0x3e
  80 0015 0B       		.uleb128 0xb
  81 0016 03       		.uleb128 0x3
  82 0017 0E       		.uleb128 0xe
  83 0018 00       		.byte	0
  84 0019 00       		.byte	0
  85 001a 03       		.uleb128 0x3
  86 001b 2E       		.uleb128 0x2e
  87 001c 00       		.byte	0
  88 001d 3F       		.uleb128 0x3f
  89 001e 19       		.uleb128 0x19
  90 001f 03       		.uleb128 0x3
  91 0020 0E       		.uleb128 0xe
  92 0021 3A       		.uleb128 0x3a
  93 0022 0B       		.uleb128 0xb
  94 0023 3B       		.uleb128 0x3b
  95 0024 0B       		.uleb128 0xb
  96 0025 39       		.uleb128 0x39
  97 0026 0B       		.uleb128 0xb
  98 0027 6E       		.uleb128 0x6e
  99 0028 0E       		.uleb128 0xe
 100 0029 49       		.uleb128 0x49
 101 002a 13       		.uleb128 0x13
 102 002b 00       		.byte	0
 103 002c 00       		.byte	0
 104 002d 04       		.uleb128 0x4
 105 002e 2E       		.uleb128 0x2e
 106 002f 01       		.byte	0x1
 107 0030 3F       		.uleb128 0x3f
 108 0031 19       		.uleb128 0x19
 109 0032 03       		.uleb128 0x3
 110 0033 0E       		.uleb128 0xe
 111 0034 3A       		.uleb128 0x3a
 112 0035 0B       		.uleb128 0xb
 113 0036 3B       		.uleb128 0x3b
 114 0037 0B       		.uleb128 0xb
ARM GAS  /tmp/ccedT2yX.s 			page 3


 115 0038 39       		.uleb128 0x39
 116 0039 0B       		.uleb128 0xb
 117 003a 6E       		.uleb128 0x6e
 118 003b 0E       		.uleb128 0xe
 119 003c 00       		.byte	0
 120 003d 00       		.byte	0
 121 003e 05       		.uleb128 0x5
 122 003f 05       		.uleb128 0x5
 123 0040 00       		.byte	0
 124 0041 03       		.uleb128 0x3
 125 0042 08       		.uleb128 0x8
 126 0043 3A       		.uleb128 0x3a
 127 0044 0B       		.uleb128 0xb
 128 0045 3B       		.uleb128 0x3b
 129 0046 0B       		.uleb128 0xb
 130 0047 39       		.uleb128 0x39
 131 0048 0B       		.uleb128 0xb
 132 0049 49       		.uleb128 0x49
 133 004a 13       		.uleb128 0x13
 134 004b 00       		.byte	0
 135 004c 00       		.byte	0
 136 004d 00       		.byte	0
 137              		.section	.gnu.debuglto_.debug_line,"e",%progbits
 138              	.Ldebug_line0:
 139 0000 2C000000 		.4byte	.LELT0-.LSLT0
 140              	.LSLT0:
 141 0004 0400     		.2byte	0x4
 142 0006 26000000 		.4byte	.LELTP0-.LASLTP0
 143              	.LASLTP0:
 144 000a 01       		.byte	0x1
 145 000b 01       		.byte	0x1
 146 000c 01       		.byte	0x1
 147 000d F6       		.byte	0xf6
 148 000e F2       		.byte	0xf2
 149 000f 0D       		.byte	0xd
 150 0010 00       		.byte	0
 151 0011 01       		.byte	0x1
 152 0012 01       		.byte	0x1
 153 0013 01       		.byte	0x1
 154 0014 01       		.byte	0x1
 155 0015 00       		.byte	0
 156 0016 00       		.byte	0
 157 0017 00       		.byte	0
 158 0018 01       		.byte	0x1
 159 0019 00       		.byte	0
 160 001a 00       		.byte	0
 161 001b 01       		.byte	0x1
 162 001c 00       		.byte	0
 163 001d 74696D65 		.ascii	"time_utils.cpp\000"
 163      5F757469 
 163      6C732E63 
 163      707000
 164 002c 00       		.uleb128 0
 165 002d 00       		.uleb128 0
 166 002e 00       		.uleb128 0
 167 002f 00       		.byte	0
 168              	.LELTP0:
ARM GAS  /tmp/ccedT2yX.s 			page 4


 169              	.LELT0:
 170              		.section	.gnu.debuglto_.debug_str,"eMS",%progbits,1
 171              	.LASF3:
 172 0000 74696D65 		.ascii	"time_utils.cpp\000"
 172      5F757469 
 172      6C732E63 
 172      707000
 173              	.LASF6:
 174 000f 5F5A375F 		.ascii	"_Z7_microsv\000"
 174      6D696372 
 174      6F737600 
 175              	.LASF0:
 176 001b 666C6F61 		.ascii	"float\000"
 176      7400
 177              	.LASF5:
 178 0021 5F6D6963 		.ascii	"_micros\000"
 178      726F7300 
 179              	.LASF7:
 180 0029 5F64656C 		.ascii	"_delay\000"
 180      617900
 181              	.LASF2:
 182 0030 474E5520 		.ascii	"GNU C++14 9.3.1 20200408 (release) -mcpu=cortex-m3 "
 182      432B2B31 
 182      3420392E 
 182      332E3120 
 182      32303230 
 183 0063 2D6D7468 		.ascii	"-mthumb -mfloat-abi=soft -march=armv7-m -ggdb -O0 -"
 183      756D6220 
 183      2D6D666C 
 183      6F61742D 
 183      6162693D 
 184 0096 666F6D69 		.ascii	"fomit-frame-pointer -falign-functions=16 -ffunction"
 184      742D6672 
 184      616D652D 
 184      706F696E 
 184      74657220 
 185 00c9 2D736563 		.ascii	"-sections -fdata-sections -fno-common -flto -fno-rt"
 185      74696F6E 
 185      73202D66 
 185      64617461 
 185      2D736563 
 186 00fc 7469202D 		.ascii	"ti -fno-exceptions\000"
 186      666E6F2D 
 186      65786365 
 186      7074696F 
 186      6E7300
 187              	.LASF8:
 188 010f 5F5A365F 		.ascii	"_Z6_delaym\000"
 188      64656C61 
 188      796D00
 189              	.LASF4:
 190 011a 2F686F6D 		.ascii	"/home/sjo/strom32\000"
 190      652F736A 
 190      6F2F7374 
 190      726F6D33 
 190      3200
 191              	.LASF1:
ARM GAS  /tmp/ccedT2yX.s 			page 5


 192 012c 6C6F6E67 		.ascii	"long unsigned int\000"
 192      20756E73 
 192      69676E65 
 192      6420696E 
 192      7400
 193              		.text
 194              		.section	.gnu.lto_.inline.904bf424e07479d0,"e",%progbits
 195 0000 789CE360 		.ascii	"x\234\343``d\010c@\000&\006\006\326\206\206\206\005"
 195      60640863 
 195      40002606 
 195      06D68686 
 195      8605
 196 0012 CC694036 		.ascii	"\314i@6\023\220\325\300\224\302\300\300\302\320\010"
 196      1390D5C0 
 196      94C2C0C0 
 196      C2D008
 197 0021 64D53181 		.ascii	"d\3251\201\244\201\342\334@\202q\202\037#\221J\031\030"
 197      A481E2DC 
 197      40827182 
 197      1F23914A 
 197      1918
 198 0033 0025A010 		.ascii	"\000%\240\020Z"
 198      5A
 199              		.text
 200              		.section	.gnu.lto_.jmpfuncs.904bf424e07479d0,"e",%progbits
 201 0000 789CE360 		.ascii	"x\234\343``d\340b@\000&\020\301\010\"\000\001\367\000"
 201      6064E062 
 201      40002610 
 201      C1082200 
 201      01F700
 202 0013 17       		.ascii	"\027"
 203              		.text
 204              		.section	.gnu.lto__Z6_delaym.904bf424e07479d0,"e",%progbits
 205 0000 789C554F 		.ascii	"x\234UO\277KBa\024=\347\273Oy\206!\004A`PC!\016\011"
 205      BF4B4261 
 205      143DE7BB 
 205      4F798621 
 205      04416050 
 206 0018 1544FD05 		.ascii	"\025D\375\005\375\031AQ $\010\332\354\347Cp0jI\244H"
 206      FD194151 
 206      202408DA 
 206      ECE74370 
 206      306A49A4 
 207 002d 9E2091B4 		.ascii	"\236 \221\264D\340\322\357GS\205K\315\325\320\320\024"
 207      44E0D2EF 
 207      4753854B 
 207      CDD5D0D0 
 207      14
 208 003e 4D0D41E0 		.ascii	"M\015A\340\353\363!T\007.\334s9\367\234{m\020\223\004"
 208      EBF32154 
 208      072EDC73 
 208      39F79C7B 
 208      6D109304 
 209 0052 A6008C9A 		.ascii	"\246\000\214\232\202\200\312\367\375\202U\264\025\031"
 209      8280CAF7 
 209      FD8255B4 
 209      1519
ARM GAS  /tmp/ccedT2yX.s 			page 6


 210 0060 74465250 		.ascii	"tFRP,p[j\302\233\362\333\251J\036j\003\257v\024\323"
 210      2C705B6A 
 210      C29BF2DB 
 210      A94A1E6A 
 210      03AF7614 
 211 0075 2D8FAE00 		.ascii	"-\217\256\000\273\202>x\306\244\321\2758\365\257\350"
 211      BB823E78 
 211      C6A4D1BD 
 211      38F5AFE8 
 212 0085 96B8425A 		.ascii	"\226\270BZ\206\356\334\267\357\006zTq\334\320v\247R"
 212      86EEDCB7 
 212      EF067A54 
 212      71DCD076 
 212      A752
 213 0097 8DCA1061 		.ascii	"\215\312\020a\372\375\275\332s8q\240\265\243\275\247"
 213      FAFDBDDA 
 213      733871A0 
 213      B5A3BDA7 
 214 00a7 A6E80957 		.ascii	"\246\350\011W\204\227\024c\311\013\306y\3168`f\303\213"
 214      84971463 
 214      C90BC679 
 214      CE386066 
 214      C38B
 215 00b9 E01513E8 		.ascii	"\340\025\023\350\355\274\236t\253\203a\253\037\313k"
 215      EDBC9E74 
 215      AB8361AB 
 215      1FCB6B
 216 00c8 86CD91C0 		.ascii	"\206\315\221\300\361c\310\323]\277\254\275\317&\037"
 216      F163C8D3 
 216      5DBFACBD 
 216      CF261F
 217 00d7 2CCB7C10 		.ascii	",\313|\020lT\004~\037cF\267)\352\227\022\357,5\276o"
 217      6C54047E 
 217      1F6346B7 
 217      29EA9712 
 217      EF2C35BE 
 218 00ec 19B818EF 		.ascii	"\031\270\030\357z\253\343GJt\212\266+V\020@\217%\242"
 218      7AABE347 
 218      4A748AB6 
 218      2B561040 
 218      8F25A2
 219 00ff 2ECA9510 		.ascii	".\312\225\020>\3504\232\221@\334CE\370\327\032\210\345"
 219      3EE8349A 
 219      9140DC43 
 219      45F8D71A 
 219      88E5
 220 0111 D399D5A5 		.ascii	"\323\231\325\245\215|z=\227Z\311f\2412\271\221\377\243"
 220      8D7C7A3D 
 220      975AC966 
 220      A132B991 
 220      FFA3
 221 0123 D4FCDCC2 		.ascii	"\324\374\334\302\364\354\362\332\014~\000-\023z\237"
 221      F4ECF2DA 
 221      0C7E002D 
 221      137A9F
 222              		.text
 223              		.section	.gnu.lto__Z7_microsv.904bf424e07479d0,"e",%progbits
ARM GAS  /tmp/ccedT2yX.s 			page 7


 224 0000 789C6D4F 		.ascii	"x\234mO=KBa\024>\317=WQI$\032\035\022D\302\245_\320"
 224      3D4B4261 
 224      143ECF3D 
 224      57514924 
 224      1A1D1244 
 225 0018 0FE83F34 		.ascii	"\017\350?44D\203P d\263\257W\373\000\243\226J\212.\232"
 225      34448350 
 225      2064B3AF 
 225      57FB00A3 
 225      964A8A2E 
 226 002d 0EBA4550 		.ascii	"\016\272EPK\237\027\032\302p\251\321\241\241\251!\204"
 226      4B9F171A 
 226      C270A9D1 
 226      A1A1A921 
 226      84
 227 003e 86B0E9BE 		.ascii	"\206\260\351\276\235Wn\344\320\201\027\316s\336\347"
 227      9D576EE4 
 227      D08117CE 
 227      73DEE7
 228 004d E39C0881 		.ascii	"\343\234\010\201\026@4ID3\362\310&XZ\353\242]\212X\340"
 228      16403449 
 228      4433F2C8 
 228      26585AEB 
 228      A25D8A58 
 229 0062 A06360D4 		.ascii	"\240c`\324\011\271h1\212\330\343\032\343\325q\277'v"
 229      09B96831 
 229      8AD8E31A 
 229      E3D571BF 
 229      2776
 230 0074 B9CE045B 		.ascii	"\271\316\004[\340\376\323E7f \220\022\330\374|\270\214"
 230      E0FED345 
 230      37662090 
 230      12D8FC7C 
 230      B88C
 231 0086 67DB4A39 		.ascii	"g\333J9\312\253\365\347\232\345\215\371:[t$\354k$q\205"
 231      CAABF5E7 
 231      9AE58DF9 
 231      3A5B7424 
 231      EC6B2471 
 232 009b A48923DC 		.ascii	"\244\211#\334 K$\374\267s\377 \036\266\015\301\214o"
 232      204B24FC 
 232      B773FF20 
 232      1EB60DC1 
 232      8C6F
 233 00ad 11963482 		.ascii	"\021\2264\202\374l\266{n,\323R\352Py\203V\350\270\343"
 233      FC6CB67B 
 233      6E2CD352 
 233      EA507983 
 233      56E8B8E3 
 234 00c1 5552FF59 		.ascii	"UR\377Y\021\356\2209{\011y\312\327[Bu\320\322Q\233\311"
 234      11EE9039 
 234      7B0979CA 
 234      D75B4275 
 234      D0D2519B 
 235 00d6 70A9CAA4 		.ascii	"p\251\312\244\203\232\026\337\035\266\376 \350\003\345"
 235      839A16DF 
 235      1DB6FE20 
ARM GAS  /tmp/ccedT2yX.s 			page 8


 235      E803E5
 236 00e5 C6B06B99 		.ascii	"\306\260k\231T\227\315mn\247\247\243\0258\245H\235y"
 236      5497CD6D 
 236      6EA7A7A3 
 236      1538A548 
 236      9D79
 237 00f7 B412EE51 		.ascii	"\264\022\356Q\201x\331d\324<\246\306\2738\210\346\261"
 237      8178D964 
 237      D43CA6C6 
 237      BB3888E6 
 237      B1
 238 0108 FF759248 		.ascii	"\377u\222H\237*)\317\237R\333\"\015\005\347\214\266"
 238      9F2A29CF 
 238      9F52DB22 
 238      0D05E78C 
 238      B6
 239 0119 F390A601 		.ascii	"\363\220\246\001\234\306\360\3717\310\214\253\214\361"
 239      9CC6F0F9 
 239      37C88CAB 
 239      8CF1
 240 0127 C5881285 		.ascii	"\305\210\022\205\334\352\362\342z!\267\2626\273\224"
 240      DCEAF2E2 
 240      7A21B7B2 
 240      36BB94
 241 0136 CFD30F81 		.ascii	"\317\323\017\201\347\214\225"
 241      E78C95
 242              		.text
 243              		.section	.gnu.lto_.symbol_nodes.904bf424e07479d0,"e",%progbits
 244 0000 789CE360 		.ascii	"x\234\343``d\210b\000\002&\206z\206\377P \3178\341\034"
 244      60648862 
 244      00022686 
 244      7A86FF50 
 244      20CF38E1 
 245 0015 0390CFB0 		.ascii	"\003\220\317\260\257\321\021(\017\222e\254g\304-\313"
 245      AFD11128 
 245      0F9265AC 
 245      67C42DCB 
 246 0025 CC80A455 		.ascii	"\314\200\244U\231\231\021I\2512\003\000\025\342(\322"
 246      99991149 
 246      A9320300 
 246      15E228D2 
 247              		.text
 248              		.section	.gnu.lto_.refs.904bf424e07479d0,"e",%progbits
 249 0000 789CE360 		.ascii	"x\234\343``\004B \000\000\000]\000\013"
 249      60044220 
 249      0000005D 
 249      000B
 250              		.text
 251              		.section	.gnu.lto_.decls.904bf424e07479d0,"e",%progbits
 252 0000 789C6D50 		.ascii	"x\234mP]HSa\030\376\236\363\035t\236\375(\2622\362f"
 252      5D485361 
 252      18FE9EF3 
 252      1D749EFD 
 252      28B232F2 
 253 0015 48E185A8 		.ascii	"H\341\205\250,C\213 /\272\250\253\356\202\360f\330Z"
 253      2C438B20 
 253      2FBAA8AB 
ARM GAS  /tmp/ccedT2yX.s 			page 9


 253      EE82F066 
 253      D85A
 254 0027 38F03099 		.ascii	"8\3600\231\233\024\335|M\013*\262EId\177\026\025\022"
 254      9B14DD7C 
 254      4D0B2AB2 
 254      4549647F 
 254      161512
 255 003a 29055D48 		.ascii	")\005]H\3663\335\326\346\017\222a\2676\015\202 \026"
 255      F633DDD6 
 255      E60F9261 
 255      B7360D82 
 255      2016
 256 004c 19443F88 		.ascii	"\031D?\210\275\347G\367\223/<\347\373\336\363>\317s"
 256      BDE747F7 
 256      932F3CE7 
 256      FBDEF33E 
 256      CF73
 257 005e 9EF35A18 		.ascii	"\236\363Z\030\230\314\031\2130\306\036\020\326\250\250"
 257      98CC198B 
 257      30C61E10 
 257      D6A8A8
 258 006d 65F32C57 		.ascii	"e\363,W\022!AH\263\377\353<\030+\241\263\203PIp\022"
 258      12214148 
 258      B3FFEB3C 
 258      182BA1B3 
 258      83504970 
 259 0082 6A093384 		.ascii	"j\0113\204\270\311\201\251/\256+\2466_7KH\231~\353\332"
 259      B8C981A9 
 259      2FAE2BA6 
 259      365F374B 
 259      48997EEB 
 260 0097 CDBE7B9D 		.ascii	"\315\276{\235c\370\353\352\015\307\022>\302\340I\033"
 260      63F8EBEA 
 260      0DC7123E 
 260      C2E0491B 
 261 00a7 0A147161 		.ascii	"\012\024qa\376\227^\324\300 HX\037\032\254b\23162\331"
 261      FE975ED4 
 261      C0204858 
 261      1F1AAC62 
 261      993632D9 
 262 00bb C8D99B82 		.ascii	"\310\331\233\202\234,\317\272\300\001Zi\317|\266ij8"
 262      9C2CCFBA 
 262      C0015A69 
 262      CF7CB669 
 262      6A38
 263 00cd EB906066 		.ascii	"\353\220`fF\216P\224X\367\000\303f\031\251\370\306F"
 263      468E5094 
 263      58F700C3 
 263      6619A9F8 
 263      C646
 264 00df EEAC5EBA 		.ascii	"\356\254^\272\353XF\346\214\020\"\263\037[\242.\022"
 264      EB5846E6 
 264      8C1022B3 
 264      1F5BA22E 
 264      12
 265 00f0 D1FB6F2B 		.ascii	"\321\373o+\321\214\314\267\353\367\276\370\352\230\215"
 265      D18CCCB7 
ARM GAS  /tmp/ccedT2yX.s 			page 10


 265      EBF7BEF8 
 265      EA988D
 266 00ff EFD4EFD9 		.ascii	"\357\324\357\331\307g\237\361\306\021a\224\245\223\341"
 266      C7679FF1 
 266      C6116194 
 266      A593E1
 267 010e 150CB756 		.ascii	"\025\014\267V\2536\277\374e\254_\342Gu\356\350\223\277"
 267      AB36BFFC 
 267      65AC5FE2 
 267      4775EEE8 
 267      93BF
 268 0120 4F1599B6 		.ascii	"O\025\231\266\200Z\005aY{u.\031\035\267\367sT*\220\250"
 268      805A0561 
 268      597B752E 
 268      191DB7F7 
 268      73542A90 
 269 0135 BDF7E15D 		.ascii	"\275\367\341]\004\324:\025TP\373>\236\036)\257\032\320"
 269      04D43A15 
 269      5450FB3E 
 269      9E1E29AF 
 269      1AD0
 270 0147 9CA3BDA2 		.ascii	"\234\243\275\242BB\307VL\242\032\023\250&\2238\252\030"
 270      4242C756 
 270      4CA21A13 
 270      A8269338 
 270      AA18
 271 0159 62908DE0 		.ascii	"b\220\215\340}\337\263\267Jk\206D&&bk7\235\217z\305"
 271      7DDFB3B7 
 271      4A6B8644 
 271      2626626B 
 271      379D8F7A 
 272 016e 30C95C1A 		.ascii	"0\311\\\032\013o\300\361\032\215\372j^R<\214c\031x\201"
 272      0B6FC0F1 
 272      1A8DFA6A 
 272      5E523C8C 
 272      63197881 
 273 0182 25B4EE63 		.ascii	"%\264\356cH\240\206\364\017\323sWe\036\320\203N\314"
 273      48A086F4 
 273      0FD37357 
 273      651ED083 
 273      4ECC
 274 0194 7F5EB4F3 		.ascii	"\177^\264\363\323\372}\340~b\241,?\003e\317eHi\031\302"
 274      D3FA7DE0 
 274      7E62A12C 
 274      3F0365CF 
 274      65486919 
 275 01a9 66848B83 		.ascii	"f\204\213\203\177~[\314\010\331\025>(b\021RI\032\011"
 275      7F7E5BCC 
 275      08D9153E 
 275      28621152 
 275      491A09
 276 01bc 6FF32224 		.ascii	"o\363\"$\013#\354`H\353\021\026#\267\177\331\214e\310"
 276      0B23EC60 
 276      48EB1116 
 276      23B77FD9 
 276      8C65C8
 277 01cf D45E9B7E 		.ascii	"\324^\233~>\245\030\313pQ;\2710\372\323j\273 DD\014"
ARM GAS  /tmp/ccedT2yX.s 			page 11


 277      3EA518CB 
 277      70513BB9 
 277      30FAD36A 
 277      BB204444 
 278 01e4 F58AB243 		.ascii	"\365\212\262C\372\237MS\222)=\311\014l\3148\210\373"
 278      FA9F4D53 
 278      92293DC9 
 278      0C6CCC38 
 278      88FB
 279 01f6 2999FD61 		.ascii	")\231\375a\317\347\246\012\270\263\006W;\270\273\231"
 279      CFE7A60A 
 279      B8B30657 
 279      3BB8BB99 
 280 0206 59DA836A 		.ascii	"Y\332\203jOK\275\312\024o \030\362\235\254W\233\230"
 280      4F4BBDCA 
 280      146F2018 
 280      F29DAC57 
 280      9B98
 281 0218 E2696BF6 		.ascii	"\342ik\366\034\367u\266\237R\035!\277\352\363\204C\376"
 281      1CF775B6 
 281      9F521D21 
 281      BFEAF384 
 281      43FE
 282 022a CEEE066F 		.ascii	"\316\356\006oW\227r\360\360\021\327\201\272:\367n\266"
 282      579772F0 
 282      F011D781 
 282      BA3AF76E 
 282      B6
 283 023b AD70D2B0 		.ascii	"\255p\322\260\247y\257\273\351\330\211]\254\304\220"
 283      A779AFBB 
 283      E9D8895D 
 283      ACC490
 284 024a 9617CE99 		.ascii	"\226\027\316\231\325\323\326\342Q\375\336`\240\273\247"
 284      D5D3D6E2 
 284      51FDDE60 
 284      A0BBA7
 285 0259 D4BCFC03 		.ascii	"\324\274\374\003\271\025\360)"
 285      B915F029 
 286              		.text
 287              		.section	.gnu.lto_.symtab.904bf424e07479d0,"e",%progbits
 288 0000 5F5A365F 		.ascii	"_Z6_delaym\000"
 288      64656C61 
 288      796D00
 289 000b 00       		.ascii	"\000"
 290 000c 00       		.ascii	"\000"
 291 000d 00       		.ascii	"\000"
 292 000e 00000000 		.ascii	"\000\000\000\000\000\000\000\000"
 292      00000000 
 293 0016 C4000000 		.ascii	"\304\000\000\000"
 294 001a 5F5A375F 		.ascii	"_Z7_microsv\000"
 294      6D696372 
 294      6F737600 
 295 0026 00       		.ascii	"\000"
 296 0027 00       		.ascii	"\000"
 297 0028 00       		.ascii	"\000"
 298 0029 00000000 		.ascii	"\000\000\000\000\000\000\000\000"
 298      00000000 
ARM GAS  /tmp/ccedT2yX.s 			page 12


 299 0031 C8000000 		.ascii	"\310\000\000\000"
 300              		.text
 301              		.section	.gnu.lto_.opts,"e",%progbits
 302 0000 272D666E 		.ascii	"'-fno-openmp' '-fno-openacc' '-fno-pie' '-mcpu=cort"
 302      6F2D6F70 
 302      656E6D70 
 302      2720272D 
 302      666E6F2D 
 303 0033 65782D6D 		.ascii	"ex-m3' '-mthumb' '-mfloat-abi=soft' '-march=armv7-m"
 303      33272027 
 303      2D6D7468 
 303      756D6227 
 303      20272D6D 
 304 0066 2720272D 		.ascii	"' '-O0' '-fomit-frame-pointer' '-falign-functions=1"
 304      4F302720 
 304      272D666F 
 304      6D69742D 
 304      6672616D 
 305 0099 36272027 		.ascii	"6' '-ffunction-sections' '-fdata-sections' '-fno-co"
 305      2D666675 
 305      6E637469 
 305      6F6E2D73 
 305      65637469 
 306 00cc 6D6D6F6E 		.ascii	"mmon' '-flto' '-fno-exceptions'\000"
 306      2720272D 
 306      666C746F 
 306      2720272D 
 306      666E6F2D 
 307              		.text
 308              		.comm	__gnu_lto_v1,1,1
 309              		.comm	__gnu_lto_slim,1,1
 310              		.ident	"GCC: (GNU Arm Embedded Toolchain 9-2020-q2-update) 9.3.1 20200408 (release)"
ARM GAS  /tmp/ccedT2yX.s 			page 13


DEFINED SYMBOLS
                            *ABS*:0000000000000000 time_utils.cpp
     /tmp/ccedT2yX.s:17     .gnu.debuglto_.debug_info:0000000000000000 time_utils.cpp.86913bf2
                            *COM*:0000000000000001 __gnu_lto_v1
                            *COM*:0000000000000001 __gnu_lto_slim

NO UNDEFINED SYMBOLS
